2023-12-04T13:56:20.142+02:00  INFO 3996 --- [main] app.config.ConfigServer                  : Starting ConfigServer using Java 19.0.1 with PID 3996 (D:\MavenLibraries\MavenProjects\Emergency-Notification-System\config\target\classes started by lesko in D:\MavenLibraries\MavenProjects\Emergency-Notification-System)
2023-12-04T13:56:20.143+02:00 DEBUG 3996 --- [main] app.config.ConfigServer                  : Running with Spring Boot v3.1.2, Spring v6.0.11
2023-12-04T13:56:20.143+02:00  INFO 3996 --- [main] app.config.ConfigServer                  : The following 1 profile is active: "native"
2023-12-04T13:56:20.751+02:00  INFO 3996 --- [main] o.s.cloud.context.scope.GenericScope     : BeanFactory id=6d7ce619-cd58-36e3-8134-6de88646ea65
2023-12-04T13:56:20.945+02:00  INFO 3996 --- [main] o.s.b.w.embedded.tomcat.TomcatWebServer  : Tomcat initialized with port(s): 8888 (http)
2023-12-04T13:56:20.951+02:00  INFO 3996 --- [main] o.apache.catalina.core.StandardService   : Starting service [Tomcat]
2023-12-04T13:56:20.952+02:00  INFO 3996 --- [main] o.apache.catalina.core.StandardEngine    : Starting Servlet engine: [Apache Tomcat/10.1.11]
2023-12-04T13:56:21.015+02:00  INFO 3996 --- [main] o.a.c.c.C.[Tomcat].[localhost].[/]       : Initializing Spring embedded WebApplicationContext
2023-12-04T13:56:21.016+02:00  INFO 3996 --- [main] w.s.c.ServletWebServerApplicationContext : Root WebApplicationContext: initialization completed in 835 ms
2023-12-04T13:56:21.578+02:00  INFO 3996 --- [main] o.s.b.w.embedded.tomcat.TomcatWebServer  : Tomcat started on port(s): 8888 (http) with context path ''
2023-12-04T13:56:21.680+02:00  INFO 3996 --- [main] app.config.ConfigServer                  : Started ConfigServer in 2.005 seconds (process running for 2.479)
2023-12-04T13:57:40.000+02:00  INFO 3120 --- [main] app.config.ConfigServer                  : Starting ConfigServer using Java 19.0.1 with PID 3120 (D:\MavenLibraries\MavenProjects\Emergency-Notification-System\config\target\classes started by lesko in D:\MavenLibraries\MavenProjects\Emergency-Notification-System)
2023-12-04T13:57:40.001+02:00  INFO 3120 --- [main] app.config.ConfigServer                  : The following 2 profiles are active: "common", "native"
2023-12-04T13:57:40.537+02:00  INFO 3120 --- [main] o.s.cloud.context.scope.GenericScope     : BeanFactory id=6d7ce619-cd58-36e3-8134-6de88646ea65
2023-12-04T13:57:40.730+02:00  INFO 3120 --- [main] o.s.b.w.embedded.tomcat.TomcatWebServer  : Tomcat initialized with port(s): 8888 (http)
2023-12-04T13:57:40.736+02:00  INFO 3120 --- [main] o.apache.catalina.core.StandardService   : Starting service [Tomcat]
2023-12-04T13:57:40.736+02:00  INFO 3120 --- [main] o.apache.catalina.core.StandardEngine    : Starting Servlet engine: [Apache Tomcat/10.1.11]
2023-12-04T13:57:40.794+02:00  INFO 3120 --- [main] o.a.c.c.C.[Tomcat].[localhost].[/]       : Initializing Spring embedded WebApplicationContext
2023-12-04T13:57:40.794+02:00  INFO 3120 --- [main] w.s.c.ServletWebServerApplicationContext : Root WebApplicationContext: initialization completed in 760 ms
2023-12-04T13:57:41.310+02:00  INFO 3120 --- [main] o.s.b.w.embedded.tomcat.TomcatWebServer  : Tomcat started on port(s): 8888 (http) with context path ''
2023-12-04T13:57:41.411+02:00  INFO 3120 --- [main] app.config.ConfigServer                  : Started ConfigServer in 1.874 seconds (process running for 2.317)
2023-12-04T14:00:22.566+02:00  INFO 13192 --- [main] app.config.ConfigServer                  : Starting ConfigServer using Java 19.0.1 with PID 13192 (D:\MavenLibraries\MavenProjects\Emergency-Notification-System\config\target\classes started by lesko in D:\MavenLibraries\MavenProjects\Emergency-Notification-System)
2023-12-04T14:00:22.568+02:00  INFO 13192 --- [main] app.config.ConfigServer                  : The following 2 profiles are active: "common", "native"
2023-12-04T14:00:23.243+02:00  INFO 13192 --- [main] o.s.cloud.context.scope.GenericScope     : BeanFactory id=6d7ce619-cd58-36e3-8134-6de88646ea65
2023-12-04T14:00:23.477+02:00  INFO 13192 --- [main] o.s.b.w.embedded.tomcat.TomcatWebServer  : Tomcat initialized with port(s): 8888 (http)
2023-12-04T14:00:23.486+02:00  INFO 13192 --- [main] o.apache.catalina.core.StandardService   : Starting service [Tomcat]
2023-12-04T14:00:23.486+02:00  INFO 13192 --- [main] o.apache.catalina.core.StandardEngine    : Starting Servlet engine: [Apache Tomcat/10.1.11]
2023-12-04T14:00:23.557+02:00  INFO 13192 --- [main] o.a.c.c.C.[Tomcat].[localhost].[/]       : Initializing Spring embedded WebApplicationContext
2023-12-04T14:00:23.558+02:00  INFO 13192 --- [main] w.s.c.ServletWebServerApplicationContext : Root WebApplicationContext: initialization completed in 945 ms
2023-12-04T14:00:24.125+02:00  INFO 13192 --- [main] o.s.b.w.embedded.tomcat.TomcatWebServer  : Tomcat started on port(s): 8888 (http) with context path ''
2023-12-04T14:00:24.225+02:00  INFO 13192 --- [main] app.config.ConfigServer                  : Started ConfigServer in 2.133 seconds (process running for 2.62)
2023-12-04T14:01:34.222+02:00  INFO 13192 --- [http-nio-8888-exec-1] o.a.c.c.C.[Tomcat].[localhost].[/]       : Initializing Spring DispatcherServlet 'dispatcherServlet'
2023-12-04T14:01:34.222+02:00  INFO 13192 --- [http-nio-8888-exec-1] o.s.web.servlet.DispatcherServlet        : Initializing Servlet 'dispatcherServlet'
2023-12-04T14:01:34.224+02:00  INFO 13192 --- [http-nio-8888-exec-1] o.s.web.servlet.DispatcherServlet        : Completed initialization in 1 ms
2023-12-04T14:01:34.277+02:00  INFO 13192 --- [http-nio-8888-exec-1] o.s.c.c.s.e.NativeEnvironmentRepository  : Adding property source: Config resource 'class path resource [configurations/contact.yaml]' via location 'classpath:/configurations/'
2023-12-04T14:01:34.380+02:00  INFO 13192 --- [http-nio-8888-exec-2] o.s.c.c.s.e.NativeEnvironmentRepository  : Adding property source: Config resource 'class path resource [configurations/contact.yaml]' via location 'classpath:/configurations/'
2023-12-04T14:01:34.393+02:00  INFO 13192 --- [http-nio-8888-exec-4] o.s.c.c.s.e.NativeEnvironmentRepository  : Adding property source: Config resource 'class path resource [configurations/contact.yaml]' via location 'classpath:/configurations/'
2023-12-04T14:11:22.168+02:00  INFO 9928 --- [main] app.config.ConfigServer                  : Starting ConfigServer using Java 19.0.1 with PID 9928 (D:\MavenLibraries\MavenProjects\Emergency-Notification-System\config\target\classes started by lesko in D:\MavenLibraries\MavenProjects\Emergency-Notification-System)
2023-12-04T14:11:22.169+02:00 DEBUG 9928 --- [main] app.config.ConfigServer                  : Running with Spring Boot v3.1.2, Spring v6.0.11
2023-12-04T14:11:22.170+02:00  INFO 9928 --- [main] app.config.ConfigServer                  : The following 1 profile is active: "native"
2023-12-04T14:11:22.758+02:00  INFO 9928 --- [main] o.s.cloud.context.scope.GenericScope     : BeanFactory id=6d7ce619-cd58-36e3-8134-6de88646ea65
2023-12-04T14:11:22.952+02:00  INFO 9928 --- [main] o.s.b.w.embedded.tomcat.TomcatWebServer  : Tomcat initialized with port(s): 8888 (http)
2023-12-04T14:11:22.959+02:00  INFO 9928 --- [main] o.apache.catalina.core.StandardService   : Starting service [Tomcat]
2023-12-04T14:11:22.959+02:00  INFO 9928 --- [main] o.apache.catalina.core.StandardEngine    : Starting Servlet engine: [Apache Tomcat/10.1.11]
2023-12-04T14:11:23.020+02:00  INFO 9928 --- [main] o.a.c.c.C.[Tomcat].[localhost].[/]       : Initializing Spring embedded WebApplicationContext
2023-12-04T14:11:23.020+02:00  INFO 9928 --- [main] w.s.c.ServletWebServerApplicationContext : Root WebApplicationContext: initialization completed in 813 ms
2023-12-04T14:11:23.544+02:00  INFO 9928 --- [main] o.s.b.w.embedded.tomcat.TomcatWebServer  : Tomcat started on port(s): 8888 (http) with context path ''
2023-12-04T14:11:23.647+02:00  INFO 9928 --- [main] app.config.ConfigServer                  : Started ConfigServer in 2.064 seconds (process running for 2.689)
2023-12-04T14:19:11.898+02:00  INFO 9928 --- [http-nio-8888-exec-1] o.a.c.c.C.[Tomcat].[localhost].[/]       : Initializing Spring DispatcherServlet 'dispatcherServlet'
2023-12-04T14:19:11.899+02:00  INFO 9928 --- [http-nio-8888-exec-1] o.s.web.servlet.DispatcherServlet        : Initializing Servlet 'dispatcherServlet'
2023-12-04T14:19:11.900+02:00  INFO 9928 --- [http-nio-8888-exec-1] o.s.web.servlet.DispatcherServlet        : Completed initialization in 1 ms
2023-12-04T14:19:11.952+02:00  INFO 9928 --- [http-nio-8888-exec-1] o.s.c.c.s.e.NativeEnvironmentRepository  : Adding property source: Config resource 'class path resource [configurations/contact.yaml]' via location 'classpath:/configurations/'
2023-12-04T14:19:12.058+02:00  INFO 9928 --- [http-nio-8888-exec-2] o.s.c.c.s.e.NativeEnvironmentRepository  : Adding property source: Config resource 'class path resource [configurations/contact.yaml]' via location 'classpath:/configurations/'
2023-12-04T14:19:12.071+02:00  INFO 9928 --- [http-nio-8888-exec-3] o.s.c.c.s.e.NativeEnvironmentRepository  : Adding property source: Config resource 'class path resource [configurations/contact.yaml]' via location 'classpath:/configurations/'
2023-12-04T14:19:21.870+02:00  INFO 9928 --- [http-nio-8888-exec-4] o.s.c.c.s.e.NativeEnvironmentRepository  : Adding property source: Config resource 'class path resource [configurations/discovery.yaml]' via location 'classpath:/configurations/'
2023-12-04T14:19:21.946+02:00  INFO 9928 --- [http-nio-8888-exec-5] o.s.c.c.s.e.NativeEnvironmentRepository  : Adding property source: Config resource 'class path resource [configurations/discovery.yaml]' via location 'classpath:/configurations/'
2023-12-04T14:19:21.960+02:00  INFO 9928 --- [http-nio-8888-exec-6] o.s.c.c.s.e.NativeEnvironmentRepository  : Adding property source: Config resource 'class path resource [configurations/discovery.yaml]' via location 'classpath:/configurations/'
2023-12-04T14:19:34.667+02:00  INFO 9928 --- [http-nio-8888-exec-8] o.s.c.c.s.e.NativeEnvironmentRepository  : Adding property source: Config resource 'class path resource [configurations/telegram.yaml]' via location 'classpath:/configurations/'
2023-12-04T14:19:39.338+02:00  INFO 9928 --- [http-nio-8888-exec-9] o.s.c.c.s.e.NativeEnvironmentRepository  : Adding property source: Config resource 'class path resource [configurations/contact.yaml]' via location 'classpath:/configurations/'
2023-12-04T14:19:39.414+02:00  INFO 9928 --- [http-nio-8888-exec-10] o.s.c.c.s.e.NativeEnvironmentRepository  : Adding property source: Config resource 'class path resource [configurations/contact.yaml]' via location 'classpath:/configurations/'
2023-12-04T14:19:39.427+02:00  INFO 9928 --- [http-nio-8888-exec-1] o.s.c.c.s.e.NativeEnvironmentRepository  : Adding property source: Config resource 'class path resource [configurations/contact.yaml]' via location 'classpath:/configurations/'
2023-12-04T14:19:51.815+02:00  INFO 9928 --- [http-nio-8888-exec-8] o.s.c.c.s.e.NativeEnvironmentRepository  : Adding property source: Config resource 'class path resource [configurations/notification.yaml]' via location 'classpath:/configurations/'
2023-12-04T14:19:51.894+02:00  INFO 9928 --- [http-nio-8888-exec-9] o.s.c.c.s.e.NativeEnvironmentRepository  : Adding property source: Config resource 'class path resource [configurations/notification.yaml]' via location 'classpath:/configurations/'
2023-12-04T14:19:51.911+02:00  INFO 9928 --- [http-nio-8888-exec-10] o.s.c.c.s.e.NativeEnvironmentRepository  : Adding property source: Config resource 'class path resource [configurations/notification.yaml]' via location 'classpath:/configurations/'
2023-12-04T14:19:56.102+02:00  INFO 9928 --- [http-nio-8888-exec-1] o.s.c.c.s.e.NativeEnvironmentRepository  : Adding property source: Config resource 'class path resource [configurations/security.yaml]' via location 'classpath:/configurations/'
2023-12-04T14:19:56.180+02:00  INFO 9928 --- [http-nio-8888-exec-2] o.s.c.c.s.e.NativeEnvironmentRepository  : Adding property source: Config resource 'class path resource [configurations/security.yaml]' via location 'classpath:/configurations/'
2023-12-04T14:19:56.196+02:00  INFO 9928 --- [http-nio-8888-exec-3] o.s.c.c.s.e.NativeEnvironmentRepository  : Adding property source: Config resource 'class path resource [configurations/security.yaml]' via location 'classpath:/configurations/'
2023-12-04T14:20:01.149+02:00  INFO 9928 --- [http-nio-8888-exec-4] o.s.c.c.s.e.NativeEnvironmentRepository  : Adding property source: Config resource 'class path resource [configurations/send.yaml]' via location 'classpath:/configurations/'
2023-12-04T14:20:01.214+02:00  INFO 9928 --- [http-nio-8888-exec-5] o.s.c.c.s.e.NativeEnvironmentRepository  : Adding property source: Config resource 'class path resource [configurations/send.yaml]' via location 'classpath:/configurations/'
2023-12-04T14:20:01.224+02:00  INFO 9928 --- [http-nio-8888-exec-6] o.s.c.c.s.e.NativeEnvironmentRepository  : Adding property source: Config resource 'class path resource [configurations/send.yaml]' via location 'classpath:/configurations/'
