2023-12-04T14:19:12.175+02:00  INFO 5700 --- [main] app.contact.ContactServer                : Starting ContactServer using Java 19.0.1 with PID 5700 (D:\MavenLibraries\MavenProjects\Emergency-Notification-System\contact\target\classes started by lesko in D:\MavenLibraries\MavenProjects\Emergency-Notification-System)
2023-12-04T14:19:12.176+02:00 DEBUG 5700 --- [main] app.contact.ContactServer                : Running with Spring Boot v3.1.2, Spring v6.0.11
2023-12-04T14:19:12.177+02:00  INFO 5700 --- [main] app.contact.ContactServer                : No active profile set, falling back to 1 default profile: "default"
2023-12-04T14:19:12.209+02:00  INFO 5700 --- [main] o.s.c.c.c.ConfigServerConfigDataLoader   : Fetching config from server at : http://localhost:8888
2023-12-04T14:19:12.210+02:00  INFO 5700 --- [main] o.s.c.c.c.ConfigServerConfigDataLoader   : Located environment: name=contact, profiles=[default], label=null, version=null, state=null
2023-12-04T14:19:12.210+02:00  INFO 5700 --- [main] o.s.c.c.c.ConfigServerConfigDataLoader   : Fetching config from server at : http://localhost:8888
2023-12-04T14:19:12.210+02:00  INFO 5700 --- [main] o.s.c.c.c.ConfigServerConfigDataLoader   : Located environment: name=contact, profiles=[default], label=null, version=null, state=null
2023-12-04T14:19:12.210+02:00  INFO 5700 --- [main] o.s.c.c.c.ConfigServerConfigDataLoader   : Fetching config from server at : http://localhost:8888
2023-12-04T14:19:12.210+02:00  INFO 5700 --- [main] o.s.c.c.c.ConfigServerConfigDataLoader   : Located environment: name=contact, profiles=[default], label=null, version=null, state=null
2023-12-04T14:19:12.872+02:00  INFO 5700 --- [main] .s.d.r.c.RepositoryConfigurationDelegate : Bootstrapping Spring Data JPA repositories in DEFAULT mode.
2023-12-04T14:19:12.977+02:00  INFO 5700 --- [main] .s.d.r.c.RepositoryConfigurationDelegate : Finished Spring Data repository scanning in 98 ms. Found 1 JPA repository interfaces.
2023-12-04T14:19:13.163+02:00  INFO 5700 --- [main] o.s.cloud.context.scope.GenericScope     : BeanFactory id=b08ba5f7-fa71-30ff-9468-8177c632a2c2
2023-12-04T14:19:13.228+02:00  INFO 5700 --- [main] trationDelegate$BeanPostProcessorChecker : Bean 'app.utils.services.security.abstact.feign.SecurityFeignClient' of type [org.springframework.cloud.openfeign.FeignClientFactoryBean] is not eligible for getting processed by all BeanPostProcessors (for example: not eligible for auto-proxying)
2023-12-04T14:19:13.538+02:00  INFO 5700 --- [main] o.s.b.w.embedded.tomcat.TomcatWebServer  : Tomcat initialized with port(s): 8090 (http)
2023-12-04T14:19:13.545+02:00  INFO 5700 --- [main] o.apache.catalina.core.StandardService   : Starting service [Tomcat]
2023-12-04T14:19:13.545+02:00  INFO 5700 --- [main] o.apache.catalina.core.StandardEngine    : Starting Servlet engine: [Apache Tomcat/10.1.11]
2023-12-04T14:19:13.629+02:00  INFO 5700 --- [main] o.a.c.c.C.[Tomcat].[localhost].[/]       : Initializing Spring embedded WebApplicationContext
2023-12-04T14:19:13.629+02:00  INFO 5700 --- [main] w.s.c.ServletWebServerApplicationContext : Root WebApplicationContext: initialization completed in 1417 ms
2023-12-04T14:19:13.868+02:00  INFO 5700 --- [main] o.hibernate.jpa.internal.util.LogHelper  : HHH000204: Processing PersistenceUnitInfo [name: default]
2023-12-04T14:19:13.907+02:00  INFO 5700 --- [main] org.hibernate.Version                    : HHH000412: Hibernate ORM core version 6.2.6.Final
2023-12-04T14:19:13.909+02:00  INFO 5700 --- [main] org.hibernate.cfg.Environment            : HHH000406: Using bytecode reflection optimizer
2023-12-04T14:19:14.008+02:00  INFO 5700 --- [main] o.h.b.i.BytecodeProviderInitiator        : HHH000021: Bytecode provider name : bytebuddy
2023-12-04T14:19:14.114+02:00  INFO 5700 --- [main] o.s.o.j.p.SpringPersistenceUnitInfo      : No LoadTimeWeaver setup: ignoring JPA class transformer
2023-12-04T14:19:14.130+02:00  INFO 5700 --- [main] com.zaxxer.hikari.HikariDataSource       : HikariPool-1 - Starting...
2023-12-04T14:19:14.373+02:00  INFO 5700 --- [main] com.zaxxer.hikari.pool.HikariPool        : HikariPool-1 - Added connection org.postgresql.jdbc.PgConnection@1abbc1d4
2023-12-04T14:19:14.375+02:00  INFO 5700 --- [main] com.zaxxer.hikari.HikariDataSource       : HikariPool-1 - Start completed.
2023-12-04T14:19:14.542+02:00  INFO 5700 --- [main] o.h.b.i.BytecodeProviderInitiator        : HHH000021: Bytecode provider name : bytebuddy
2023-12-04T14:19:15.004+02:00  INFO 5700 --- [main] o.h.e.t.j.p.i.JtaPlatformInitiator       : HHH000490: Using JtaPlatform implementation: [org.hibernate.engine.transaction.jta.platform.internal.NoJtaPlatform]
2023-12-04T14:19:15.058+02:00  INFO 5700 --- [main] j.LocalContainerEntityManagerFactoryBean : Initialized JPA EntityManagerFactory for persistence unit 'default'
2023-12-04T14:19:15.437+02:00  WARN 5700 --- [main] JpaBaseConfiguration$JpaWebConfiguration : spring.jpa.open-in-view is enabled by default. Therefore, database queries may be performed during view rendering. Explicitly configure spring.jpa.open-in-view to disable this warning
2023-12-04T14:19:15.544+02:00 DEBUG 5700 --- [main] app.utils.logger.AroundLogger            : SecurityFeignClientConfiguration$$SpringCGLIB$$0 | Called: securityErrorDecoder
2023-12-04T14:19:15.544+02:00 TRACE 5700 --- [main] app.utils.logger.AroundLogger            : SecurityFeignClientConfiguration$$SpringCGLIB$$0 | Executed: securityErrorDecoder with result: app.utils.services.security.abstact.feign.SecurityFeignClientErrorDecoder@f359e65
2023-12-04T14:19:16.261+02:00  INFO 5700 --- [main] DiscoveryClientOptionalArgsConfiguration : Eureka HTTP Client uses RestTemplate.
2023-12-04T14:19:16.286+02:00  WARN 5700 --- [main] iguration$LoadBalancerCaffeineWarnLogger : Spring Cloud LoadBalancer is currently working with the default cache. While this cache implementation is useful for development and tests, it's recommended to use Caffeine cache in production.You can switch to using Caffeine cache, by adding it and org.springframework.cache.caffeine.CaffeineCacheManager to the classpath.
2023-12-04T14:19:16.298+02:00  INFO 5700 --- [main] o.s.b.a.e.web.EndpointLinksResolver      : Exposing 1 endpoint(s) beneath base path '/actuator'
2023-12-04T14:19:16.366+02:00  INFO 5700 --- [main] o.s.c.n.eureka.InstanceInfoFactory       : Setting initial instance status as: STARTING
2023-12-04T14:19:16.397+02:00  INFO 5700 --- [main] com.netflix.discovery.DiscoveryClient    : Initializing Eureka in region us-east-1
2023-12-04T14:19:16.401+02:00  INFO 5700 --- [main] c.n.d.s.r.aws.ConfigClusterResolver      : Resolving eureka endpoints via configuration
2023-12-04T14:19:16.416+02:00  INFO 5700 --- [main] com.netflix.discovery.DiscoveryClient    : Disable delta property : false
2023-12-04T14:19:16.416+02:00  INFO 5700 --- [main] com.netflix.discovery.DiscoveryClient    : Single vip registry refresh property : null
2023-12-04T14:19:16.416+02:00  INFO 5700 --- [main] com.netflix.discovery.DiscoveryClient    : Force full registry fetch : false
2023-12-04T14:19:16.416+02:00  INFO 5700 --- [main] com.netflix.discovery.DiscoveryClient    : Application is null : false
2023-12-04T14:19:16.416+02:00  INFO 5700 --- [main] com.netflix.discovery.DiscoveryClient    : Registered Applications size is zero : true
2023-12-04T14:19:16.416+02:00  INFO 5700 --- [main] com.netflix.discovery.DiscoveryClient    : Application version is -1: true
2023-12-04T14:19:16.416+02:00  INFO 5700 --- [main] com.netflix.discovery.DiscoveryClient    : Getting all instance registry info from the eureka server
2023-12-04T14:19:16.628+02:00  INFO 5700 --- [main] c.n.d.s.t.d.RedirectingEurekaHttpClient  : Request execution error. endpoint=DefaultEndpoint{ serviceUrl='http://localhost:8761/eureka/}, exception=I/O error on GET request for "http://localhost:8761/eureka/apps/": Connect to http://localhost:8761 [localhost/127.0.0.1, localhost/0:0:0:0:0:0:0:1] failed: Connection refused: no further information stacktrace=org.springframework.web.client.ResourceAccessException: I/O error on GET request for "http://localhost:8761/eureka/apps/": Connect to http://localhost:8761 [localhost/127.0.0.1, localhost/0:0:0:0:0:0:0:1] failed: Connection refused: no further information
	at org.springframework.web.client.RestTemplate.createResourceAccessException(RestTemplate.java:888)
	at org.springframework.web.client.RestTemplate.doExecute(RestTemplate.java:868)
	at org.springframework.web.client.RestTemplate.execute(RestTemplate.java:764)
	at org.springframework.web.client.RestTemplate.exchange(RestTemplate.java:646)
	at org.springframework.cloud.netflix.eureka.http.RestTemplateEurekaHttpClient.getApplicationsInternal(RestTemplateEurekaHttpClient.java:145)
	at org.springframework.cloud.netflix.eureka.http.RestTemplateEurekaHttpClient.getApplications(RestTemplateEurekaHttpClient.java:135)
	at com.netflix.discovery.shared.transport.decorator.EurekaHttpClientDecorator$6.execute(EurekaHttpClientDecorator.java:137)
	at com.netflix.discovery.shared.transport.decorator.RedirectingEurekaHttpClient.executeOnNewServer(RedirectingEurekaHttpClient.java:121)
	at com.netflix.discovery.shared.transport.decorator.RedirectingEurekaHttpClient.execute(RedirectingEurekaHttpClient.java:80)
	at com.netflix.discovery.shared.transport.decorator.EurekaHttpClientDecorator.getApplications(EurekaHttpClientDecorator.java:134)
	at com.netflix.discovery.shared.transport.decorator.EurekaHttpClientDecorator$6.execute(EurekaHttpClientDecorator.java:137)
	at com.netflix.discovery.shared.transport.decorator.RetryableEurekaHttpClient.execute(RetryableEurekaHttpClient.java:120)
	at com.netflix.discovery.shared.transport.decorator.EurekaHttpClientDecorator.getApplications(EurekaHttpClientDecorator.java:134)
	at com.netflix.discovery.shared.transport.decorator.EurekaHttpClientDecorator$6.execute(EurekaHttpClientDecorator.java:137)
	at com.netflix.discovery.shared.transport.decorator.SessionedEurekaHttpClient.execute(SessionedEurekaHttpClient.java:77)
	at com.netflix.discovery.shared.transport.decorator.EurekaHttpClientDecorator.getApplications(EurekaHttpClientDecorator.java:134)
	at com.netflix.discovery.DiscoveryClient.getAndStoreFullRegistry(DiscoveryClient.java:1045)
	at com.netflix.discovery.DiscoveryClient.fetchRegistry(DiscoveryClient.java:958)
	at com.netflix.discovery.DiscoveryClient.<init>(DiscoveryClient.java:396)
	at com.netflix.discovery.DiscoveryClient.<init>(DiscoveryClient.java:247)
	at com.netflix.discovery.DiscoveryClient.<init>(DiscoveryClient.java:242)
	at org.springframework.cloud.netflix.eureka.CloudEurekaClient.<init>(CloudEurekaClient.java:68)
	at org.springframework.cloud.netflix.eureka.EurekaClientAutoConfiguration$RefreshableEurekaClientConfiguration.eurekaClient(EurekaClientAutoConfiguration.java:320)
	at java.base/jdk.internal.reflect.DirectMethodHandleAccessor.invoke(DirectMethodHandleAccessor.java:104)
	at java.base/java.lang.reflect.Method.invoke(Method.java:578)
	at org.springframework.beans.factory.support.SimpleInstantiationStrategy.instantiate(SimpleInstantiationStrategy.java:139)
	at org.springframework.beans.factory.support.ConstructorResolver.instantiate(ConstructorResolver.java:655)
	at org.springframework.beans.factory.support.ConstructorResolver.instantiateUsingFactoryMethod(ConstructorResolver.java:647)
	at org.springframework.beans.factory.support.AbstractAutowireCapableBeanFactory.instantiateUsingFactoryMethod(AbstractAutowireCapableBeanFactory.java:1332)
	at org.springframework.beans.factory.support.AbstractAutowireCapableBeanFactory.createBeanInstance(AbstractAutowireCapableBeanFactory.java:1162)
	at org.springframework.beans.factory.support.AbstractAutowireCapableBeanFactory.doCreateBean(AbstractAutowireCapableBeanFactory.java:560)
	at org.springframework.beans.factory.support.AbstractAutowireCapableBeanFactory.createBean(AbstractAutowireCapableBeanFactory.java:520)
	at org.springframework.beans.factory.support.AbstractBeanFactory.lambda$doGetBean$1(AbstractBeanFactory.java:365)
	at org.springframework.cloud.context.scope.GenericScope$BeanLifecycleWrapper.getBean(GenericScope.java:375)
	at org.springframework.cloud.context.scope.GenericScope.get(GenericScope.java:179)
	at org.springframework.beans.factory.support.AbstractBeanFactory.doGetBean(AbstractBeanFactory.java:362)
	at org.springframework.beans.factory.support.AbstractBeanFactory.getBean(AbstractBeanFactory.java:200)
	at org.springframework.aop.target.SimpleBeanTargetSource.getTarget(SimpleBeanTargetSource.java:35)
	at org.springframework.cloud.netflix.eureka.serviceregistry.EurekaRegistration.getTargetObject(EurekaRegistration.java:128)
	at org.springframework.cloud.netflix.eureka.serviceregistry.EurekaRegistration.getEurekaClient(EurekaRegistration.java:116)
	at java.base/jdk.internal.reflect.DirectMethodHandleAccessor.invoke(DirectMethodHandleAccessor.java:104)
	at java.base/java.lang.reflect.Method.invoke(Method.java:578)
	at org.springframework.util.ReflectionUtils.invokeMethod(ReflectionUtils.java:281)
	at org.springframework.cloud.context.scope.GenericScope$LockedScopedProxyFactoryBean.invoke(GenericScope.java:482)
	at org.springframework.aop.framework.ReflectiveMethodInvocation.proceed(ReflectiveMethodInvocation.java:184)
	at org.springframework.aop.framework.CglibAopProxy$CglibMethodInvocation.proceed(CglibAopProxy.java:756)
	at org.springframework.aop.framework.CglibAopProxy$DynamicAdvisedInterceptor.intercept(CglibAopProxy.java:708)
	at org.springframework.cloud.netflix.eureka.serviceregistry.EurekaRegistration$$SpringCGLIB$$0.getEurekaClient(<generated>)
	at org.springframework.cloud.netflix.eureka.serviceregistry.EurekaServiceRegistry.maybeInitializeClient(EurekaServiceRegistry.java:54)
	at org.springframework.cloud.netflix.eureka.serviceregistry.EurekaServiceRegistry.register(EurekaServiceRegistry.java:38)
	at org.springframework.cloud.netflix.eureka.serviceregistry.EurekaAutoServiceRegistration.start(EurekaAutoServiceRegistration.java:83)
	at org.springframework.context.support.DefaultLifecycleProcessor.doStart(DefaultLifecycleProcessor.java:179)
	at org.springframework.context.support.DefaultLifecycleProcessor$LifecycleGroup.start(DefaultLifecycleProcessor.java:357)
	at java.base/java.lang.Iterable.forEach(Iterable.java:75)
	at org.springframework.context.support.DefaultLifecycleProcessor.startBeans(DefaultLifecycleProcessor.java:156)
	at org.springframework.context.support.DefaultLifecycleProcessor.onRefresh(DefaultLifecycleProcessor.java:124)
	at org.springframework.context.support.AbstractApplicationContext.finishRefresh(AbstractApplicationContext.java:958)
	at org.springframework.context.support.AbstractApplicationContext.refresh(AbstractApplicationContext.java:611)
	at org.springframework.boot.web.servlet.context.ServletWebServerApplicationContext.refresh(ServletWebServerApplicationContext.java:146)
	at org.springframework.boot.SpringApplication.refresh(SpringApplication.java:734)
	at org.springframework.boot.SpringApplication.refreshContext(SpringApplication.java:436)
	at org.springframework.boot.SpringApplication.run(SpringApplication.java:312)
	at org.springframework.boot.SpringApplication.run(SpringApplication.java:1306)
	at org.springframework.boot.SpringApplication.run(SpringApplication.java:1295)
	at app.contact.ContactServer.main(ContactServer.java:20)
Caused by: org.apache.hc.client5.http.HttpHostConnectException: Connect to http://localhost:8761 [localhost/127.0.0.1, localhost/0:0:0:0:0:0:0:1] failed: Connection refused: no further information
	at java.base/sun.nio.ch.Net.pollConnect(Native Method)
	at java.base/sun.nio.ch.Net.pollConnectNow(Net.java:672)
	at java.base/sun.nio.ch.NioSocketImpl.timedFinishConnect(NioSocketImpl.java:535)
	at java.base/sun.nio.ch.NioSocketImpl.connect(NioSocketImpl.java:585)
	at java.base/java.net.SocksSocketImpl.connect(SocksSocketImpl.java:327)
	at java.base/java.net.Socket.connect(Socket.java:666)
	at org.apache.hc.client5.http.socket.PlainConnectionSocketFactory.lambda$connectSocket$0(PlainConnectionSocketFactory.java:85)
	at java.base/java.security.AccessController.doPrivileged(AccessController.java:569)
	at org.apache.hc.client5.http.socket.PlainConnectionSocketFactory.connectSocket(PlainConnectionSocketFactory.java:84)
	at org.apache.hc.client5.http.socket.ConnectionSocketFactory.connectSocket(ConnectionSocketFactory.java:113)
	at org.apache.hc.client5.http.impl.io.DefaultHttpClientConnectionOperator.connect(DefaultHttpClientConnectionOperator.java:181)
	at org.apache.hc.client5.http.impl.io.PoolingHttpClientConnectionManager.connect(PoolingHttpClientConnectionManager.java:447)
	at org.apache.hc.client5.http.impl.classic.InternalExecRuntime.connectEndpoint(InternalExecRuntime.java:162)
	at org.apache.hc.client5.http.impl.classic.InternalExecRuntime.connectEndpoint(InternalExecRuntime.java:172)
	at org.apache.hc.client5.http.impl.classic.ConnectExec.execute(ConnectExec.java:142)
	at org.apache.hc.client5.http.impl.classic.ExecChainElement.execute(ExecChainElement.java:51)
	at org.apache.hc.client5.http.impl.classic.ProtocolExec.execute(ProtocolExec.java:192)
	at org.apache.hc.client5.http.impl.classic.ExecChainElement.execute(ExecChainElement.java:51)
	at org.apache.hc.client5.http.impl.classic.HttpRequestRetryExec.execute(HttpRequestRetryExec.java:96)
	at org.apache.hc.client5.http.impl.classic.ExecChainElement.execute(ExecChainElement.java:51)
	at org.apache.hc.client5.http.impl.classic.ContentCompressionExec.execute(ContentCompressionExec.java:152)
	at org.apache.hc.client5.http.impl.classic.ExecChainElement.execute(ExecChainElement.java:51)
	at org.apache.hc.client5.http.impl.classic.RedirectExec.execute(RedirectExec.java:115)
	at org.apache.hc.client5.http.impl.classic.ExecChainElement.execute(ExecChainElement.java:51)
	at org.apache.hc.client5.http.impl.classic.InternalHttpClient.doExecute(InternalHttpClient.java:170)
	at org.apache.hc.client5.http.impl.classic.CloseableHttpClient.execute(CloseableHttpClient.java:106)
	at org.apache.hc.client5.http.impl.classic.CloseableHttpClient.execute(CloseableHttpClient.java:55)
	at org.springframework.http.client.HttpComponentsClientHttpRequest.executeInternal(HttpComponentsClientHttpRequest.java:93)
	at org.springframework.http.client.AbstractBufferingClientHttpRequest.executeInternal(AbstractBufferingClientHttpRequest.java:48)
	at org.springframework.http.client.AbstractClientHttpRequest.execute(AbstractClientHttpRequest.java:66)
	at org.springframework.http.client.InterceptingClientHttpRequest$InterceptingRequestExecution.execute(InterceptingClientHttpRequest.java:101)
	at org.springframework.cloud.netflix.eureka.http.RestTemplateTransportClientFactory.lambda$restTemplate$0(RestTemplateTransportClientFactory.java:143)
	at org.springframework.http.client.InterceptingClientHttpRequest$InterceptingRequestExecution.execute(InterceptingClientHttpRequest.java:87)
	at org.springframework.http.client.InterceptingClientHttpRequest.executeInternal(InterceptingClientHttpRequest.java:71)
	at org.springframework.http.client.AbstractBufferingClientHttpRequest.executeInternal(AbstractBufferingClientHttpRequest.java:48)
	at org.springframework.http.client.AbstractClientHttpRequest.execute(AbstractClientHttpRequest.java:66)
	at org.springframework.web.client.RestTemplate.doExecute(RestTemplate.java:862)
	... 63 more

2023-12-04T14:19:16.628+02:00  WARN 5700 --- [main] c.n.d.s.t.d.RetryableEurekaHttpClient    : Request execution failed with message: I/O error on GET request for "http://localhost:8761/eureka/apps/": Connect to http://localhost:8761 [localhost/127.0.0.1, localhost/0:0:0:0:0:0:0:1] failed: Connection refused: no further information
2023-12-04T14:19:16.629+02:00  INFO 5700 --- [main] com.netflix.discovery.DiscoveryClient    : DiscoveryClient_CONTACT/DESKTOP-AU4D8HT:contact:8090 - was unable to refresh its cache! This periodic background refresh will be retried in 30 seconds. status = Cannot execute request on any known server stacktrace = com.netflix.discovery.shared.transport.TransportException: Cannot execute request on any known server
	at com.netflix.discovery.shared.transport.decorator.RetryableEurekaHttpClient.execute(RetryableEurekaHttpClient.java:112)
	at com.netflix.discovery.shared.transport.decorator.EurekaHttpClientDecorator.getApplications(EurekaHttpClientDecorator.java:134)
	at com.netflix.discovery.shared.transport.decorator.EurekaHttpClientDecorator$6.execute(EurekaHttpClientDecorator.java:137)
	at com.netflix.discovery.shared.transport.decorator.SessionedEurekaHttpClient.execute(SessionedEurekaHttpClient.java:77)
	at com.netflix.discovery.shared.transport.decorator.EurekaHttpClientDecorator.getApplications(EurekaHttpClientDecorator.java:134)
	at com.netflix.discovery.DiscoveryClient.getAndStoreFullRegistry(DiscoveryClient.java:1045)
	at com.netflix.discovery.DiscoveryClient.fetchRegistry(DiscoveryClient.java:958)
	at com.netflix.discovery.DiscoveryClient.<init>(DiscoveryClient.java:396)
	at com.netflix.discovery.DiscoveryClient.<init>(DiscoveryClient.java:247)
	at com.netflix.discovery.DiscoveryClient.<init>(DiscoveryClient.java:242)
	at org.springframework.cloud.netflix.eureka.CloudEurekaClient.<init>(CloudEurekaClient.java:68)
	at org.springframework.cloud.netflix.eureka.EurekaClientAutoConfiguration$RefreshableEurekaClientConfiguration.eurekaClient(EurekaClientAutoConfiguration.java:320)
	at java.base/jdk.internal.reflect.DirectMethodHandleAccessor.invoke(DirectMethodHandleAccessor.java:104)
	at java.base/java.lang.reflect.Method.invoke(Method.java:578)
	at org.springframework.beans.factory.support.SimpleInstantiationStrategy.instantiate(SimpleInstantiationStrategy.java:139)
	at org.springframework.beans.factory.support.ConstructorResolver.instantiate(ConstructorResolver.java:655)
	at org.springframework.beans.factory.support.ConstructorResolver.instantiateUsingFactoryMethod(ConstructorResolver.java:647)
	at org.springframework.beans.factory.support.AbstractAutowireCapableBeanFactory.instantiateUsingFactoryMethod(AbstractAutowireCapableBeanFactory.java:1332)
	at org.springframework.beans.factory.support.AbstractAutowireCapableBeanFactory.createBeanInstance(AbstractAutowireCapableBeanFactory.java:1162)
	at org.springframework.beans.factory.support.AbstractAutowireCapableBeanFactory.doCreateBean(AbstractAutowireCapableBeanFactory.java:560)
	at org.springframework.beans.factory.support.AbstractAutowireCapableBeanFactory.createBean(AbstractAutowireCapableBeanFactory.java:520)
	at org.springframework.beans.factory.support.AbstractBeanFactory.lambda$doGetBean$1(AbstractBeanFactory.java:365)
	at org.springframework.cloud.context.scope.GenericScope$BeanLifecycleWrapper.getBean(GenericScope.java:375)
	at org.springframework.cloud.context.scope.GenericScope.get(GenericScope.java:179)
	at org.springframework.beans.factory.support.AbstractBeanFactory.doGetBean(AbstractBeanFactory.java:362)
	at org.springframework.beans.factory.support.AbstractBeanFactory.getBean(AbstractBeanFactory.java:200)
	at org.springframework.aop.target.SimpleBeanTargetSource.getTarget(SimpleBeanTargetSource.java:35)
	at org.springframework.cloud.netflix.eureka.serviceregistry.EurekaRegistration.getTargetObject(EurekaRegistration.java:128)
	at org.springframework.cloud.netflix.eureka.serviceregistry.EurekaRegistration.getEurekaClient(EurekaRegistration.java:116)
	at java.base/jdk.internal.reflect.DirectMethodHandleAccessor.invoke(DirectMethodHandleAccessor.java:104)
	at java.base/java.lang.reflect.Method.invoke(Method.java:578)
	at org.springframework.util.ReflectionUtils.invokeMethod(ReflectionUtils.java:281)
	at org.springframework.cloud.context.scope.GenericScope$LockedScopedProxyFactoryBean.invoke(GenericScope.java:482)
	at org.springframework.aop.framework.ReflectiveMethodInvocation.proceed(ReflectiveMethodInvocation.java:184)
	at org.springframework.aop.framework.CglibAopProxy$CglibMethodInvocation.proceed(CglibAopProxy.java:756)
	at org.springframework.aop.framework.CglibAopProxy$DynamicAdvisedInterceptor.intercept(CglibAopProxy.java:708)
	at org.springframework.cloud.netflix.eureka.serviceregistry.EurekaRegistration$$SpringCGLIB$$0.getEurekaClient(<generated>)
	at org.springframework.cloud.netflix.eureka.serviceregistry.EurekaServiceRegistry.maybeInitializeClient(EurekaServiceRegistry.java:54)
	at org.springframework.cloud.netflix.eureka.serviceregistry.EurekaServiceRegistry.register(EurekaServiceRegistry.java:38)
	at org.springframework.cloud.netflix.eureka.serviceregistry.EurekaAutoServiceRegistration.start(EurekaAutoServiceRegistration.java:83)
	at org.springframework.context.support.DefaultLifecycleProcessor.doStart(DefaultLifecycleProcessor.java:179)
	at org.springframework.context.support.DefaultLifecycleProcessor$LifecycleGroup.start(DefaultLifecycleProcessor.java:357)
	at java.base/java.lang.Iterable.forEach(Iterable.java:75)
	at org.springframework.context.support.DefaultLifecycleProcessor.startBeans(DefaultLifecycleProcessor.java:156)
	at org.springframework.context.support.DefaultLifecycleProcessor.onRefresh(DefaultLifecycleProcessor.java:124)
	at org.springframework.context.support.AbstractApplicationContext.finishRefresh(AbstractApplicationContext.java:958)
	at org.springframework.context.support.AbstractApplicationContext.refresh(AbstractApplicationContext.java:611)
	at org.springframework.boot.web.servlet.context.ServletWebServerApplicationContext.refresh(ServletWebServerApplicationContext.java:146)
	at org.springframework.boot.SpringApplication.refresh(SpringApplication.java:734)
	at org.springframework.boot.SpringApplication.refreshContext(SpringApplication.java:436)
	at org.springframework.boot.SpringApplication.run(SpringApplication.java:312)
	at org.springframework.boot.SpringApplication.run(SpringApplication.java:1306)
	at org.springframework.boot.SpringApplication.run(SpringApplication.java:1295)
	at app.contact.ContactServer.main(ContactServer.java:20)

2023-12-04T14:19:16.629+02:00  INFO 5700 --- [main] com.netflix.discovery.DiscoveryClient    : Initial registry fetch from primary servers failed
2023-12-04T14:19:16.629+02:00  WARN 5700 --- [main] com.netflix.discovery.DiscoveryClient    : Using default backup registry implementation which does not do anything.
2023-12-04T14:19:16.630+02:00  INFO 5700 --- [main] com.netflix.discovery.DiscoveryClient    : Initial registry fetch from backup servers failed
2023-12-04T14:19:16.631+02:00  INFO 5700 --- [main] com.netflix.discovery.DiscoveryClient    : Starting heartbeat executor: renew interval is: 30
2023-12-04T14:19:16.633+02:00  INFO 5700 --- [main] c.n.discovery.InstanceInfoReplicator     : InstanceInfoReplicator onDemand update allowed rate per min is 4
2023-12-04T14:19:16.636+02:00  INFO 5700 --- [main] com.netflix.discovery.DiscoveryClient    : Discovery Client initialized at timestamp 1701692356635 with initial instances count: 0
2023-12-04T14:19:16.639+02:00  INFO 5700 --- [main] o.s.c.n.e.s.EurekaServiceRegistry        : Registering application CONTACT with eureka with status UP
2023-12-04T14:19:16.640+02:00  INFO 5700 --- [main] com.netflix.discovery.DiscoveryClient    : Saw local status change event StatusChangeEvent [timestamp=1701692356640, current=UP, previous=STARTING]
2023-12-04T14:19:16.642+02:00  INFO 5700 --- [DiscoveryClient-InstanceInfoReplicator-0] com.netflix.discovery.DiscoveryClient    : DiscoveryClient_CONTACT/DESKTOP-AU4D8HT:contact:8090: registering service...
2023-12-04T14:19:16.656+02:00  INFO 5700 --- [main] o.s.b.w.embedded.tomcat.TomcatWebServer  : Tomcat started on port(s): 8090 (http) with context path ''
2023-12-04T14:19:16.657+02:00  INFO 5700 --- [main] .s.c.n.e.s.EurekaAutoServiceRegistration : Updating port to 8090
2023-12-04T14:19:16.704+02:00  INFO 5700 --- [DiscoveryClient-InstanceInfoReplicator-0] c.n.d.s.t.d.RedirectingEurekaHttpClient  : Request execution error. endpoint=DefaultEndpoint{ serviceUrl='http://localhost:8761/eureka/}, exception=I/O error on POST request for "http://localhost:8761/eureka/apps/CONTACT": Connect to http://localhost:8761 [localhost/127.0.0.1, localhost/0:0:0:0:0:0:0:1] failed: Connection refused: no further information stacktrace=org.springframework.web.client.ResourceAccessException: I/O error on POST request for "http://localhost:8761/eureka/apps/CONTACT": Connect to http://localhost:8761 [localhost/127.0.0.1, localhost/0:0:0:0:0:0:0:1] failed: Connection refused: no further information
	at org.springframework.web.client.RestTemplate.createResourceAccessException(RestTemplate.java:888)
	at org.springframework.web.client.RestTemplate.doExecute(RestTemplate.java:868)
	at org.springframework.web.client.RestTemplate.execute(RestTemplate.java:764)
	at org.springframework.web.client.RestTemplate.exchange(RestTemplate.java:646)
	at org.springframework.cloud.netflix.eureka.http.RestTemplateEurekaHttpClient.register(RestTemplateEurekaHttpClient.java:77)
	at com.netflix.discovery.shared.transport.decorator.EurekaHttpClientDecorator$1.execute(EurekaHttpClientDecorator.java:59)
	at com.netflix.discovery.shared.transport.decorator.RedirectingEurekaHttpClient.executeOnNewServer(RedirectingEurekaHttpClient.java:121)
	at com.netflix.discovery.shared.transport.decorator.RedirectingEurekaHttpClient.execute(RedirectingEurekaHttpClient.java:80)
	at com.netflix.discovery.shared.transport.decorator.EurekaHttpClientDecorator.register(EurekaHttpClientDecorator.java:56)
	at com.netflix.discovery.shared.transport.decorator.EurekaHttpClientDecorator$1.execute(EurekaHttpClientDecorator.java:59)
	at com.netflix.discovery.shared.transport.decorator.RetryableEurekaHttpClient.execute(RetryableEurekaHttpClient.java:120)
	at com.netflix.discovery.shared.transport.decorator.EurekaHttpClientDecorator.register(EurekaHttpClientDecorator.java:56)
	at com.netflix.discovery.shared.transport.decorator.EurekaHttpClientDecorator$1.execute(EurekaHttpClientDecorator.java:59)
	at com.netflix.discovery.shared.transport.decorator.SessionedEurekaHttpClient.execute(SessionedEurekaHttpClient.java:77)
	at com.netflix.discovery.shared.transport.decorator.EurekaHttpClientDecorator.register(EurekaHttpClientDecorator.java:56)
	at com.netflix.discovery.DiscoveryClient.register(DiscoveryClient.java:820)
	at com.netflix.discovery.InstanceInfoReplicator.run(InstanceInfoReplicator.java:121)
	at com.netflix.discovery.InstanceInfoReplicator$1.run(InstanceInfoReplicator.java:101)
	at java.base/java.util.concurrent.Executors$RunnableAdapter.call(Executors.java:577)
	at java.base/java.util.concurrent.FutureTask.run(FutureTask.java:317)
	at java.base/java.util.concurrent.ScheduledThreadPoolExecutor$ScheduledFutureTask.run(ScheduledThreadPoolExecutor.java:304)
	at java.base/java.util.concurrent.ThreadPoolExecutor.runWorker(ThreadPoolExecutor.java:1144)
	at java.base/java.util.concurrent.ThreadPoolExecutor$Worker.run(ThreadPoolExecutor.java:642)
	at java.base/java.lang.Thread.run(Thread.java:1589)
Caused by: org.apache.hc.client5.http.HttpHostConnectException: Connect to http://localhost:8761 [localhost/127.0.0.1, localhost/0:0:0:0:0:0:0:1] failed: Connection refused: no further information
	at java.base/sun.nio.ch.Net.pollConnect(Native Method)
	at java.base/sun.nio.ch.Net.pollConnectNow(Net.java:672)
	at java.base/sun.nio.ch.NioSocketImpl.timedFinishConnect(NioSocketImpl.java:535)
	at java.base/sun.nio.ch.NioSocketImpl.connect(NioSocketImpl.java:585)
	at java.base/java.net.SocksSocketImpl.connect(SocksSocketImpl.java:327)
	at java.base/java.net.Socket.connect(Socket.java:666)
	at org.apache.hc.client5.http.socket.PlainConnectionSocketFactory.lambda$connectSocket$0(PlainConnectionSocketFactory.java:85)
	at java.base/java.security.AccessController.doPrivileged(AccessController.java:569)
	at org.apache.hc.client5.http.socket.PlainConnectionSocketFactory.connectSocket(PlainConnectionSocketFactory.java:84)
	at org.apache.hc.client5.http.socket.ConnectionSocketFactory.connectSocket(ConnectionSocketFactory.java:113)
	at org.apache.hc.client5.http.impl.io.DefaultHttpClientConnectionOperator.connect(DefaultHttpClientConnectionOperator.java:181)
	at org.apache.hc.client5.http.impl.io.PoolingHttpClientConnectionManager.connect(PoolingHttpClientConnectionManager.java:447)
	at org.apache.hc.client5.http.impl.classic.InternalExecRuntime.connectEndpoint(InternalExecRuntime.java:162)
	at org.apache.hc.client5.http.impl.classic.InternalExecRuntime.connectEndpoint(InternalExecRuntime.java:172)
	at org.apache.hc.client5.http.impl.classic.ConnectExec.execute(ConnectExec.java:142)
	at org.apache.hc.client5.http.impl.classic.ExecChainElement.execute(ExecChainElement.java:51)
	at org.apache.hc.client5.http.impl.classic.ProtocolExec.execute(ProtocolExec.java:192)
	at org.apache.hc.client5.http.impl.classic.ExecChainElement.execute(ExecChainElement.java:51)
	at org.apache.hc.client5.http.impl.classic.HttpRequestRetryExec.execute(HttpRequestRetryExec.java:96)
	at org.apache.hc.client5.http.impl.classic.ExecChainElement.execute(ExecChainElement.java:51)
	at org.apache.hc.client5.http.impl.classic.ContentCompressionExec.execute(ContentCompressionExec.java:152)
	at org.apache.hc.client5.http.impl.classic.ExecChainElement.execute(ExecChainElement.java:51)
	at org.apache.hc.client5.http.impl.classic.RedirectExec.execute(RedirectExec.java:115)
	at org.apache.hc.client5.http.impl.classic.ExecChainElement.execute(ExecChainElement.java:51)
	at org.apache.hc.client5.http.impl.classic.InternalHttpClient.doExecute(InternalHttpClient.java:170)
	at org.apache.hc.client5.http.impl.classic.CloseableHttpClient.execute(CloseableHttpClient.java:106)
	at org.apache.hc.client5.http.impl.classic.CloseableHttpClient.execute(CloseableHttpClient.java:55)
	at org.springframework.http.client.HttpComponentsClientHttpRequest.executeInternal(HttpComponentsClientHttpRequest.java:93)
	at org.springframework.http.client.AbstractBufferingClientHttpRequest.executeInternal(AbstractBufferingClientHttpRequest.java:48)
	at org.springframework.http.client.AbstractClientHttpRequest.execute(AbstractClientHttpRequest.java:66)
	at org.springframework.http.client.InterceptingClientHttpRequest$InterceptingRequestExecution.execute(InterceptingClientHttpRequest.java:101)
	at org.springframework.cloud.netflix.eureka.http.RestTemplateTransportClientFactory.lambda$restTemplate$0(RestTemplateTransportClientFactory.java:143)
	at org.springframework.http.client.InterceptingClientHttpRequest$InterceptingRequestExecution.execute(InterceptingClientHttpRequest.java:87)
	at org.springframework.http.client.InterceptingClientHttpRequest.executeInternal(InterceptingClientHttpRequest.java:71)
	at org.springframework.http.client.AbstractBufferingClientHttpRequest.executeInternal(AbstractBufferingClientHttpRequest.java:48)
	at org.springframework.http.client.AbstractClientHttpRequest.execute(AbstractClientHttpRequest.java:66)
	at org.springframework.web.client.RestTemplate.doExecute(RestTemplate.java:862)
	... 22 more

2023-12-04T14:19:16.704+02:00  WARN 5700 --- [DiscoveryClient-InstanceInfoReplicator-0] c.n.d.s.t.d.RetryableEurekaHttpClient    : Request execution failed with message: I/O error on POST request for "http://localhost:8761/eureka/apps/CONTACT": Connect to http://localhost:8761 [localhost/127.0.0.1, localhost/0:0:0:0:0:0:0:1] failed: Connection refused: no further information
2023-12-04T14:19:16.704+02:00  WARN 5700 --- [DiscoveryClient-InstanceInfoReplicator-0] com.netflix.discovery.DiscoveryClient    : DiscoveryClient_CONTACT/DESKTOP-AU4D8HT:contact:8090 - registration failed Cannot execute request on any known server

com.netflix.discovery.shared.transport.TransportException: Cannot execute request on any known server
	at com.netflix.discovery.shared.transport.decorator.RetryableEurekaHttpClient.execute(RetryableEurekaHttpClient.java:112) ~[eureka-client-2.0.0.jar:2.0.0]
	at com.netflix.discovery.shared.transport.decorator.EurekaHttpClientDecorator.register(EurekaHttpClientDecorator.java:56) ~[eureka-client-2.0.0.jar:2.0.0]
	at com.netflix.discovery.shared.transport.decorator.EurekaHttpClientDecorator$1.execute(EurekaHttpClientDecorator.java:59) ~[eureka-client-2.0.0.jar:2.0.0]
	at com.netflix.discovery.shared.transport.decorator.SessionedEurekaHttpClient.execute(SessionedEurekaHttpClient.java:77) ~[eureka-client-2.0.0.jar:2.0.0]
	at com.netflix.discovery.shared.transport.decorator.EurekaHttpClientDecorator.register(EurekaHttpClientDecorator.java:56) ~[eureka-client-2.0.0.jar:2.0.0]
	at com.netflix.discovery.DiscoveryClient.register(DiscoveryClient.java:820) ~[eureka-client-2.0.0.jar:2.0.0]
	at com.netflix.discovery.InstanceInfoReplicator.run(InstanceInfoReplicator.java:121) ~[eureka-client-2.0.0.jar:2.0.0]
	at com.netflix.discovery.InstanceInfoReplicator$1.run(InstanceInfoReplicator.java:101) ~[eureka-client-2.0.0.jar:2.0.0]
	at java.base/java.util.concurrent.Executors$RunnableAdapter.call(Executors.java:577) ~[na:na]
	at java.base/java.util.concurrent.FutureTask.run(FutureTask.java:317) ~[na:na]
	at java.base/java.util.concurrent.ScheduledThreadPoolExecutor$ScheduledFutureTask.run(ScheduledThreadPoolExecutor.java:304) ~[na:na]
	at java.base/java.util.concurrent.ThreadPoolExecutor.runWorker(ThreadPoolExecutor.java:1144) ~[na:na]
	at java.base/java.util.concurrent.ThreadPoolExecutor$Worker.run(ThreadPoolExecutor.java:642) ~[na:na]
	at java.base/java.lang.Thread.run(Thread.java:1589) ~[na:na]

2023-12-04T14:19:16.707+02:00  WARN 5700 --- [DiscoveryClient-InstanceInfoReplicator-0] c.n.discovery.InstanceInfoReplicator     : There was a problem with the instance info replicator

com.netflix.discovery.shared.transport.TransportException: Cannot execute request on any known server
	at com.netflix.discovery.shared.transport.decorator.RetryableEurekaHttpClient.execute(RetryableEurekaHttpClient.java:112) ~[eureka-client-2.0.0.jar:2.0.0]
	at com.netflix.discovery.shared.transport.decorator.EurekaHttpClientDecorator.register(EurekaHttpClientDecorator.java:56) ~[eureka-client-2.0.0.jar:2.0.0]
	at com.netflix.discovery.shared.transport.decorator.EurekaHttpClientDecorator$1.execute(EurekaHttpClientDecorator.java:59) ~[eureka-client-2.0.0.jar:2.0.0]
	at com.netflix.discovery.shared.transport.decorator.SessionedEurekaHttpClient.execute(SessionedEurekaHttpClient.java:77) ~[eureka-client-2.0.0.jar:2.0.0]
	at com.netflix.discovery.shared.transport.decorator.EurekaHttpClientDecorator.register(EurekaHttpClientDecorator.java:56) ~[eureka-client-2.0.0.jar:2.0.0]
	at com.netflix.discovery.DiscoveryClient.register(DiscoveryClient.java:820) ~[eureka-client-2.0.0.jar:2.0.0]
	at com.netflix.discovery.InstanceInfoReplicator.run(InstanceInfoReplicator.java:121) ~[eureka-client-2.0.0.jar:2.0.0]
	at com.netflix.discovery.InstanceInfoReplicator$1.run(InstanceInfoReplicator.java:101) ~[eureka-client-2.0.0.jar:2.0.0]
	at java.base/java.util.concurrent.Executors$RunnableAdapter.call(Executors.java:577) ~[na:na]
	at java.base/java.util.concurrent.FutureTask.run(FutureTask.java:317) ~[na:na]
	at java.base/java.util.concurrent.ScheduledThreadPoolExecutor$ScheduledFutureTask.run(ScheduledThreadPoolExecutor.java:304) ~[na:na]
	at java.base/java.util.concurrent.ThreadPoolExecutor.runWorker(ThreadPoolExecutor.java:1144) ~[na:na]
	at java.base/java.util.concurrent.ThreadPoolExecutor$Worker.run(ThreadPoolExecutor.java:642) ~[na:na]
	at java.base/java.lang.Thread.run(Thread.java:1589) ~[na:na]

2023-12-04T14:19:16.763+02:00  INFO 5700 --- [main] app.contact.ContactServer                : Started ContactServer in 5.627 seconds (process running for 6.234)
2023-12-04T14:19:16.962+02:00  INFO 5700 --- [RMI TCP Connection(1)-26.120.168.72] o.a.c.c.C.[Tomcat].[localhost].[/]       : Initializing Spring DispatcherServlet 'dispatcherServlet'
2023-12-04T14:19:16.962+02:00  INFO 5700 --- [RMI TCP Connection(1)-26.120.168.72] o.s.web.servlet.DispatcherServlet        : Initializing Servlet 'dispatcherServlet'
2023-12-04T14:19:16.964+02:00  INFO 5700 --- [RMI TCP Connection(1)-26.120.168.72] o.s.web.servlet.DispatcherServlet        : Completed initialization in 2 ms
2023-12-04T14:19:27.807+02:00  INFO 5700 --- [SpringApplicationShutdownHook] o.s.c.n.e.s.EurekaServiceRegistry        : Unregistering application CONTACT with eureka with status DOWN
2023-12-04T14:19:27.807+02:00  INFO 5700 --- [SpringApplicationShutdownHook] com.netflix.discovery.DiscoveryClient    : Saw local status change event StatusChangeEvent [timestamp=1701692367807, current=DOWN, previous=UP]
2023-12-04T14:19:27.807+02:00  INFO 5700 --- [DiscoveryClient-InstanceInfoReplicator-0] com.netflix.discovery.DiscoveryClient    : DiscoveryClient_CONTACT/DESKTOP-AU4D8HT:contact:8090: registering service...
2023-12-04T14:19:27.832+02:00  INFO 5700 --- [SpringApplicationShutdownHook] j.LocalContainerEntityManagerFactoryBean : Closing JPA EntityManagerFactory for persistence unit 'default'
2023-12-04T14:19:27.834+02:00  INFO 5700 --- [SpringApplicationShutdownHook] com.zaxxer.hikari.HikariDataSource       : HikariPool-1 - Shutdown initiated...
2023-12-04T14:19:27.837+02:00  INFO 5700 --- [SpringApplicationShutdownHook] com.zaxxer.hikari.HikariDataSource       : HikariPool-1 - Shutdown completed.
2023-12-04T14:19:27.838+02:00  INFO 5700 --- [SpringApplicationShutdownHook] com.netflix.discovery.DiscoveryClient    : Shutting down DiscoveryClient ...
2023-12-04T14:19:27.974+02:00  INFO 5700 --- [DiscoveryClient-InstanceInfoReplicator-0] com.netflix.discovery.DiscoveryClient    : DiscoveryClient_CONTACT/DESKTOP-AU4D8HT:contact:8090 - registration status: 204
2023-12-04T14:19:27.976+02:00  INFO 5700 --- [SpringApplicationShutdownHook] com.netflix.discovery.DiscoveryClient    : Unregistering ...
2023-12-04T14:19:27.994+02:00  INFO 5700 --- [SpringApplicationShutdownHook] com.netflix.discovery.DiscoveryClient    : DiscoveryClient_CONTACT/DESKTOP-AU4D8HT:contact:8090 - deregister  status: 200
2023-12-04T14:19:27.998+02:00  INFO 5700 --- [SpringApplicationShutdownHook] com.netflix.discovery.DiscoveryClient    : Completed shut down of DiscoveryClient
2023-12-04T14:19:39.591+02:00  INFO 15228 --- [main] app.contact.ContactServer                : Starting ContactServer using Java 19.0.1 with PID 15228 (D:\MavenLibraries\MavenProjects\Emergency-Notification-System\contact\target\classes started by lesko in D:\MavenLibraries\MavenProjects\Emergency-Notification-System)
2023-12-04T14:19:39.593+02:00 DEBUG 15228 --- [main] app.contact.ContactServer                : Running with Spring Boot v3.1.2, Spring v6.0.11
2023-12-04T14:19:39.595+02:00  INFO 15228 --- [main] app.contact.ContactServer                : No active profile set, falling back to 1 default profile: "default"
2023-12-04T14:19:39.649+02:00  INFO 15228 --- [main] o.s.c.c.c.ConfigServerConfigDataLoader   : Fetching config from server at : http://localhost:8888
2023-12-04T14:19:39.649+02:00  INFO 15228 --- [main] o.s.c.c.c.ConfigServerConfigDataLoader   : Located environment: name=contact, profiles=[default], label=null, version=null, state=null
2023-12-04T14:19:39.649+02:00  INFO 15228 --- [main] o.s.c.c.c.ConfigServerConfigDataLoader   : Fetching config from server at : http://localhost:8888
2023-12-04T14:19:39.649+02:00  INFO 15228 --- [main] o.s.c.c.c.ConfigServerConfigDataLoader   : Located environment: name=contact, profiles=[default], label=null, version=null, state=null
2023-12-04T14:19:39.649+02:00  INFO 15228 --- [main] o.s.c.c.c.ConfigServerConfigDataLoader   : Fetching config from server at : http://localhost:8888
2023-12-04T14:19:39.649+02:00  INFO 15228 --- [main] o.s.c.c.c.ConfigServerConfigDataLoader   : Located environment: name=contact, profiles=[default], label=null, version=null, state=null
2023-12-04T14:19:40.875+02:00  INFO 15228 --- [main] .s.d.r.c.RepositoryConfigurationDelegate : Bootstrapping Spring Data JPA repositories in DEFAULT mode.
2023-12-04T14:19:41.047+02:00  INFO 15228 --- [main] .s.d.r.c.RepositoryConfigurationDelegate : Finished Spring Data repository scanning in 161 ms. Found 1 JPA repository interfaces.
2023-12-04T14:19:41.354+02:00  INFO 15228 --- [main] o.s.cloud.context.scope.GenericScope     : BeanFactory id=b08ba5f7-fa71-30ff-9468-8177c632a2c2
2023-12-04T14:19:41.452+02:00  INFO 15228 --- [main] trationDelegate$BeanPostProcessorChecker : Bean 'app.utils.services.security.abstact.feign.SecurityFeignClient' of type [org.springframework.cloud.openfeign.FeignClientFactoryBean] is not eligible for getting processed by all BeanPostProcessors (for example: not eligible for auto-proxying)
2023-12-04T14:19:41.997+02:00  INFO 15228 --- [main] o.s.b.w.embedded.tomcat.TomcatWebServer  : Tomcat initialized with port(s): 8090 (http)
2023-12-04T14:19:42.015+02:00  INFO 15228 --- [main] o.apache.catalina.core.StandardService   : Starting service [Tomcat]
2023-12-04T14:19:42.016+02:00  INFO 15228 --- [main] o.apache.catalina.core.StandardEngine    : Starting Servlet engine: [Apache Tomcat/10.1.11]
2023-12-04T14:19:42.157+02:00  INFO 15228 --- [main] o.a.c.c.C.[Tomcat].[localhost].[/]       : Initializing Spring embedded WebApplicationContext
2023-12-04T14:19:42.158+02:00  INFO 15228 --- [main] w.s.c.ServletWebServerApplicationContext : Root WebApplicationContext: initialization completed in 2507 ms
2023-12-04T14:19:42.847+02:00  INFO 15228 --- [main] o.hibernate.jpa.internal.util.LogHelper  : HHH000204: Processing PersistenceUnitInfo [name: default]
2023-12-04T14:19:42.935+02:00  INFO 15228 --- [main] org.hibernate.Version                    : HHH000412: Hibernate ORM core version 6.2.6.Final
2023-12-04T14:19:42.939+02:00  INFO 15228 --- [main] org.hibernate.cfg.Environment            : HHH000406: Using bytecode reflection optimizer
2023-12-04T14:19:43.150+02:00  INFO 15228 --- [main] o.h.b.i.BytecodeProviderInitiator        : HHH000021: Bytecode provider name : bytebuddy
2023-12-04T14:19:43.359+02:00  INFO 15228 --- [main] o.s.o.j.p.SpringPersistenceUnitInfo      : No LoadTimeWeaver setup: ignoring JPA class transformer
2023-12-04T14:19:43.387+02:00  INFO 15228 --- [main] com.zaxxer.hikari.HikariDataSource       : HikariPool-1 - Starting...
2023-12-04T14:19:43.731+02:00  INFO 15228 --- [main] com.zaxxer.hikari.pool.HikariPool        : HikariPool-1 - Added connection org.postgresql.jdbc.PgConnection@6ad26381
2023-12-04T14:19:43.735+02:00  INFO 15228 --- [main] com.zaxxer.hikari.HikariDataSource       : HikariPool-1 - Start completed.
2023-12-04T14:19:44.662+02:00  INFO 15228 --- [main] o.h.b.i.BytecodeProviderInitiator        : HHH000021: Bytecode provider name : bytebuddy
2023-12-04T14:19:46.357+02:00  INFO 15228 --- [main] o.h.e.t.j.p.i.JtaPlatformInitiator       : HHH000490: Using JtaPlatform implementation: [org.hibernate.engine.transaction.jta.platform.internal.NoJtaPlatform]
2023-12-04T14:19:46.470+02:00  INFO 15228 --- [main] j.LocalContainerEntityManagerFactoryBean : Initialized JPA EntityManagerFactory for persistence unit 'default'
2023-12-04T14:19:47.541+02:00  WARN 15228 --- [main] JpaBaseConfiguration$JpaWebConfiguration : spring.jpa.open-in-view is enabled by default. Therefore, database queries may be performed during view rendering. Explicitly configure spring.jpa.open-in-view to disable this warning
2023-12-04T14:19:47.893+02:00 DEBUG 15228 --- [main] app.utils.logger.AroundLogger            : SecurityFeignClientConfiguration$$SpringCGLIB$$0 | Called: securityErrorDecoder
2023-12-04T14:19:47.894+02:00 TRACE 15228 --- [main] app.utils.logger.AroundLogger            : SecurityFeignClientConfiguration$$SpringCGLIB$$0 | Executed: securityErrorDecoder with result: app.utils.services.security.abstact.feign.SecurityFeignClientErrorDecoder@e10809f
2023-12-04T14:19:49.613+02:00  INFO 15228 --- [main] DiscoveryClientOptionalArgsConfiguration : Eureka HTTP Client uses RestTemplate.
2023-12-04T14:19:49.670+02:00  WARN 15228 --- [main] iguration$LoadBalancerCaffeineWarnLogger : Spring Cloud LoadBalancer is currently working with the default cache. While this cache implementation is useful for development and tests, it's recommended to use Caffeine cache in production.You can switch to using Caffeine cache, by adding it and org.springframework.cache.caffeine.CaffeineCacheManager to the classpath.
2023-12-04T14:19:49.706+02:00  INFO 15228 --- [main] o.s.b.a.e.web.EndpointLinksResolver      : Exposing 1 endpoint(s) beneath base path '/actuator'
2023-12-04T14:19:49.837+02:00  INFO 15228 --- [main] o.s.c.n.eureka.InstanceInfoFactory       : Setting initial instance status as: STARTING
2023-12-04T14:19:49.921+02:00  INFO 15228 --- [main] com.netflix.discovery.DiscoveryClient    : Initializing Eureka in region us-east-1
2023-12-04T14:19:49.930+02:00  INFO 15228 --- [main] c.n.d.s.r.aws.ConfigClusterResolver      : Resolving eureka endpoints via configuration
2023-12-04T14:19:49.975+02:00  INFO 15228 --- [main] com.netflix.discovery.DiscoveryClient    : Disable delta property : false
2023-12-04T14:19:49.975+02:00  INFO 15228 --- [main] com.netflix.discovery.DiscoveryClient    : Single vip registry refresh property : null
2023-12-04T14:19:49.975+02:00  INFO 15228 --- [main] com.netflix.discovery.DiscoveryClient    : Force full registry fetch : false
2023-12-04T14:19:49.975+02:00  INFO 15228 --- [main] com.netflix.discovery.DiscoveryClient    : Application is null : false
2023-12-04T14:19:49.975+02:00  INFO 15228 --- [main] com.netflix.discovery.DiscoveryClient    : Registered Applications size is zero : true
2023-12-04T14:19:49.975+02:00  INFO 15228 --- [main] com.netflix.discovery.DiscoveryClient    : Application version is -1: true
2023-12-04T14:19:49.975+02:00  INFO 15228 --- [main] com.netflix.discovery.DiscoveryClient    : Getting all instance registry info from the eureka server
2023-12-04T14:19:50.455+02:00  INFO 15228 --- [main] com.netflix.discovery.DiscoveryClient    : The response status is 200
2023-12-04T14:19:50.458+02:00  INFO 15228 --- [main] com.netflix.discovery.DiscoveryClient    : Starting heartbeat executor: renew interval is: 30
2023-12-04T14:19:50.461+02:00  INFO 15228 --- [main] c.n.discovery.InstanceInfoReplicator     : InstanceInfoReplicator onDemand update allowed rate per min is 4
2023-12-04T14:19:50.469+02:00  INFO 15228 --- [main] com.netflix.discovery.DiscoveryClient    : Discovery Client initialized at timestamp 1701692390467 with initial instances count: 0
2023-12-04T14:19:50.477+02:00  INFO 15228 --- [main] o.s.c.n.e.s.EurekaServiceRegistry        : Registering application CONTACT with eureka with status UP
2023-12-04T14:19:50.478+02:00  INFO 15228 --- [main] com.netflix.discovery.DiscoveryClient    : Saw local status change event StatusChangeEvent [timestamp=1701692390478, current=UP, previous=STARTING]
2023-12-04T14:19:50.481+02:00  INFO 15228 --- [DiscoveryClient-InstanceInfoReplicator-0] com.netflix.discovery.DiscoveryClient    : DiscoveryClient_CONTACT/DESKTOP-AU4D8HT:contact:8090: registering service...
2023-12-04T14:19:50.517+02:00  INFO 15228 --- [main] o.s.b.w.embedded.tomcat.TomcatWebServer  : Tomcat started on port(s): 8090 (http) with context path ''
2023-12-04T14:19:50.518+02:00  INFO 15228 --- [main] .s.c.n.e.s.EurekaAutoServiceRegistration : Updating port to 8090
2023-12-04T14:19:50.574+02:00  INFO 15228 --- [DiscoveryClient-InstanceInfoReplicator-0] com.netflix.discovery.DiscoveryClient    : DiscoveryClient_CONTACT/DESKTOP-AU4D8HT:contact:8090 - registration status: 204
2023-12-04T14:19:50.841+02:00  INFO 15228 --- [main] app.contact.ContactServer                : Started ContactServer in 12.61 seconds (process running for 13.844)
2023-12-04T14:19:51.442+02:00  INFO 15228 --- [RMI TCP Connection(3)-26.120.168.72] o.a.c.c.C.[Tomcat].[localhost].[/]       : Initializing Spring DispatcherServlet 'dispatcherServlet'
2023-12-04T14:19:51.442+02:00  INFO 15228 --- [RMI TCP Connection(3)-26.120.168.72] o.s.web.servlet.DispatcherServlet        : Initializing Servlet 'dispatcherServlet'
2023-12-04T14:19:51.445+02:00  INFO 15228 --- [RMI TCP Connection(3)-26.120.168.72] o.s.web.servlet.DispatcherServlet        : Completed initialization in 3 ms
2023-12-04T14:20:20.462+02:00  INFO 15228 --- [DiscoveryClient-CacheRefreshExecutor-0] com.netflix.discovery.DiscoveryClient    : Disable delta property : false
2023-12-04T14:20:20.462+02:00  INFO 15228 --- [DiscoveryClient-CacheRefreshExecutor-0] com.netflix.discovery.DiscoveryClient    : Single vip registry refresh property : null
2023-12-04T14:20:20.462+02:00  INFO 15228 --- [DiscoveryClient-CacheRefreshExecutor-0] com.netflix.discovery.DiscoveryClient    : Force full registry fetch : false
2023-12-04T14:20:20.462+02:00  INFO 15228 --- [DiscoveryClient-CacheRefreshExecutor-0] com.netflix.discovery.DiscoveryClient    : Application is null : false
2023-12-04T14:20:20.462+02:00  INFO 15228 --- [DiscoveryClient-CacheRefreshExecutor-0] com.netflix.discovery.DiscoveryClient    : Registered Applications size is zero : true
2023-12-04T14:20:20.462+02:00  INFO 15228 --- [DiscoveryClient-CacheRefreshExecutor-0] com.netflix.discovery.DiscoveryClient    : Application version is -1: false
2023-12-04T14:20:20.463+02:00  INFO 15228 --- [DiscoveryClient-CacheRefreshExecutor-0] com.netflix.discovery.DiscoveryClient    : Getting all instance registry info from the eureka server
2023-12-04T14:20:20.481+02:00  INFO 15228 --- [DiscoveryClient-CacheRefreshExecutor-0] com.netflix.discovery.DiscoveryClient    : The response status is 200
2023-12-04T14:24:49.992+02:00  INFO 15228 --- [AsyncResolver-bootstrap-executor-0] c.n.d.s.r.aws.ConfigClusterResolver      : Resolving eureka endpoints via configuration
2023-12-04T14:26:15.759+02:00 DEBUG 15228 --- [http-nio-8090-exec-4] app.utils.logger.AroundLogger            : ContactController | Called: create with parameters: [eyJhbGciOiJIUzI1NiJ9.eyJzdWIiOiI4MDIzNDdhZi05ZGVlLTQ0ZGUtOTgwMC04YjYxODA4NWFjZmIiLCJpYXQiOjE3MDE2OTI3NjcsImV4cCI6MTcwMTY5NjM2N30.-R2jOFmsXoCrd2vLlr-AivsGJScNyNuAD21HLbSmcy8, ContactCreUpdRequest[method=SMS, contactId=name, notificationName=hg]]
2023-12-04T14:26:15.760+02:00 DEBUG 15228 --- [http-nio-8090-exec-4] app.utils.logger.AroundLogger            : ContactControllerService | Called: create with parameters: [eyJhbGciOiJIUzI1NiJ9.eyJzdWIiOiI4MDIzNDdhZi05ZGVlLTQ0ZGUtOTgwMC04YjYxODA4NWFjZmIiLCJpYXQiOjE3MDE2OTI3NjcsImV4cCI6MTcwMTY5NjM2N30.-R2jOFmsXoCrd2vLlr-AivsGJScNyNuAD21HLbSmcy8, ContactCreUpdRequest[method=SMS, contactId=name, notificationName=hg]]
2023-12-04T14:26:15.760+02:00 DEBUG 15228 --- [http-nio-8090-exec-4] a.c.controller.ContactControllerService  : getMethodOrThrow called for methodName-SMS
2023-12-04T14:26:15.760+02:00 TRACE 15228 --- [http-nio-8090-exec-4] a.c.controller.ContactControllerService  : getMethodOrThrow executed for methodName-SMS, result-SMS
2023-12-04T14:26:15.761+02:00 DEBUG 15228 --- [http-nio-8090-exec-4] app.utils.logger.AroundLogger            : SecurityFeignClientService | Called: extractAccountId with parameters: [eyJhbGciOiJIUzI1NiJ9.eyJzdWIiOiI4MDIzNDdhZi05ZGVlLTQ0ZGUtOTgwMC04YjYxODA4NWFjZmIiLCJpYXQiOjE3MDE2OTI3NjcsImV4cCI6MTcwMTY5NjM2N30.-R2jOFmsXoCrd2vLlr-AivsGJScNyNuAD21HLbSmcy8]
2023-12-04T14:26:15.761+02:00 TRACE 15228 --- [http-nio-8090-exec-4] a.u.s.s.a.f.SecurityFeignClientService   : extractAccountId was called with securityToken-eyJhbGciOiJIUzI1NiJ9.eyJzdWIiOiI4MDIzNDdhZi05ZGVlLTQ0ZGUtOTgwMC04YjYxODA4NWFjZmIiLCJpYXQiOjE3MDE2OTI3NjcsImV4cCI6MTcwMTY5NjM2N30.-R2jOFmsXoCrd2vLlr-AivsGJScNyNuAD21HLbSmcy8
2023-12-04T14:26:15.761+02:00 DEBUG 15228 --- [http-nio-8090-exec-4] app.utils.logger.AroundLogger            : $Proxy152 | Called: getAccountId with parameters: [eyJhbGciOiJIUzI1NiJ9.eyJzdWIiOiI4MDIzNDdhZi05ZGVlLTQ0ZGUtOTgwMC04YjYxODA4NWFjZmIiLCJpYXQiOjE3MDE2OTI3NjcsImV4cCI6MTcwMTY5NjM2N30.-R2jOFmsXoCrd2vLlr-AivsGJScNyNuAD21HLbSmcy8]
2023-12-04T14:26:15.789+02:00 TRACE 15228 --- [http-nio-8090-exec-4] app.utils.logger.AroundLogger            : $Proxy152 | Executed: getAccountId with parameters: [eyJhbGciOiJIUzI1NiJ9.eyJzdWIiOiI4MDIzNDdhZi05ZGVlLTQ0ZGUtOTgwMC04YjYxODA4NWFjZmIiLCJpYXQiOjE3MDE2OTI3NjcsImV4cCI6MTcwMTY5NjM2N30.-R2jOFmsXoCrd2vLlr-AivsGJScNyNuAD21HLbSmcy8] and result: 802347af-9dee-44de-9800-8b618085acfb
2023-12-04T14:26:15.789+02:00 TRACE 15228 --- [http-nio-8090-exec-4] app.utils.logger.AroundLogger            : SecurityFeignClientService | Executed: extractAccountId with parameters: [eyJhbGciOiJIUzI1NiJ9.eyJzdWIiOiI4MDIzNDdhZi05ZGVlLTQ0ZGUtOTgwMC04YjYxODA4NWFjZmIiLCJpYXQiOjE3MDE2OTI3NjcsImV4cCI6MTcwMTY5NjM2N30.-R2jOFmsXoCrd2vLlr-AivsGJScNyNuAD21HLbSmcy8] and result: 802347af-9dee-44de-9800-8b618085acfb
2023-12-04T14:26:15.794+02:00 DEBUG 15228 --- [http-nio-8090-exec-4] app.utils.logger.AroundLogger            : ContactService | Called: create with parameters: [Contact(entity=ContactEntity(accountId=802347af-9dee-44de-9800-8b618085acfb, method=SMS, contactId=name, notificationName=hg))]
2023-12-04T14:26:15.794+02:00 DEBUG 15228 --- [http-nio-8090-exec-4] app.contact.model.ContactService         : doesUserExists called for contact-Contact(entity=ContactEntity(accountId=802347af-9dee-44de-9800-8b618085acfb, method=SMS, contactId=name, notificationName=hg))
2023-12-04T14:26:15.795+02:00 DEBUG 15228 --- [http-nio-8090-exec-4] app.utils.logger.AroundLogger            : ContactRepositoryService | Called: doesContactExists with parameters: [Contact(entity=ContactEntity(accountId=802347af-9dee-44de-9800-8b618085acfb, method=SMS, contactId=name, notificationName=hg))]
2023-12-04T14:26:15.797+02:00 DEBUG 15228 --- [http-nio-8090-exec-4] app.utils.logger.AroundLogger            : $Proxy146 | Called: existsById with parameters: [ContactCompositeKey(accountId=802347af-9dee-44de-9800-8b618085acfb, method=SMS, contactId=name)]
2023-12-04T14:26:16.031+02:00 TRACE 15228 --- [http-nio-8090-exec-4] app.utils.logger.AroundLogger            : $Proxy146 | Executed: existsById with parameters: [ContactCompositeKey(accountId=802347af-9dee-44de-9800-8b618085acfb, method=SMS, contactId=name)] and result: false
2023-12-04T14:26:16.031+02:00 TRACE 15228 --- [http-nio-8090-exec-4] app.utils.logger.AroundLogger            : ContactRepositoryService | Executed: doesContactExists with parameters: [Contact(entity=ContactEntity(accountId=802347af-9dee-44de-9800-8b618085acfb, method=SMS, contactId=name, notificationName=hg))] and result: false
2023-12-04T14:26:16.031+02:00 TRACE 15228 --- [http-nio-8090-exec-4] app.contact.model.ContactService         : doesUserExists executed for contact-Contact(entity=ContactEntity(accountId=802347af-9dee-44de-9800-8b618085acfb, method=SMS, contactId=name, notificationName=hg)) with result-false
2023-12-04T14:26:16.031+02:00 DEBUG 15228 --- [http-nio-8090-exec-4] app.utils.logger.AroundLogger            : ContactRepositoryService | Called: save with parameters: [Contact(entity=ContactEntity(accountId=802347af-9dee-44de-9800-8b618085acfb, method=SMS, contactId=name, notificationName=hg))]
2023-12-04T14:26:16.032+02:00 DEBUG 15228 --- [http-nio-8090-exec-4] app.utils.logger.AroundLogger            : $Proxy146 | Called: save with parameters: [ContactEntity(accountId=802347af-9dee-44de-9800-8b618085acfb, method=SMS, contactId=name, notificationName=hg)]
2023-12-04T14:26:16.058+02:00 TRACE 15228 --- [http-nio-8090-exec-4] app.utils.logger.AroundLogger            : $Proxy146 | Executed: save with parameters: [ContactEntity(accountId=802347af-9dee-44de-9800-8b618085acfb, method=SMS, contactId=name, notificationName=hg)] and result: ContactEntity(accountId=802347af-9dee-44de-9800-8b618085acfb, method=SMS, contactId=name, notificationName=hg)
2023-12-04T14:26:16.058+02:00 TRACE 15228 --- [http-nio-8090-exec-4] app.utils.logger.AroundLogger            : ContactRepositoryService | Executed: save with parameters: [Contact(entity=ContactEntity(accountId=802347af-9dee-44de-9800-8b618085acfb, method=SMS, contactId=name, notificationName=hg))] and result: Contact(entity=ContactEntity(accountId=802347af-9dee-44de-9800-8b618085acfb, method=SMS, contactId=name, notificationName=hg))
2023-12-04T14:26:16.058+02:00 TRACE 15228 --- [http-nio-8090-exec-4] app.utils.logger.AroundLogger            : ContactService | Executed: create with parameters: [Contact(entity=ContactEntity(accountId=802347af-9dee-44de-9800-8b618085acfb, method=SMS, contactId=name, notificationName=hg))] and result: Contact(entity=ContactEntity(accountId=802347af-9dee-44de-9800-8b618085acfb, method=SMS, contactId=name, notificationName=hg))
2023-12-04T14:26:16.073+02:00 TRACE 15228 --- [http-nio-8090-exec-4] app.utils.logger.AroundLogger            : ContactControllerService | Executed: create with parameters: [eyJhbGciOiJIUzI1NiJ9.eyJzdWIiOiI4MDIzNDdhZi05ZGVlLTQ0ZGUtOTgwMC04YjYxODA4NWFjZmIiLCJpYXQiOjE3MDE2OTI3NjcsImV4cCI6MTcwMTY5NjM2N30.-R2jOFmsXoCrd2vLlr-AivsGJScNyNuAD21HLbSmcy8, ContactCreUpdRequest[method=SMS, contactId=name, notificationName=hg]] and result: Contact(entity=ContactEntity(accountId=802347af-9dee-44de-9800-8b618085acfb, method=SMS, contactId=name, notificationName=hg))
2023-12-04T14:26:16.074+02:00 TRACE 15228 --- [http-nio-8090-exec-4] app.utils.logger.AroundLogger            : ContactController | Executed: create with parameters: [eyJhbGciOiJIUzI1NiJ9.eyJzdWIiOiI4MDIzNDdhZi05ZGVlLTQ0ZGUtOTgwMC04YjYxODA4NWFjZmIiLCJpYXQiOjE3MDE2OTI3NjcsImV4cCI6MTcwMTY5NjM2N30.-R2jOFmsXoCrd2vLlr-AivsGJScNyNuAD21HLbSmcy8, ContactCreUpdRequest[method=SMS, contactId=name, notificationName=hg]] and result: Contact(entity=ContactEntity(accountId=802347af-9dee-44de-9800-8b618085acfb, method=SMS, contactId=name, notificationName=hg))
2023-12-04T14:26:18.990+02:00 DEBUG 15228 --- [http-nio-8090-exec-7] app.utils.logger.AroundLogger            : ContactController | Called: findAllByAccountId with parameters: [eyJhbGciOiJIUzI1NiJ9.eyJzdWIiOiI4MDIzNDdhZi05ZGVlLTQ0ZGUtOTgwMC04YjYxODA4NWFjZmIiLCJpYXQiOjE3MDE2OTI3NjcsImV4cCI6MTcwMTY5NjM2N30.-R2jOFmsXoCrd2vLlr-AivsGJScNyNuAD21HLbSmcy8]
2023-12-04T14:26:18.990+02:00 DEBUG 15228 --- [http-nio-8090-exec-7] app.utils.logger.AroundLogger            : ContactControllerService | Called: findAllByAccountId with parameters: [eyJhbGciOiJIUzI1NiJ9.eyJzdWIiOiI4MDIzNDdhZi05ZGVlLTQ0ZGUtOTgwMC04YjYxODA4NWFjZmIiLCJpYXQiOjE3MDE2OTI3NjcsImV4cCI6MTcwMTY5NjM2N30.-R2jOFmsXoCrd2vLlr-AivsGJScNyNuAD21HLbSmcy8]
2023-12-04T14:26:18.990+02:00 DEBUG 15228 --- [http-nio-8090-exec-7] app.utils.logger.AroundLogger            : SecurityFeignClientService | Called: extractAccountId with parameters: [eyJhbGciOiJIUzI1NiJ9.eyJzdWIiOiI4MDIzNDdhZi05ZGVlLTQ0ZGUtOTgwMC04YjYxODA4NWFjZmIiLCJpYXQiOjE3MDE2OTI3NjcsImV4cCI6MTcwMTY5NjM2N30.-R2jOFmsXoCrd2vLlr-AivsGJScNyNuAD21HLbSmcy8]
2023-12-04T14:26:18.990+02:00 TRACE 15228 --- [http-nio-8090-exec-7] a.u.s.s.a.f.SecurityFeignClientService   : extractAccountId was called with securityToken-eyJhbGciOiJIUzI1NiJ9.eyJzdWIiOiI4MDIzNDdhZi05ZGVlLTQ0ZGUtOTgwMC04YjYxODA4NWFjZmIiLCJpYXQiOjE3MDE2OTI3NjcsImV4cCI6MTcwMTY5NjM2N30.-R2jOFmsXoCrd2vLlr-AivsGJScNyNuAD21HLbSmcy8
2023-12-04T14:26:18.990+02:00 DEBUG 15228 --- [http-nio-8090-exec-7] app.utils.logger.AroundLogger            : $Proxy152 | Called: getAccountId with parameters: [eyJhbGciOiJIUzI1NiJ9.eyJzdWIiOiI4MDIzNDdhZi05ZGVlLTQ0ZGUtOTgwMC04YjYxODA4NWFjZmIiLCJpYXQiOjE3MDE2OTI3NjcsImV4cCI6MTcwMTY5NjM2N30.-R2jOFmsXoCrd2vLlr-AivsGJScNyNuAD21HLbSmcy8]
2023-12-04T14:26:19.000+02:00 TRACE 15228 --- [http-nio-8090-exec-7] app.utils.logger.AroundLogger            : $Proxy152 | Executed: getAccountId with parameters: [eyJhbGciOiJIUzI1NiJ9.eyJzdWIiOiI4MDIzNDdhZi05ZGVlLTQ0ZGUtOTgwMC04YjYxODA4NWFjZmIiLCJpYXQiOjE3MDE2OTI3NjcsImV4cCI6MTcwMTY5NjM2N30.-R2jOFmsXoCrd2vLlr-AivsGJScNyNuAD21HLbSmcy8] and result: 802347af-9dee-44de-9800-8b618085acfb
2023-12-04T14:26:19.000+02:00 TRACE 15228 --- [http-nio-8090-exec-7] app.utils.logger.AroundLogger            : SecurityFeignClientService | Executed: extractAccountId with parameters: [eyJhbGciOiJIUzI1NiJ9.eyJzdWIiOiI4MDIzNDdhZi05ZGVlLTQ0ZGUtOTgwMC04YjYxODA4NWFjZmIiLCJpYXQiOjE3MDE2OTI3NjcsImV4cCI6MTcwMTY5NjM2N30.-R2jOFmsXoCrd2vLlr-AivsGJScNyNuAD21HLbSmcy8] and result: 802347af-9dee-44de-9800-8b618085acfb
2023-12-04T14:26:19.001+02:00 DEBUG 15228 --- [http-nio-8090-exec-7] app.utils.logger.AroundLogger            : ContactService | Called: findAllByAccountId with parameters: [802347af-9dee-44de-9800-8b618085acfb]
2023-12-04T14:26:19.001+02:00 DEBUG 15228 --- [http-nio-8090-exec-7] app.utils.logger.AroundLogger            : ContactRepositoryService | Called: findAllByAccountId with parameters: [802347af-9dee-44de-9800-8b618085acfb]
2023-12-04T14:26:19.001+02:00 DEBUG 15228 --- [http-nio-8090-exec-7] app.utils.logger.AroundLogger            : $Proxy146 | Called: findAllByAccountId with parameters: [802347af-9dee-44de-9800-8b618085acfb]
2023-12-04T14:26:19.018+02:00 TRACE 15228 --- [http-nio-8090-exec-7] app.utils.logger.AroundLogger            : $Proxy146 | Executed: findAllByAccountId with parameters: [802347af-9dee-44de-9800-8b618085acfb] and result: [ContactEntity(accountId=802347af-9dee-44de-9800-8b618085acfb, method=SMS, contactId=name, notificationName=hg)]
2023-12-04T14:26:19.018+02:00 TRACE 15228 --- [http-nio-8090-exec-7] app.utils.logger.AroundLogger            : ContactRepositoryService | Executed: findAllByAccountId with parameters: [802347af-9dee-44de-9800-8b618085acfb] and result: [Contact(entity=ContactEntity(accountId=802347af-9dee-44de-9800-8b618085acfb, method=SMS, contactId=name, notificationName=hg))]
2023-12-04T14:26:19.018+02:00 TRACE 15228 --- [http-nio-8090-exec-7] app.utils.logger.AroundLogger            : ContactService | Executed: findAllByAccountId with parameters: [802347af-9dee-44de-9800-8b618085acfb] and result: [Contact(entity=ContactEntity(accountId=802347af-9dee-44de-9800-8b618085acfb, method=SMS, contactId=name, notificationName=hg))]
2023-12-04T14:26:19.019+02:00 TRACE 15228 --- [http-nio-8090-exec-7] app.utils.logger.AroundLogger            : ContactControllerService | Executed: findAllByAccountId with parameters: [eyJhbGciOiJIUzI1NiJ9.eyJzdWIiOiI4MDIzNDdhZi05ZGVlLTQ0ZGUtOTgwMC04YjYxODA4NWFjZmIiLCJpYXQiOjE3MDE2OTI3NjcsImV4cCI6MTcwMTY5NjM2N30.-R2jOFmsXoCrd2vLlr-AivsGJScNyNuAD21HLbSmcy8] and result: [Contact(entity=ContactEntity(accountId=802347af-9dee-44de-9800-8b618085acfb, method=SMS, contactId=name, notificationName=hg))]
2023-12-04T14:26:19.019+02:00 TRACE 15228 --- [http-nio-8090-exec-7] app.utils.logger.AroundLogger            : ContactController | Executed: findAllByAccountId with parameters: [eyJhbGciOiJIUzI1NiJ9.eyJzdWIiOiI4MDIzNDdhZi05ZGVlLTQ0ZGUtOTgwMC04YjYxODA4NWFjZmIiLCJpYXQiOjE3MDE2OTI3NjcsImV4cCI6MTcwMTY5NjM2N30.-R2jOFmsXoCrd2vLlr-AivsGJScNyNuAD21HLbSmcy8] and result: [Contact(entity=ContactEntity(accountId=802347af-9dee-44de-9800-8b618085acfb, method=SMS, contactId=name, notificationName=hg))]
2023-12-04T14:26:23.464+02:00  INFO 15228 --- [SpringApplicationShutdownHook] o.s.c.n.e.s.EurekaServiceRegistry        : Unregistering application CONTACT with eureka with status DOWN
2023-12-04T14:26:23.464+02:00  INFO 15228 --- [SpringApplicationShutdownHook] com.netflix.discovery.DiscoveryClient    : Saw local status change event StatusChangeEvent [timestamp=1701692783464, current=DOWN, previous=UP]
2023-12-04T14:26:23.465+02:00  INFO 15228 --- [DiscoveryClient-InstanceInfoReplicator-0] com.netflix.discovery.DiscoveryClient    : DiscoveryClient_CONTACT/DESKTOP-AU4D8HT:contact:8090: registering service...
2023-12-04T14:26:23.470+02:00  INFO 15228 --- [DiscoveryClient-InstanceInfoReplicator-0] com.netflix.discovery.DiscoveryClient    : DiscoveryClient_CONTACT/DESKTOP-AU4D8HT:contact:8090 - registration status: 204
2023-12-04T14:26:23.488+02:00  INFO 15228 --- [SpringApplicationShutdownHook] j.LocalContainerEntityManagerFactoryBean : Closing JPA EntityManagerFactory for persistence unit 'default'
2023-12-04T14:26:23.490+02:00  INFO 15228 --- [SpringApplicationShutdownHook] com.zaxxer.hikari.HikariDataSource       : HikariPool-1 - Shutdown initiated...
2023-12-04T14:26:23.493+02:00  INFO 15228 --- [SpringApplicationShutdownHook] com.zaxxer.hikari.HikariDataSource       : HikariPool-1 - Shutdown completed.
2023-12-04T14:26:23.495+02:00  INFO 15228 --- [SpringApplicationShutdownHook] com.netflix.discovery.DiscoveryClient    : Shutting down DiscoveryClient ...
2023-12-04T14:26:26.504+02:00  INFO 15228 --- [SpringApplicationShutdownHook] com.netflix.discovery.DiscoveryClient    : Unregistering ...
2023-12-04T14:26:26.523+02:00  INFO 15228 --- [SpringApplicationShutdownHook] c.n.d.s.t.d.RedirectingEurekaHttpClient  : Request execution error. endpoint=DefaultEndpoint{ serviceUrl='http://localhost:8761/eureka/} exception=I/O error on DELETE request for "http://localhost:8761/eureka/apps/CONTACT/DESKTOP-AU4D8HT:contact:8090": Connect to http://localhost:8761 [localhost/127.0.0.1, localhost/0:0:0:0:0:0:0:1] failed: Connection refused: no further information stacktrace=org.springframework.web.client.ResourceAccessException: I/O error on DELETE request for "http://localhost:8761/eureka/apps/CONTACT/DESKTOP-AU4D8HT:contact:8090": Connect to http://localhost:8761 [localhost/127.0.0.1, localhost/0:0:0:0:0:0:0:1] failed: Connection refused: no further information
	at org.springframework.web.client.RestTemplate.createResourceAccessException(RestTemplate.java:888)
	at org.springframework.web.client.RestTemplate.doExecute(RestTemplate.java:868)
	at org.springframework.web.client.RestTemplate.execute(RestTemplate.java:764)
	at org.springframework.web.client.RestTemplate.exchange(RestTemplate.java:646)
	at org.springframework.cloud.netflix.eureka.http.RestTemplateEurekaHttpClient.cancel(RestTemplateEurekaHttpClient.java:87)
	at com.netflix.discovery.shared.transport.decorator.EurekaHttpClientDecorator$2.execute(EurekaHttpClientDecorator.java:74)
	at com.netflix.discovery.shared.transport.decorator.RedirectingEurekaHttpClient.execute(RedirectingEurekaHttpClient.java:91)
	at com.netflix.discovery.shared.transport.decorator.EurekaHttpClientDecorator.cancel(EurekaHttpClientDecorator.java:71)
	at com.netflix.discovery.shared.transport.decorator.EurekaHttpClientDecorator$2.execute(EurekaHttpClientDecorator.java:74)
	at com.netflix.discovery.shared.transport.decorator.RetryableEurekaHttpClient.execute(RetryableEurekaHttpClient.java:120)
	at com.netflix.discovery.shared.transport.decorator.EurekaHttpClientDecorator.cancel(EurekaHttpClientDecorator.java:71)
	at com.netflix.discovery.shared.transport.decorator.EurekaHttpClientDecorator$2.execute(EurekaHttpClientDecorator.java:74)
	at com.netflix.discovery.shared.transport.decorator.SessionedEurekaHttpClient.execute(SessionedEurekaHttpClient.java:77)
	at com.netflix.discovery.shared.transport.decorator.EurekaHttpClientDecorator.cancel(EurekaHttpClientDecorator.java:71)
	at com.netflix.discovery.DiscoveryClient.unregister(DiscoveryClient.java:916)
	at com.netflix.discovery.DiscoveryClient.shutdown(DiscoveryClient.java:892)
	at java.base/jdk.internal.reflect.DirectMethodHandleAccessor.invoke(DirectMethodHandleAccessor.java:104)
	at java.base/java.lang.reflect.Method.invoke(Method.java:578)
	at org.springframework.beans.factory.annotation.InitDestroyAnnotationBeanPostProcessor$LifecycleMethod.invoke(InitDestroyAnnotationBeanPostProcessor.java:457)
	at org.springframework.beans.factory.annotation.InitDestroyAnnotationBeanPostProcessor$LifecycleMetadata.invokeDestroyMethods(InitDestroyAnnotationBeanPostProcessor.java:415)
	at org.springframework.beans.factory.annotation.InitDestroyAnnotationBeanPostProcessor.postProcessBeforeDestruction(InitDestroyAnnotationBeanPostProcessor.java:239)
	at org.springframework.beans.factory.support.DisposableBeanAdapter.destroy(DisposableBeanAdapter.java:191)
	at org.springframework.beans.factory.support.DisposableBeanAdapter.run(DisposableBeanAdapter.java:184)
	at org.springframework.cloud.context.scope.GenericScope$BeanLifecycleWrapper.destroy(GenericScope.java:389)
	at org.springframework.cloud.context.scope.GenericScope.destroy(GenericScope.java:136)
	at org.springframework.beans.factory.support.DisposableBeanAdapter.destroy(DisposableBeanAdapter.java:200)
	at org.springframework.beans.factory.support.DefaultSingletonBeanRegistry.destroyBean(DefaultSingletonBeanRegistry.java:587)
	at org.springframework.beans.factory.support.DefaultSingletonBeanRegistry.destroySingleton(DefaultSingletonBeanRegistry.java:559)
	at org.springframework.beans.factory.support.DefaultListableBeanFactory.destroySingleton(DefaultListableBeanFactory.java:1189)
	at org.springframework.beans.factory.support.DefaultSingletonBeanRegistry.destroySingletons(DefaultSingletonBeanRegistry.java:520)
	at org.springframework.beans.factory.support.DefaultListableBeanFactory.destroySingletons(DefaultListableBeanFactory.java:1182)
	at org.springframework.context.support.AbstractApplicationContext.destroyBeans(AbstractApplicationContext.java:1107)
	at org.springframework.context.support.AbstractApplicationContext.doClose(AbstractApplicationContext.java:1076)
	at org.springframework.boot.web.servlet.context.ServletWebServerApplicationContext.doClose(ServletWebServerApplicationContext.java:173)
	at org.springframework.context.support.AbstractApplicationContext.close(AbstractApplicationContext.java:1027)
	at org.springframework.boot.SpringApplicationShutdownHook.closeAndWait(SpringApplicationShutdownHook.java:139)
	at java.base/java.lang.Iterable.forEach(Iterable.java:75)
	at org.springframework.boot.SpringApplicationShutdownHook.run(SpringApplicationShutdownHook.java:108)
	at java.base/java.lang.Thread.run(Thread.java:1589)
Caused by: org.apache.hc.client5.http.HttpHostConnectException: Connect to http://localhost:8761 [localhost/127.0.0.1, localhost/0:0:0:0:0:0:0:1] failed: Connection refused: no further information
	at java.base/sun.nio.ch.Net.pollConnect(Native Method)
	at java.base/sun.nio.ch.Net.pollConnectNow(Net.java:672)
	at java.base/sun.nio.ch.NioSocketImpl.timedFinishConnect(NioSocketImpl.java:535)
	at java.base/sun.nio.ch.NioSocketImpl.connect(NioSocketImpl.java:585)
	at java.base/java.net.SocksSocketImpl.connect(SocksSocketImpl.java:327)
	at java.base/java.net.Socket.connect(Socket.java:666)
	at org.apache.hc.client5.http.socket.PlainConnectionSocketFactory.lambda$connectSocket$0(PlainConnectionSocketFactory.java:85)
	at java.base/java.security.AccessController.doPrivileged(AccessController.java:569)
	at org.apache.hc.client5.http.socket.PlainConnectionSocketFactory.connectSocket(PlainConnectionSocketFactory.java:84)
	at org.apache.hc.client5.http.socket.ConnectionSocketFactory.connectSocket(ConnectionSocketFactory.java:113)
	at org.apache.hc.client5.http.impl.io.DefaultHttpClientConnectionOperator.connect(DefaultHttpClientConnectionOperator.java:181)
	at org.apache.hc.client5.http.impl.io.PoolingHttpClientConnectionManager.connect(PoolingHttpClientConnectionManager.java:447)
	at org.apache.hc.client5.http.impl.classic.InternalExecRuntime.connectEndpoint(InternalExecRuntime.java:162)
	at org.apache.hc.client5.http.impl.classic.InternalExecRuntime.connectEndpoint(InternalExecRuntime.java:172)
	at org.apache.hc.client5.http.impl.classic.ConnectExec.execute(ConnectExec.java:142)
	at org.apache.hc.client5.http.impl.classic.ExecChainElement.execute(ExecChainElement.java:51)
	at org.apache.hc.client5.http.impl.classic.ProtocolExec.execute(ProtocolExec.java:192)
	at org.apache.hc.client5.http.impl.classic.ExecChainElement.execute(ExecChainElement.java:51)
	at org.apache.hc.client5.http.impl.classic.HttpRequestRetryExec.execute(HttpRequestRetryExec.java:96)
	at org.apache.hc.client5.http.impl.classic.ExecChainElement.execute(ExecChainElement.java:51)
	at org.apache.hc.client5.http.impl.classic.ContentCompressionExec.execute(ContentCompressionExec.java:152)
	at org.apache.hc.client5.http.impl.classic.ExecChainElement.execute(ExecChainElement.java:51)
	at org.apache.hc.client5.http.impl.classic.RedirectExec.execute(RedirectExec.java:115)
	at org.apache.hc.client5.http.impl.classic.ExecChainElement.execute(ExecChainElement.java:51)
	at org.apache.hc.client5.http.impl.classic.InternalHttpClient.doExecute(InternalHttpClient.java:170)
	at org.apache.hc.client5.http.impl.classic.CloseableHttpClient.execute(CloseableHttpClient.java:106)
	at org.apache.hc.client5.http.impl.classic.CloseableHttpClient.execute(CloseableHttpClient.java:55)
	at org.springframework.http.client.HttpComponentsClientHttpRequest.executeInternal(HttpComponentsClientHttpRequest.java:93)
	at org.springframework.http.client.AbstractBufferingClientHttpRequest.executeInternal(AbstractBufferingClientHttpRequest.java:48)
	at org.springframework.http.client.AbstractClientHttpRequest.execute(AbstractClientHttpRequest.java:66)
	at org.springframework.http.client.InterceptingClientHttpRequest$InterceptingRequestExecution.execute(InterceptingClientHttpRequest.java:101)
	at org.springframework.cloud.netflix.eureka.http.RestTemplateTransportClientFactory.lambda$restTemplate$0(RestTemplateTransportClientFactory.java:143)
	at org.springframework.http.client.InterceptingClientHttpRequest$InterceptingRequestExecution.execute(InterceptingClientHttpRequest.java:87)
	at org.springframework.http.client.InterceptingClientHttpRequest.executeInternal(InterceptingClientHttpRequest.java:71)
	at org.springframework.http.client.AbstractBufferingClientHttpRequest.executeInternal(AbstractBufferingClientHttpRequest.java:48)
	at org.springframework.http.client.AbstractClientHttpRequest.execute(AbstractClientHttpRequest.java:66)
	at org.springframework.web.client.RestTemplate.doExecute(RestTemplate.java:862)
	... 37 more

2023-12-04T14:26:26.523+02:00  WARN 15228 --- [SpringApplicationShutdownHook] c.n.d.s.t.d.RetryableEurekaHttpClient    : Request execution failed with message: I/O error on DELETE request for "http://localhost:8761/eureka/apps/CONTACT/DESKTOP-AU4D8HT:contact:8090": Connect to http://localhost:8761 [localhost/127.0.0.1, localhost/0:0:0:0:0:0:0:1] failed: Connection refused: no further information
2023-12-04T14:26:26.567+02:00  INFO 15228 --- [SpringApplicationShutdownHook] c.n.d.s.t.d.RedirectingEurekaHttpClient  : Request execution error. endpoint=DefaultEndpoint{ serviceUrl='http://localhost:8761/eureka/}, exception=I/O error on DELETE request for "http://localhost:8761/eureka/apps/CONTACT/DESKTOP-AU4D8HT:contact:8090": Connect to http://localhost:8761 [localhost/127.0.0.1, localhost/0:0:0:0:0:0:0:1] failed: Connection refused: no further information stacktrace=org.springframework.web.client.ResourceAccessException: I/O error on DELETE request for "http://localhost:8761/eureka/apps/CONTACT/DESKTOP-AU4D8HT:contact:8090": Connect to http://localhost:8761 [localhost/127.0.0.1, localhost/0:0:0:0:0:0:0:1] failed: Connection refused: no further information
	at org.springframework.web.client.RestTemplate.createResourceAccessException(RestTemplate.java:888)
	at org.springframework.web.client.RestTemplate.doExecute(RestTemplate.java:868)
	at org.springframework.web.client.RestTemplate.execute(RestTemplate.java:764)
	at org.springframework.web.client.RestTemplate.exchange(RestTemplate.java:646)
	at org.springframework.cloud.netflix.eureka.http.RestTemplateEurekaHttpClient.cancel(RestTemplateEurekaHttpClient.java:87)
	at com.netflix.discovery.shared.transport.decorator.EurekaHttpClientDecorator$2.execute(EurekaHttpClientDecorator.java:74)
	at com.netflix.discovery.shared.transport.decorator.RedirectingEurekaHttpClient.executeOnNewServer(RedirectingEurekaHttpClient.java:121)
	at com.netflix.discovery.shared.transport.decorator.RedirectingEurekaHttpClient.execute(RedirectingEurekaHttpClient.java:80)
	at com.netflix.discovery.shared.transport.decorator.EurekaHttpClientDecorator.cancel(EurekaHttpClientDecorator.java:71)
	at com.netflix.discovery.shared.transport.decorator.EurekaHttpClientDecorator$2.execute(EurekaHttpClientDecorator.java:74)
	at com.netflix.discovery.shared.transport.decorator.RetryableEurekaHttpClient.execute(RetryableEurekaHttpClient.java:120)
	at com.netflix.discovery.shared.transport.decorator.EurekaHttpClientDecorator.cancel(EurekaHttpClientDecorator.java:71)
	at com.netflix.discovery.shared.transport.decorator.EurekaHttpClientDecorator$2.execute(EurekaHttpClientDecorator.java:74)
	at com.netflix.discovery.shared.transport.decorator.SessionedEurekaHttpClient.execute(SessionedEurekaHttpClient.java:77)
	at com.netflix.discovery.shared.transport.decorator.EurekaHttpClientDecorator.cancel(EurekaHttpClientDecorator.java:71)
	at com.netflix.discovery.DiscoveryClient.unregister(DiscoveryClient.java:916)
	at com.netflix.discovery.DiscoveryClient.shutdown(DiscoveryClient.java:892)
	at java.base/jdk.internal.reflect.DirectMethodHandleAccessor.invoke(DirectMethodHandleAccessor.java:104)
	at java.base/java.lang.reflect.Method.invoke(Method.java:578)
	at org.springframework.beans.factory.annotation.InitDestroyAnnotationBeanPostProcessor$LifecycleMethod.invoke(InitDestroyAnnotationBeanPostProcessor.java:457)
	at org.springframework.beans.factory.annotation.InitDestroyAnnotationBeanPostProcessor$LifecycleMetadata.invokeDestroyMethods(InitDestroyAnnotationBeanPostProcessor.java:415)
	at org.springframework.beans.factory.annotation.InitDestroyAnnotationBeanPostProcessor.postProcessBeforeDestruction(InitDestroyAnnotationBeanPostProcessor.java:239)
	at org.springframework.beans.factory.support.DisposableBeanAdapter.destroy(DisposableBeanAdapter.java:191)
	at org.springframework.beans.factory.support.DisposableBeanAdapter.run(DisposableBeanAdapter.java:184)
	at org.springframework.cloud.context.scope.GenericScope$BeanLifecycleWrapper.destroy(GenericScope.java:389)
	at org.springframework.cloud.context.scope.GenericScope.destroy(GenericScope.java:136)
	at org.springframework.beans.factory.support.DisposableBeanAdapter.destroy(DisposableBeanAdapter.java:200)
	at org.springframework.beans.factory.support.DefaultSingletonBeanRegistry.destroyBean(DefaultSingletonBeanRegistry.java:587)
	at org.springframework.beans.factory.support.DefaultSingletonBeanRegistry.destroySingleton(DefaultSingletonBeanRegistry.java:559)
	at org.springframework.beans.factory.support.DefaultListableBeanFactory.destroySingleton(DefaultListableBeanFactory.java:1189)
	at org.springframework.beans.factory.support.DefaultSingletonBeanRegistry.destroySingletons(DefaultSingletonBeanRegistry.java:520)
	at org.springframework.beans.factory.support.DefaultListableBeanFactory.destroySingletons(DefaultListableBeanFactory.java:1182)
	at org.springframework.context.support.AbstractApplicationContext.destroyBeans(AbstractApplicationContext.java:1107)
	at org.springframework.context.support.AbstractApplicationContext.doClose(AbstractApplicationContext.java:1076)
	at org.springframework.boot.web.servlet.context.ServletWebServerApplicationContext.doClose(ServletWebServerApplicationContext.java:173)
	at org.springframework.context.support.AbstractApplicationContext.close(AbstractApplicationContext.java:1027)
	at org.springframework.boot.SpringApplicationShutdownHook.closeAndWait(SpringApplicationShutdownHook.java:139)
	at java.base/java.lang.Iterable.forEach(Iterable.java:75)
	at org.springframework.boot.SpringApplicationShutdownHook.run(SpringApplicationShutdownHook.java:108)
	at java.base/java.lang.Thread.run(Thread.java:1589)
Caused by: org.apache.hc.client5.http.HttpHostConnectException: Connect to http://localhost:8761 [localhost/127.0.0.1, localhost/0:0:0:0:0:0:0:1] failed: Connection refused: no further information
	at java.base/sun.nio.ch.Net.pollConnect(Native Method)
	at java.base/sun.nio.ch.Net.pollConnectNow(Net.java:672)
	at java.base/sun.nio.ch.NioSocketImpl.timedFinishConnect(NioSocketImpl.java:535)
	at java.base/sun.nio.ch.NioSocketImpl.connect(NioSocketImpl.java:585)
	at java.base/java.net.SocksSocketImpl.connect(SocksSocketImpl.java:327)
	at java.base/java.net.Socket.connect(Socket.java:666)
	at org.apache.hc.client5.http.socket.PlainConnectionSocketFactory.lambda$connectSocket$0(PlainConnectionSocketFactory.java:85)
	at java.base/java.security.AccessController.doPrivileged(AccessController.java:569)
	at org.apache.hc.client5.http.socket.PlainConnectionSocketFactory.connectSocket(PlainConnectionSocketFactory.java:84)
	at org.apache.hc.client5.http.socket.ConnectionSocketFactory.connectSocket(ConnectionSocketFactory.java:113)
	at org.apache.hc.client5.http.impl.io.DefaultHttpClientConnectionOperator.connect(DefaultHttpClientConnectionOperator.java:181)
	at org.apache.hc.client5.http.impl.io.PoolingHttpClientConnectionManager.connect(PoolingHttpClientConnectionManager.java:447)
	at org.apache.hc.client5.http.impl.classic.InternalExecRuntime.connectEndpoint(InternalExecRuntime.java:162)
	at org.apache.hc.client5.http.impl.classic.InternalExecRuntime.connectEndpoint(InternalExecRuntime.java:172)
	at org.apache.hc.client5.http.impl.classic.ConnectExec.execute(ConnectExec.java:142)
	at org.apache.hc.client5.http.impl.classic.ExecChainElement.execute(ExecChainElement.java:51)
	at org.apache.hc.client5.http.impl.classic.ProtocolExec.execute(ProtocolExec.java:192)
	at org.apache.hc.client5.http.impl.classic.ExecChainElement.execute(ExecChainElement.java:51)
	at org.apache.hc.client5.http.impl.classic.HttpRequestRetryExec.execute(HttpRequestRetryExec.java:96)
	at org.apache.hc.client5.http.impl.classic.ExecChainElement.execute(ExecChainElement.java:51)
	at org.apache.hc.client5.http.impl.classic.ContentCompressionExec.execute(ContentCompressionExec.java:152)
	at org.apache.hc.client5.http.impl.classic.ExecChainElement.execute(ExecChainElement.java:51)
	at org.apache.hc.client5.http.impl.classic.RedirectExec.execute(RedirectExec.java:115)
	at org.apache.hc.client5.http.impl.classic.ExecChainElement.execute(ExecChainElement.java:51)
	at org.apache.hc.client5.http.impl.classic.InternalHttpClient.doExecute(InternalHttpClient.java:170)
	at org.apache.hc.client5.http.impl.classic.CloseableHttpClient.execute(CloseableHttpClient.java:106)
	at org.apache.hc.client5.http.impl.classic.CloseableHttpClient.execute(CloseableHttpClient.java:55)
	at org.springframework.http.client.HttpComponentsClientHttpRequest.executeInternal(HttpComponentsClientHttpRequest.java:93)
	at org.springframework.http.client.AbstractBufferingClientHttpRequest.executeInternal(AbstractBufferingClientHttpRequest.java:48)
	at org.springframework.http.client.AbstractClientHttpRequest.execute(AbstractClientHttpRequest.java:66)
	at org.springframework.http.client.InterceptingClientHttpRequest$InterceptingRequestExecution.execute(InterceptingClientHttpRequest.java:101)
	at org.springframework.cloud.netflix.eureka.http.RestTemplateTransportClientFactory.lambda$restTemplate$0(RestTemplateTransportClientFactory.java:143)
	at org.springframework.http.client.InterceptingClientHttpRequest$InterceptingRequestExecution.execute(InterceptingClientHttpRequest.java:87)
	at org.springframework.http.client.InterceptingClientHttpRequest.executeInternal(InterceptingClientHttpRequest.java:71)
	at org.springframework.http.client.AbstractBufferingClientHttpRequest.executeInternal(AbstractBufferingClientHttpRequest.java:48)
	at org.springframework.http.client.AbstractClientHttpRequest.execute(AbstractClientHttpRequest.java:66)
	at org.springframework.web.client.RestTemplate.doExecute(RestTemplate.java:862)
	... 38 more

2023-12-04T14:26:26.568+02:00  WARN 15228 --- [SpringApplicationShutdownHook] c.n.d.s.t.d.RetryableEurekaHttpClient    : Request execution failed with message: I/O error on DELETE request for "http://localhost:8761/eureka/apps/CONTACT/DESKTOP-AU4D8HT:contact:8090": Connect to http://localhost:8761 [localhost/127.0.0.1, localhost/0:0:0:0:0:0:0:1] failed: Connection refused: no further information
2023-12-04T14:26:26.568+02:00 ERROR 15228 --- [SpringApplicationShutdownHook] com.netflix.discovery.DiscoveryClient    : DiscoveryClient_CONTACT/DESKTOP-AU4D8HT:contact:8090 - de-registration failedCannot execute request on any known server

com.netflix.discovery.shared.transport.TransportException: Cannot execute request on any known server
	at com.netflix.discovery.shared.transport.decorator.RetryableEurekaHttpClient.execute(RetryableEurekaHttpClient.java:112) ~[eureka-client-2.0.0.jar:2.0.0]
	at com.netflix.discovery.shared.transport.decorator.EurekaHttpClientDecorator.cancel(EurekaHttpClientDecorator.java:71) ~[eureka-client-2.0.0.jar:2.0.0]
	at com.netflix.discovery.shared.transport.decorator.EurekaHttpClientDecorator$2.execute(EurekaHttpClientDecorator.java:74) ~[eureka-client-2.0.0.jar:2.0.0]
	at com.netflix.discovery.shared.transport.decorator.SessionedEurekaHttpClient.execute(SessionedEurekaHttpClient.java:77) ~[eureka-client-2.0.0.jar:2.0.0]
	at com.netflix.discovery.shared.transport.decorator.EurekaHttpClientDecorator.cancel(EurekaHttpClientDecorator.java:71) ~[eureka-client-2.0.0.jar:2.0.0]
	at com.netflix.discovery.DiscoveryClient.unregister(DiscoveryClient.java:916) ~[eureka-client-2.0.0.jar:2.0.0]
	at com.netflix.discovery.DiscoveryClient.shutdown(DiscoveryClient.java:892) ~[eureka-client-2.0.0.jar:2.0.0]
	at java.base/jdk.internal.reflect.DirectMethodHandleAccessor.invoke(DirectMethodHandleAccessor.java:104) ~[na:na]
	at java.base/java.lang.reflect.Method.invoke(Method.java:578) ~[na:na]
	at org.springframework.beans.factory.annotation.InitDestroyAnnotationBeanPostProcessor$LifecycleMethod.invoke(InitDestroyAnnotationBeanPostProcessor.java:457) ~[spring-beans-6.0.11.jar:6.0.11]
	at org.springframework.beans.factory.annotation.InitDestroyAnnotationBeanPostProcessor$LifecycleMetadata.invokeDestroyMethods(InitDestroyAnnotationBeanPostProcessor.java:415) ~[spring-beans-6.0.11.jar:6.0.11]
	at org.springframework.beans.factory.annotation.InitDestroyAnnotationBeanPostProcessor.postProcessBeforeDestruction(InitDestroyAnnotationBeanPostProcessor.java:239) ~[spring-beans-6.0.11.jar:6.0.11]
	at org.springframework.beans.factory.support.DisposableBeanAdapter.destroy(DisposableBeanAdapter.java:191) ~[spring-beans-6.0.11.jar:6.0.11]
	at org.springframework.beans.factory.support.DisposableBeanAdapter.run(DisposableBeanAdapter.java:184) ~[spring-beans-6.0.11.jar:6.0.11]
	at org.springframework.cloud.context.scope.GenericScope$BeanLifecycleWrapper.destroy(GenericScope.java:389) ~[spring-cloud-context-4.0.3.jar:4.0.3]
	at org.springframework.cloud.context.scope.GenericScope.destroy(GenericScope.java:136) ~[spring-cloud-context-4.0.3.jar:4.0.3]
	at org.springframework.beans.factory.support.DisposableBeanAdapter.destroy(DisposableBeanAdapter.java:200) ~[spring-beans-6.0.11.jar:6.0.11]
	at org.springframework.beans.factory.support.DefaultSingletonBeanRegistry.destroyBean(DefaultSingletonBeanRegistry.java:587) ~[spring-beans-6.0.11.jar:6.0.11]
	at org.springframework.beans.factory.support.DefaultSingletonBeanRegistry.destroySingleton(DefaultSingletonBeanRegistry.java:559) ~[spring-beans-6.0.11.jar:6.0.11]
	at org.springframework.beans.factory.support.DefaultListableBeanFactory.destroySingleton(DefaultListableBeanFactory.java:1189) ~[spring-beans-6.0.11.jar:6.0.11]
	at org.springframework.beans.factory.support.DefaultSingletonBeanRegistry.destroySingletons(DefaultSingletonBeanRegistry.java:520) ~[spring-beans-6.0.11.jar:6.0.11]
	at org.springframework.beans.factory.support.DefaultListableBeanFactory.destroySingletons(DefaultListableBeanFactory.java:1182) ~[spring-beans-6.0.11.jar:6.0.11]
	at org.springframework.context.support.AbstractApplicationContext.destroyBeans(AbstractApplicationContext.java:1107) ~[spring-context-6.0.11.jar:6.0.11]
	at org.springframework.context.support.AbstractApplicationContext.doClose(AbstractApplicationContext.java:1076) ~[spring-context-6.0.11.jar:6.0.11]
	at org.springframework.boot.web.servlet.context.ServletWebServerApplicationContext.doClose(ServletWebServerApplicationContext.java:173) ~[spring-boot-3.1.2.jar:3.1.2]
	at org.springframework.context.support.AbstractApplicationContext.close(AbstractApplicationContext.java:1027) ~[spring-context-6.0.11.jar:6.0.11]
	at org.springframework.boot.SpringApplicationShutdownHook.closeAndWait(SpringApplicationShutdownHook.java:139) ~[spring-boot-3.1.2.jar:3.1.2]
	at java.base/java.lang.Iterable.forEach(Iterable.java:75) ~[na:na]
	at org.springframework.boot.SpringApplicationShutdownHook.run(SpringApplicationShutdownHook.java:108) ~[spring-boot-3.1.2.jar:3.1.2]
	at java.base/java.lang.Thread.run(Thread.java:1589) ~[na:na]

2023-12-04T14:26:26.573+02:00  INFO 15228 --- [SpringApplicationShutdownHook] com.netflix.discovery.DiscoveryClient    : Completed shut down of DiscoveryClient
