2023-12-04T14:19:56.385+02:00  INFO 9068 --- [main] app.security.SecurityServer              : Starting SecurityServer using Java 19.0.1 with PID 9068 (D:\MavenLibraries\MavenProjects\Emergency-Notification-System\security\target\classes started by lesko in D:\MavenLibraries\MavenProjects\Emergency-Notification-System)
2023-12-04T14:19:56.388+02:00 DEBUG 9068 --- [main] app.security.SecurityServer              : Running with Spring Boot v3.1.2, Spring v6.0.11
2023-12-04T14:19:56.389+02:00  INFO 9068 --- [main] app.security.SecurityServer              : No active profile set, falling back to 1 default profile: "default"
2023-12-04T14:19:56.457+02:00  INFO 9068 --- [main] o.s.c.c.c.ConfigServerConfigDataLoader   : Fetching config from server at : http://localhost:8888
2023-12-04T14:19:56.458+02:00  INFO 9068 --- [main] o.s.c.c.c.ConfigServerConfigDataLoader   : Located environment: name=security, profiles=[default], label=null, version=null, state=null
2023-12-04T14:19:56.458+02:00  INFO 9068 --- [main] o.s.c.c.c.ConfigServerConfigDataLoader   : Fetching config from server at : http://localhost:8888
2023-12-04T14:19:56.458+02:00  INFO 9068 --- [main] o.s.c.c.c.ConfigServerConfigDataLoader   : Located environment: name=security, profiles=[default], label=null, version=null, state=null
2023-12-04T14:19:56.458+02:00  INFO 9068 --- [main] o.s.c.c.c.ConfigServerConfigDataLoader   : Fetching config from server at : http://localhost:8888
2023-12-04T14:19:56.458+02:00  INFO 9068 --- [main] o.s.c.c.c.ConfigServerConfigDataLoader   : Located environment: name=security, profiles=[default], label=null, version=null, state=null
2023-12-04T14:19:57.619+02:00  INFO 9068 --- [main] .s.d.r.c.RepositoryConfigurationDelegate : Bootstrapping Spring Data JPA repositories in DEFAULT mode.
2023-12-04T14:19:57.799+02:00  INFO 9068 --- [main] .s.d.r.c.RepositoryConfigurationDelegate : Finished Spring Data repository scanning in 172 ms. Found 3 JPA repository interfaces.
2023-12-04T14:19:58.132+02:00  INFO 9068 --- [main] o.s.cloud.context.scope.GenericScope     : BeanFactory id=b7690663-2173-328b-8ab8-8051c785c73a
2023-12-04T14:19:58.237+02:00  INFO 9068 --- [main] trationDelegate$BeanPostProcessorChecker : Bean 'app.utils.services.telegram.feign.TelegramFeignClient' of type [org.springframework.cloud.openfeign.FeignClientFactoryBean] is not eligible for getting processed by all BeanPostProcessors (for example: not eligible for auto-proxying)
2023-12-04T14:19:58.239+02:00  INFO 9068 --- [main] trationDelegate$BeanPostProcessorChecker : Bean 'app.utils.services.contact.feign.ContactFeignClient' of type [org.springframework.cloud.openfeign.FeignClientFactoryBean] is not eligible for getting processed by all BeanPostProcessors (for example: not eligible for auto-proxying)
2023-12-04T14:19:58.242+02:00  INFO 9068 --- [main] trationDelegate$BeanPostProcessorChecker : Bean 'app.utils.services.notification.feign.NotificationFeignClient' of type [org.springframework.cloud.openfeign.FeignClientFactoryBean] is not eligible for getting processed by all BeanPostProcessors (for example: not eligible for auto-proxying)
2023-12-04T14:19:58.811+02:00  INFO 9068 --- [main] o.s.b.w.embedded.tomcat.TomcatWebServer  : Tomcat initialized with port(s): 8093 (http)
2023-12-04T14:19:58.823+02:00  INFO 9068 --- [main] o.apache.catalina.core.StandardService   : Starting service [Tomcat]
2023-12-04T14:19:58.823+02:00  INFO 9068 --- [main] o.apache.catalina.core.StandardEngine    : Starting Servlet engine: [Apache Tomcat/10.1.11]
2023-12-04T14:19:58.951+02:00  INFO 9068 --- [main] o.a.c.c.C.[Tomcat].[localhost].[/]       : Initializing Spring embedded WebApplicationContext
2023-12-04T14:19:58.952+02:00  INFO 9068 --- [main] w.s.c.ServletWebServerApplicationContext : Root WebApplicationContext: initialization completed in 2491 ms
2023-12-04T14:19:59.348+02:00  INFO 9068 --- [main] o.hibernate.jpa.internal.util.LogHelper  : HHH000204: Processing PersistenceUnitInfo [name: default]
2023-12-04T14:19:59.400+02:00  INFO 9068 --- [main] org.hibernate.Version                    : HHH000412: Hibernate ORM core version 6.2.6.Final
2023-12-04T14:19:59.404+02:00  INFO 9068 --- [main] org.hibernate.cfg.Environment            : HHH000406: Using bytecode reflection optimizer
2023-12-04T14:19:59.558+02:00  INFO 9068 --- [main] o.h.b.i.BytecodeProviderInitiator        : HHH000021: Bytecode provider name : bytebuddy
2023-12-04T14:19:59.719+02:00  INFO 9068 --- [main] o.s.o.j.p.SpringPersistenceUnitInfo      : No LoadTimeWeaver setup: ignoring JPA class transformer
2023-12-04T14:19:59.736+02:00  INFO 9068 --- [main] com.zaxxer.hikari.HikariDataSource       : HikariPool-1 - Starting...
2023-12-04T14:19:59.910+02:00  INFO 9068 --- [main] com.zaxxer.hikari.pool.HikariPool        : HikariPool-1 - Added connection org.postgresql.jdbc.PgConnection@7d2be319
2023-12-04T14:19:59.912+02:00  INFO 9068 --- [main] com.zaxxer.hikari.HikariDataSource       : HikariPool-1 - Start completed.
2023-12-04T14:20:00.145+02:00  INFO 9068 --- [main] o.h.b.i.BytecodeProviderInitiator        : HHH000021: Bytecode provider name : bytebuddy
2023-12-04T14:20:00.828+02:00  INFO 9068 --- [main] o.h.e.t.j.p.i.JtaPlatformInitiator       : HHH000490: Using JtaPlatform implementation: [org.hibernate.engine.transaction.jta.platform.internal.NoJtaPlatform]
2023-12-04T14:20:00.898+02:00  WARN 9068 --- [main] o.h.engine.jdbc.spi.SqlExceptionHelper   : SQL Warning Code: 0, SQLState: 00000
2023-12-04T14:20:00.898+02:00  WARN 9068 --- [main] o.h.engine.jdbc.spi.SqlExceptionHelper   : constraint "uk_ep3aay8grrnae2o3ixo0fs8i4" of relation "ens-users" does not exist, skipping
2023-12-04T14:20:00.901+02:00  WARN 9068 --- [main] o.h.engine.jdbc.spi.SqlExceptionHelper   : SQL Warning Code: 0, SQLState: 00000
2023-12-04T14:20:00.902+02:00  WARN 9068 --- [main] o.h.engine.jdbc.spi.SqlExceptionHelper   : constraint "uk_38ac0r4xr1xx1o2s8h6nhqjx3" of relation "tg-users" does not exist, skipping
2023-12-04T14:20:00.910+02:00  INFO 9068 --- [main] j.LocalContainerEntityManagerFactoryBean : Initialized JPA EntityManagerFactory for persistence unit 'default'
2023-12-04T14:20:01.204+02:00 DEBUG 9068 --- [main] app.utils.logger.AroundLogger            : EnsUserPasswordEncoderConfiguration$$SpringCGLIB$$0 | Called: passwordEncoder
2023-12-04T14:20:01.206+02:00 TRACE 9068 --- [main] app.utils.logger.AroundLogger            : EnsUserPasswordEncoderConfiguration$$SpringCGLIB$$0 | Executed: passwordEncoder with result: org.springframework.security.crypto.bcrypt.BCryptPasswordEncoder@50c99398
2023-12-04T14:20:01.339+02:00  WARN 9068 --- [main] JpaBaseConfiguration$JpaWebConfiguration : spring.jpa.open-in-view is enabled by default. Therefore, database queries may be performed during view rendering. Explicitly configure spring.jpa.open-in-view to disable this warning
2023-12-04T14:20:01.389+02:00 DEBUG 9068 --- [main] app.utils.logger.AroundLogger            : EnsUserSecurityConfiguration$$SpringCGLIB$$0 | Called: authenticationProvider
2023-12-04T14:20:01.400+02:00 TRACE 9068 --- [main] app.utils.logger.AroundLogger            : EnsUserSecurityConfiguration$$SpringCGLIB$$0 | Executed: authenticationProvider with result: org.springframework.security.authentication.dao.DaoAuthenticationProvider@1fcb01f8
2023-12-04T14:20:01.447+02:00 DEBUG 9068 --- [main] app.utils.logger.AroundLogger            : EnsUserSecurityConfiguration$$SpringCGLIB$$0 | Called: authManager with parameters: [org.springframework.security.config.annotation.web.builders.HttpSecurity@298f7b0a]
2023-12-04T14:20:01.448+02:00 TRACE 9068 --- [main] app.utils.logger.AroundLogger            : EnsUserSecurityConfiguration$$SpringCGLIB$$0 | Executed: authManager with parameters: [org.springframework.security.config.annotation.web.builders.HttpSecurity@298f7b0a] and result: org.springframework.security.authentication.ProviderManager@6442c2dd
2023-12-04T14:20:01.779+02:00 DEBUG 9068 --- [main] app.utils.logger.AroundLogger            : EnsUserSecurityConfiguration$$SpringCGLIB$$0 | Called: securityFilterChain with parameters: [org.springframework.security.config.annotation.web.builders.HttpSecurity@78652c15]
2023-12-04T14:20:01.805+02:00  INFO 9068 --- [main] o.s.s.web.DefaultSecurityFilterChain     : Will secure any request with [org.springframework.security.web.session.DisableEncodeUrlFilter@2296926d, org.springframework.security.web.context.request.async.WebAsyncManagerIntegrationFilter@10ef09e3, org.springframework.security.web.context.SecurityContextHolderFilter@6ce365b7, org.springframework.security.web.header.HeaderWriterFilter@24f8ff82, org.springframework.security.web.authentication.logout.LogoutFilter@2380e8d4, org.springframework.security.web.savedrequest.RequestCacheAwareFilter@6b174aa3, org.springframework.security.web.servletapi.SecurityContextHolderAwareRequestFilter@cc81cb3, org.springframework.security.web.authentication.AnonymousAuthenticationFilter@776d50d6, org.springframework.security.web.session.SessionManagementFilter@35cf7e98, org.springframework.security.web.access.ExceptionTranslationFilter@5cdd5ff9, org.springframework.security.web.access.intercept.AuthorizationFilter@4b158e16]
2023-12-04T14:20:01.805+02:00 TRACE 9068 --- [main] app.utils.logger.AroundLogger            : EnsUserSecurityConfiguration$$SpringCGLIB$$0 | Executed: securityFilterChain with parameters: [org.springframework.security.config.annotation.web.builders.HttpSecurity@78652c15] and result: DefaultSecurityFilterChain [RequestMatcher=any request, Filters=[org.springframework.security.web.session.DisableEncodeUrlFilter@2296926d, org.springframework.security.web.context.request.async.WebAsyncManagerIntegrationFilter@10ef09e3, org.springframework.security.web.context.SecurityContextHolderFilter@6ce365b7, org.springframework.security.web.header.HeaderWriterFilter@24f8ff82, org.springframework.security.web.authentication.logout.LogoutFilter@2380e8d4, org.springframework.security.web.savedrequest.RequestCacheAwareFilter@6b174aa3, org.springframework.security.web.servletapi.SecurityContextHolderAwareRequestFilter@cc81cb3, org.springframework.security.web.authentication.AnonymousAuthenticationFilter@776d50d6, org.springframework.security.web.session.SessionManagementFilter@35cf7e98, org.springframework.security.web.access.ExceptionTranslationFilter@5cdd5ff9, org.springframework.security.web.access.intercept.AuthorizationFilter@4b158e16]]
2023-12-04T14:20:01.816+02:00 DEBUG 9068 --- [main] app.utils.logger.AroundLogger            : NotificationFeignClientConfiguration$$SpringCGLIB$$0 | Called: notificationErrorDecoder
2023-12-04T14:20:01.816+02:00 TRACE 9068 --- [main] app.utils.logger.AroundLogger            : NotificationFeignClientConfiguration$$SpringCGLIB$$0 | Executed: notificationErrorDecoder with result: app.utils.services.notification.feign.NotificationFeignClientErrorDecoder@7227e3f1
2023-12-04T14:20:01.819+02:00 DEBUG 9068 --- [main] app.utils.logger.AroundLogger            : ContactFeignClientConfiguration$$SpringCGLIB$$0 | Called: contactErrorDecoder
2023-12-04T14:20:01.819+02:00 TRACE 9068 --- [main] app.utils.logger.AroundLogger            : ContactFeignClientConfiguration$$SpringCGLIB$$0 | Executed: contactErrorDecoder with result: app.utils.services.contact.feign.ContactFeignClientErrorDecoder@26c7940a
2023-12-04T14:20:01.822+02:00 DEBUG 9068 --- [main] app.utils.logger.AroundLogger            : TelegramFeignClientConfiguration$$SpringCGLIB$$0 | Called: telegramErrorDecoder
2023-12-04T14:20:01.822+02:00 TRACE 9068 --- [main] app.utils.logger.AroundLogger            : TelegramFeignClientConfiguration$$SpringCGLIB$$0 | Executed: telegramErrorDecoder with result: app.utils.services.telegram.feign.TelegramFeignClientErrorDecoder@5e05dd42
2023-12-04T14:20:02.675+02:00  INFO 9068 --- [main] DiscoveryClientOptionalArgsConfiguration : Eureka HTTP Client uses RestTemplate.
2023-12-04T14:20:02.702+02:00  WARN 9068 --- [main] iguration$LoadBalancerCaffeineWarnLogger : Spring Cloud LoadBalancer is currently working with the default cache. While this cache implementation is useful for development and tests, it's recommended to use Caffeine cache in production.You can switch to using Caffeine cache, by adding it and org.springframework.cache.caffeine.CaffeineCacheManager to the classpath.
2023-12-04T14:20:02.715+02:00  INFO 9068 --- [main] o.s.b.a.e.web.EndpointLinksResolver      : Exposing 1 endpoint(s) beneath base path '/actuator'
2023-12-04T14:20:02.807+02:00  INFO 9068 --- [main] o.s.c.n.eureka.InstanceInfoFactory       : Setting initial instance status as: STARTING
2023-12-04T14:20:02.843+02:00  INFO 9068 --- [main] com.netflix.discovery.DiscoveryClient    : Initializing Eureka in region us-east-1
2023-12-04T14:20:02.847+02:00  INFO 9068 --- [main] c.n.d.s.r.aws.ConfigClusterResolver      : Resolving eureka endpoints via configuration
2023-12-04T14:20:02.867+02:00  INFO 9068 --- [main] com.netflix.discovery.DiscoveryClient    : Disable delta property : false
2023-12-04T14:20:02.867+02:00  INFO 9068 --- [main] com.netflix.discovery.DiscoveryClient    : Single vip registry refresh property : null
2023-12-04T14:20:02.867+02:00  INFO 9068 --- [main] com.netflix.discovery.DiscoveryClient    : Force full registry fetch : false
2023-12-04T14:20:02.867+02:00  INFO 9068 --- [main] com.netflix.discovery.DiscoveryClient    : Application is null : false
2023-12-04T14:20:02.867+02:00  INFO 9068 --- [main] com.netflix.discovery.DiscoveryClient    : Registered Applications size is zero : true
2023-12-04T14:20:02.867+02:00  INFO 9068 --- [main] com.netflix.discovery.DiscoveryClient    : Application version is -1: true
2023-12-04T14:20:02.867+02:00  INFO 9068 --- [main] com.netflix.discovery.DiscoveryClient    : Getting all instance registry info from the eureka server
2023-12-04T14:20:03.084+02:00  INFO 9068 --- [main] com.netflix.discovery.DiscoveryClient    : The response status is 200
2023-12-04T14:20:03.086+02:00  INFO 9068 --- [main] com.netflix.discovery.DiscoveryClient    : Starting heartbeat executor: renew interval is: 30
2023-12-04T14:20:03.088+02:00  INFO 9068 --- [main] c.n.discovery.InstanceInfoReplicator     : InstanceInfoReplicator onDemand update allowed rate per min is 4
2023-12-04T14:20:03.094+02:00  INFO 9068 --- [main] com.netflix.discovery.DiscoveryClient    : Discovery Client initialized at timestamp 1701692403094 with initial instances count: 3
2023-12-04T14:20:03.106+02:00  INFO 9068 --- [main] o.s.c.n.e.s.EurekaServiceRegistry        : Registering application SECURITY with eureka with status UP
2023-12-04T14:20:03.106+02:00  INFO 9068 --- [main] com.netflix.discovery.DiscoveryClient    : Saw local status change event StatusChangeEvent [timestamp=1701692403106, current=UP, previous=STARTING]
2023-12-04T14:20:03.108+02:00  INFO 9068 --- [DiscoveryClient-InstanceInfoReplicator-0] com.netflix.discovery.DiscoveryClient    : DiscoveryClient_SECURITY/DESKTOP-AU4D8HT:security:8093: registering service...
2023-12-04T14:20:03.125+02:00  INFO 9068 --- [main] o.s.b.w.embedded.tomcat.TomcatWebServer  : Tomcat started on port(s): 8093 (http) with context path ''
2023-12-04T14:20:03.125+02:00  INFO 9068 --- [main] .s.c.n.e.s.EurekaAutoServiceRegistration : Updating port to 8093
2023-12-04T14:20:03.142+02:00  INFO 9068 --- [DiscoveryClient-InstanceInfoReplicator-0] com.netflix.discovery.DiscoveryClient    : DiscoveryClient_SECURITY/DESKTOP-AU4D8HT:security:8093 - registration status: 204
2023-12-04T14:20:03.254+02:00  INFO 9068 --- [main] app.security.SecurityServer              : Started SecurityServer in 7.998 seconds (process running for 8.849)
2023-12-04T14:20:03.742+02:00  INFO 9068 --- [RMI TCP Connection(2)-26.120.168.72] o.a.c.c.C.[Tomcat].[localhost].[/]       : Initializing Spring DispatcherServlet 'dispatcherServlet'
2023-12-04T14:20:03.743+02:00  INFO 9068 --- [RMI TCP Connection(2)-26.120.168.72] o.s.web.servlet.DispatcherServlet        : Initializing Servlet 'dispatcherServlet'
2023-12-04T14:20:03.745+02:00  INFO 9068 --- [RMI TCP Connection(2)-26.120.168.72] o.s.web.servlet.DispatcherServlet        : Completed initialization in 2 ms
2023-12-04T14:25:02.871+02:00  INFO 9068 --- [AsyncResolver-bootstrap-executor-0] c.n.d.s.r.aws.ConfigClusterResolver      : Resolving eureka endpoints via configuration
2023-12-04T14:26:07.571+02:00 DEBUG 9068 --- [http-nio-8093-exec-1] app.utils.logger.AroundLogger            : TelegramUserController | Called: create with parameters: [eyJhbGciOiJIUzI1NiJ9.eyJzdWIiOiI0MjI5NTY3OTciLCJpYXQiOjE3MDE2OTI3NjcsImV4cCI6MTcwMTY5NjM2N30.P6PLU8x5u7FrjsXXnRzfWgUvZ2x65r4S3lRK74pKIsA]
2023-12-04T14:26:07.571+02:00 DEBUG 9068 --- [http-nio-8093-exec-1] app.utils.logger.AroundLogger            : TelegramUserControllerService | Called: create with parameters: [eyJhbGciOiJIUzI1NiJ9.eyJzdWIiOiI0MjI5NTY3OTciLCJpYXQiOjE3MDE2OTI3NjcsImV4cCI6MTcwMTY5NjM2N30.P6PLU8x5u7FrjsXXnRzfWgUvZ2x65r4S3lRK74pKIsA]
2023-12-04T14:26:07.572+02:00 DEBUG 9068 --- [http-nio-8093-exec-1] app.utils.logger.AroundLogger            : TelegramUserService | Called: create with parameters: [eyJhbGciOiJIUzI1NiJ9.eyJzdWIiOiI0MjI5NTY3OTciLCJpYXQiOjE3MDE2OTI3NjcsImV4cCI6MTcwMTY5NjM2N30.P6PLU8x5u7FrjsXXnRzfWgUvZ2x65r4S3lRK74pKIsA]
2023-12-04T14:26:07.572+02:00 DEBUG 9068 --- [http-nio-8093-exec-1] app.utils.logger.AroundLogger            : TelegramFeignClientService | Called: getChatId with parameters: [eyJhbGciOiJIUzI1NiJ9.eyJzdWIiOiI0MjI5NTY3OTciLCJpYXQiOjE3MDE2OTI3NjcsImV4cCI6MTcwMTY5NjM2N30.P6PLU8x5u7FrjsXXnRzfWgUvZ2x65r4S3lRK74pKIsA]
2023-12-04T14:26:07.572+02:00 DEBUG 9068 --- [http-nio-8093-exec-1] app.utils.logger.AroundLogger            : $Proxy160 | Called: getChatId with parameters: [eyJhbGciOiJIUzI1NiJ9.eyJzdWIiOiI0MjI5NTY3OTciLCJpYXQiOjE3MDE2OTI3NjcsImV4cCI6MTcwMTY5NjM2N30.P6PLU8x5u7FrjsXXnRzfWgUvZ2x65r4S3lRK74pKIsA]
2023-12-04T14:26:07.686+02:00 TRACE 9068 --- [http-nio-8093-exec-1] app.utils.logger.AroundLogger            : $Proxy160 | Executed: getChatId with parameters: [eyJhbGciOiJIUzI1NiJ9.eyJzdWIiOiI0MjI5NTY3OTciLCJpYXQiOjE3MDE2OTI3NjcsImV4cCI6MTcwMTY5NjM2N30.P6PLU8x5u7FrjsXXnRzfWgUvZ2x65r4S3lRK74pKIsA] and result: 422956797
2023-12-04T14:26:07.686+02:00 TRACE 9068 --- [http-nio-8093-exec-1] app.utils.logger.AroundLogger            : TelegramFeignClientService | Executed: getChatId with parameters: [eyJhbGciOiJIUzI1NiJ9.eyJzdWIiOiI0MjI5NTY3OTciLCJpYXQiOjE3MDE2OTI3NjcsImV4cCI6MTcwMTY5NjM2N30.P6PLU8x5u7FrjsXXnRzfWgUvZ2x65r4S3lRK74pKIsA] and result: 422956797
2023-12-04T14:26:07.687+02:00 DEBUG 9068 --- [http-nio-8093-exec-1] a.s.tg_users.model.TelegramUserService   : doesUserExistByChatId called for chatId-422956797
2023-12-04T14:26:07.687+02:00 DEBUG 9068 --- [http-nio-8093-exec-1] app.utils.logger.AroundLogger            : TelegramUserRepositoryService | Called: existsByChatId with parameters: [422956797]
2023-12-04T14:26:07.688+02:00 DEBUG 9068 --- [http-nio-8093-exec-1] app.utils.logger.AroundLogger            : $Proxy156 | Called: existsById with parameters: [422956797]
2023-12-04T14:26:07.903+02:00 TRACE 9068 --- [http-nio-8093-exec-1] app.utils.logger.AroundLogger            : $Proxy156 | Executed: existsById with parameters: [422956797] and result: false
2023-12-04T14:26:07.903+02:00 TRACE 9068 --- [http-nio-8093-exec-1] app.utils.logger.AroundLogger            : TelegramUserRepositoryService | Executed: existsByChatId with parameters: [422956797] and result: false
2023-12-04T14:26:07.903+02:00 TRACE 9068 --- [http-nio-8093-exec-1] a.s.tg_users.model.TelegramUserService   : doesUserExistByChatId executed for user-422956797 with result-false
2023-12-04T14:26:07.903+02:00 DEBUG 9068 --- [http-nio-8093-exec-1] app.utils.logger.AroundLogger            : TelegramUserRepositoryService | Called: save with parameters: [TelegramUser(telegramUserEntity=TelegramUserEntity(anyUserEntity=(AnyUserEntity:accountId=), chatId=422956797))]
2023-12-04T14:26:07.904+02:00 DEBUG 9068 --- [http-nio-8093-exec-1] app.utils.logger.AroundLogger            : $Proxy156 | Called: save with parameters: [TelegramUserEntity(anyUserEntity=(AnyUserEntity:accountId=), chatId=422956797)]
2023-12-04T14:26:07.943+02:00 TRACE 9068 --- [http-nio-8093-exec-1] app.utils.logger.AroundLogger            : $Proxy156 | Executed: save with parameters: [TelegramUserEntity(anyUserEntity=(AnyUserEntity:accountId=), chatId=422956797)] and result: TelegramUserEntity(anyUserEntity=(AnyUserEntity:accountId=802347af-9dee-44de-9800-8b618085acfb), chatId=422956797)
2023-12-04T14:26:07.943+02:00 TRACE 9068 --- [http-nio-8093-exec-1] app.utils.logger.AroundLogger            : TelegramUserRepositoryService | Executed: save with parameters: [TelegramUser(telegramUserEntity=TelegramUserEntity(anyUserEntity=(AnyUserEntity:accountId=), chatId=422956797))] and result: TelegramUser(telegramUserEntity=TelegramUserEntity(anyUserEntity=(AnyUserEntity:accountId=802347af-9dee-44de-9800-8b618085acfb), chatId=422956797))
2023-12-04T14:26:07.943+02:00 DEBUG 9068 --- [http-nio-8093-exec-1] app.utils.logger.AroundLogger            : AbstractUserJwtUtil | Called: generateToken with parameters: [802347af-9dee-44de-9800-8b618085acfb]
2023-12-04T14:26:07.966+02:00 TRACE 9068 --- [http-nio-8093-exec-1] app.utils.logger.AroundLogger            : AbstractUserJwtUtil | Executed: generateToken with parameters: [802347af-9dee-44de-9800-8b618085acfb] and result: eyJhbGciOiJIUzI1NiJ9.eyJzdWIiOiI4MDIzNDdhZi05ZGVlLTQ0ZGUtOTgwMC04YjYxODA4NWFjZmIiLCJpYXQiOjE3MDE2OTI3NjcsImV4cCI6MTcwMTY5NjM2N30.-R2jOFmsXoCrd2vLlr-AivsGJScNyNuAD21HLbSmcy8
2023-12-04T14:26:07.966+02:00 TRACE 9068 --- [http-nio-8093-exec-1] app.utils.logger.AroundLogger            : TelegramUserService | Executed: create with parameters: [eyJhbGciOiJIUzI1NiJ9.eyJzdWIiOiI0MjI5NTY3OTciLCJpYXQiOjE3MDE2OTI3NjcsImV4cCI6MTcwMTY5NjM2N30.P6PLU8x5u7FrjsXXnRzfWgUvZ2x65r4S3lRK74pKIsA] and result: eyJhbGciOiJIUzI1NiJ9.eyJzdWIiOiI4MDIzNDdhZi05ZGVlLTQ0ZGUtOTgwMC04YjYxODA4NWFjZmIiLCJpYXQiOjE3MDE2OTI3NjcsImV4cCI6MTcwMTY5NjM2N30.-R2jOFmsXoCrd2vLlr-AivsGJScNyNuAD21HLbSmcy8
2023-12-04T14:26:07.966+02:00 TRACE 9068 --- [http-nio-8093-exec-1] app.utils.logger.AroundLogger            : TelegramUserControllerService | Executed: create with parameters: [eyJhbGciOiJIUzI1NiJ9.eyJzdWIiOiI0MjI5NTY3OTciLCJpYXQiOjE3MDE2OTI3NjcsImV4cCI6MTcwMTY5NjM2N30.P6PLU8x5u7FrjsXXnRzfWgUvZ2x65r4S3lRK74pKIsA] and result: eyJhbGciOiJIUzI1NiJ9.eyJzdWIiOiI4MDIzNDdhZi05ZGVlLTQ0ZGUtOTgwMC04YjYxODA4NWFjZmIiLCJpYXQiOjE3MDE2OTI3NjcsImV4cCI6MTcwMTY5NjM2N30.-R2jOFmsXoCrd2vLlr-AivsGJScNyNuAD21HLbSmcy8
2023-12-04T14:26:07.966+02:00 TRACE 9068 --- [http-nio-8093-exec-1] app.utils.logger.AroundLogger            : TelegramUserController | Executed: create with parameters: [eyJhbGciOiJIUzI1NiJ9.eyJzdWIiOiI0MjI5NTY3OTciLCJpYXQiOjE3MDE2OTI3NjcsImV4cCI6MTcwMTY5NjM2N30.P6PLU8x5u7FrjsXXnRzfWgUvZ2x65r4S3lRK74pKIsA] and result: eyJhbGciOiJIUzI1NiJ9.eyJzdWIiOiI4MDIzNDdhZi05ZGVlLTQ0ZGUtOTgwMC04YjYxODA4NWFjZmIiLCJpYXQiOjE3MDE2OTI3NjcsImV4cCI6MTcwMTY5NjM2N30.-R2jOFmsXoCrd2vLlr-AivsGJScNyNuAD21HLbSmcy8
2023-12-04T14:26:10.134+02:00 DEBUG 9068 --- [http-nio-8093-exec-2] app.utils.logger.AroundLogger            : TelegramUserController | Called: doesUserExists with parameters: [eyJhbGciOiJIUzI1NiJ9.eyJzdWIiOiI0MjI5NTY3OTciLCJpYXQiOjE3MDE2OTI3NjcsImV4cCI6MTcwMTY5NjM2N30.P6PLU8x5u7FrjsXXnRzfWgUvZ2x65r4S3lRK74pKIsA]
2023-12-04T14:26:10.134+02:00 DEBUG 9068 --- [http-nio-8093-exec-2] app.utils.logger.AroundLogger            : TelegramUserControllerService | Called: doesUserExists with parameters: [eyJhbGciOiJIUzI1NiJ9.eyJzdWIiOiI0MjI5NTY3OTciLCJpYXQiOjE3MDE2OTI3NjcsImV4cCI6MTcwMTY5NjM2N30.P6PLU8x5u7FrjsXXnRzfWgUvZ2x65r4S3lRK74pKIsA]
2023-12-04T14:26:10.134+02:00 DEBUG 9068 --- [http-nio-8093-exec-2] app.utils.logger.AroundLogger            : TelegramUserService | Called: doesUserExists with parameters: [eyJhbGciOiJIUzI1NiJ9.eyJzdWIiOiI0MjI5NTY3OTciLCJpYXQiOjE3MDE2OTI3NjcsImV4cCI6MTcwMTY5NjM2N30.P6PLU8x5u7FrjsXXnRzfWgUvZ2x65r4S3lRK74pKIsA]
2023-12-04T14:26:10.134+02:00 DEBUG 9068 --- [http-nio-8093-exec-2] app.utils.logger.AroundLogger            : TelegramFeignClientService | Called: getChatId with parameters: [eyJhbGciOiJIUzI1NiJ9.eyJzdWIiOiI0MjI5NTY3OTciLCJpYXQiOjE3MDE2OTI3NjcsImV4cCI6MTcwMTY5NjM2N30.P6PLU8x5u7FrjsXXnRzfWgUvZ2x65r4S3lRK74pKIsA]
2023-12-04T14:26:10.135+02:00 DEBUG 9068 --- [http-nio-8093-exec-2] app.utils.logger.AroundLogger            : $Proxy160 | Called: getChatId with parameters: [eyJhbGciOiJIUzI1NiJ9.eyJzdWIiOiI0MjI5NTY3OTciLCJpYXQiOjE3MDE2OTI3NjcsImV4cCI6MTcwMTY5NjM2N30.P6PLU8x5u7FrjsXXnRzfWgUvZ2x65r4S3lRK74pKIsA]
2023-12-04T14:26:10.143+02:00 TRACE 9068 --- [http-nio-8093-exec-2] app.utils.logger.AroundLogger            : $Proxy160 | Executed: getChatId with parameters: [eyJhbGciOiJIUzI1NiJ9.eyJzdWIiOiI0MjI5NTY3OTciLCJpYXQiOjE3MDE2OTI3NjcsImV4cCI6MTcwMTY5NjM2N30.P6PLU8x5u7FrjsXXnRzfWgUvZ2x65r4S3lRK74pKIsA] and result: 422956797
2023-12-04T14:26:10.143+02:00 TRACE 9068 --- [http-nio-8093-exec-2] app.utils.logger.AroundLogger            : TelegramFeignClientService | Executed: getChatId with parameters: [eyJhbGciOiJIUzI1NiJ9.eyJzdWIiOiI0MjI5NTY3OTciLCJpYXQiOjE3MDE2OTI3NjcsImV4cCI6MTcwMTY5NjM2N30.P6PLU8x5u7FrjsXXnRzfWgUvZ2x65r4S3lRK74pKIsA] and result: 422956797
2023-12-04T14:26:10.143+02:00 DEBUG 9068 --- [http-nio-8093-exec-2] a.s.tg_users.model.TelegramUserService   : doesUserExistByChatId called for chatId-422956797
2023-12-04T14:26:10.143+02:00 DEBUG 9068 --- [http-nio-8093-exec-2] app.utils.logger.AroundLogger            : TelegramUserRepositoryService | Called: existsByChatId with parameters: [422956797]
2023-12-04T14:26:10.143+02:00 DEBUG 9068 --- [http-nio-8093-exec-2] app.utils.logger.AroundLogger            : $Proxy156 | Called: existsById with parameters: [422956797]
2023-12-04T14:26:10.145+02:00 TRACE 9068 --- [http-nio-8093-exec-2] app.utils.logger.AroundLogger            : $Proxy156 | Executed: existsById with parameters: [422956797] and result: true
2023-12-04T14:26:10.145+02:00 TRACE 9068 --- [http-nio-8093-exec-2] app.utils.logger.AroundLogger            : TelegramUserRepositoryService | Executed: existsByChatId with parameters: [422956797] and result: true
2023-12-04T14:26:10.145+02:00 TRACE 9068 --- [http-nio-8093-exec-2] a.s.tg_users.model.TelegramUserService   : doesUserExistByChatId executed for user-422956797 with result-true
2023-12-04T14:26:10.145+02:00 TRACE 9068 --- [http-nio-8093-exec-2] app.utils.logger.AroundLogger            : TelegramUserService | Executed: doesUserExists with parameters: [eyJhbGciOiJIUzI1NiJ9.eyJzdWIiOiI0MjI5NTY3OTciLCJpYXQiOjE3MDE2OTI3NjcsImV4cCI6MTcwMTY5NjM2N30.P6PLU8x5u7FrjsXXnRzfWgUvZ2x65r4S3lRK74pKIsA] and result: true
2023-12-04T14:26:10.145+02:00 TRACE 9068 --- [http-nio-8093-exec-2] app.utils.logger.AroundLogger            : TelegramUserControllerService | Executed: doesUserExists with parameters: [eyJhbGciOiJIUzI1NiJ9.eyJzdWIiOiI0MjI5NTY3OTciLCJpYXQiOjE3MDE2OTI3NjcsImV4cCI6MTcwMTY5NjM2N30.P6PLU8x5u7FrjsXXnRzfWgUvZ2x65r4S3lRK74pKIsA] and result: true
2023-12-04T14:26:10.145+02:00 TRACE 9068 --- [http-nio-8093-exec-2] app.utils.logger.AroundLogger            : TelegramUserController | Executed: doesUserExists with parameters: [eyJhbGciOiJIUzI1NiJ9.eyJzdWIiOiI0MjI5NTY3OTciLCJpYXQiOjE3MDE2OTI3NjcsImV4cCI6MTcwMTY5NjM2N30.P6PLU8x5u7FrjsXXnRzfWgUvZ2x65r4S3lRK74pKIsA] and result: true
2023-12-04T14:26:15.770+02:00 DEBUG 9068 --- [http-nio-8093-exec-3] app.utils.logger.AroundLogger            : AbstractUserController | Called: getAccountId with parameters: [eyJhbGciOiJIUzI1NiJ9.eyJzdWIiOiI4MDIzNDdhZi05ZGVlLTQ0ZGUtOTgwMC04YjYxODA4NWFjZmIiLCJpYXQiOjE3MDE2OTI3NjcsImV4cCI6MTcwMTY5NjM2N30.-R2jOFmsXoCrd2vLlr-AivsGJScNyNuAD21HLbSmcy8]
2023-12-04T14:26:15.770+02:00 DEBUG 9068 --- [http-nio-8093-exec-3] app.utils.logger.AroundLogger            : AbstractUserControllerService | Called: getAccountId with parameters: [eyJhbGciOiJIUzI1NiJ9.eyJzdWIiOiI4MDIzNDdhZi05ZGVlLTQ0ZGUtOTgwMC04YjYxODA4NWFjZmIiLCJpYXQiOjE3MDE2OTI3NjcsImV4cCI6MTcwMTY5NjM2N30.-R2jOFmsXoCrd2vLlr-AivsGJScNyNuAD21HLbSmcy8]
2023-12-04T14:26:15.770+02:00 DEBUG 9068 --- [http-nio-8093-exec-3] app.utils.logger.AroundLogger            : AbstractUserJwtUtil | Called: extractAccountId with parameters: [eyJhbGciOiJIUzI1NiJ9.eyJzdWIiOiI4MDIzNDdhZi05ZGVlLTQ0ZGUtOTgwMC04YjYxODA4NWFjZmIiLCJpYXQiOjE3MDE2OTI3NjcsImV4cCI6MTcwMTY5NjM2N30.-R2jOFmsXoCrd2vLlr-AivsGJScNyNuAD21HLbSmcy8]
2023-12-04T14:26:15.781+02:00 TRACE 9068 --- [http-nio-8093-exec-3] app.utils.logger.AroundLogger            : AbstractUserJwtUtil | Executed: extractAccountId with parameters: [eyJhbGciOiJIUzI1NiJ9.eyJzdWIiOiI4MDIzNDdhZi05ZGVlLTQ0ZGUtOTgwMC04YjYxODA4NWFjZmIiLCJpYXQiOjE3MDE2OTI3NjcsImV4cCI6MTcwMTY5NjM2N30.-R2jOFmsXoCrd2vLlr-AivsGJScNyNuAD21HLbSmcy8] and result: 802347af-9dee-44de-9800-8b618085acfb
2023-12-04T14:26:15.781+02:00 TRACE 9068 --- [http-nio-8093-exec-3] app.utils.logger.AroundLogger            : AbstractUserControllerService | Executed: getAccountId with parameters: [eyJhbGciOiJIUzI1NiJ9.eyJzdWIiOiI4MDIzNDdhZi05ZGVlLTQ0ZGUtOTgwMC04YjYxODA4NWFjZmIiLCJpYXQiOjE3MDE2OTI3NjcsImV4cCI6MTcwMTY5NjM2N30.-R2jOFmsXoCrd2vLlr-AivsGJScNyNuAD21HLbSmcy8] and result: 802347af-9dee-44de-9800-8b618085acfb
2023-12-04T14:26:15.782+02:00 TRACE 9068 --- [http-nio-8093-exec-3] app.utils.logger.AroundLogger            : AbstractUserController | Executed: getAccountId with parameters: [eyJhbGciOiJIUzI1NiJ9.eyJzdWIiOiI4MDIzNDdhZi05ZGVlLTQ0ZGUtOTgwMC04YjYxODA4NWFjZmIiLCJpYXQiOjE3MDE2OTI3NjcsImV4cCI6MTcwMTY5NjM2N30.-R2jOFmsXoCrd2vLlr-AivsGJScNyNuAD21HLbSmcy8] and result: 802347af-9dee-44de-9800-8b618085acfb
2023-12-04T14:26:18.062+02:00 DEBUG 9068 --- [http-nio-8093-exec-4] app.utils.logger.AroundLogger            : TelegramUserController | Called: doesUserExists with parameters: [eyJhbGciOiJIUzI1NiJ9.eyJzdWIiOiI0MjI5NTY3OTciLCJpYXQiOjE3MDE2OTI3NjcsImV4cCI6MTcwMTY5NjM2N30.P6PLU8x5u7FrjsXXnRzfWgUvZ2x65r4S3lRK74pKIsA]
2023-12-04T14:26:18.062+02:00 DEBUG 9068 --- [http-nio-8093-exec-4] app.utils.logger.AroundLogger            : TelegramUserControllerService | Called: doesUserExists with parameters: [eyJhbGciOiJIUzI1NiJ9.eyJzdWIiOiI0MjI5NTY3OTciLCJpYXQiOjE3MDE2OTI3NjcsImV4cCI6MTcwMTY5NjM2N30.P6PLU8x5u7FrjsXXnRzfWgUvZ2x65r4S3lRK74pKIsA]
2023-12-04T14:26:18.063+02:00 DEBUG 9068 --- [http-nio-8093-exec-4] app.utils.logger.AroundLogger            : TelegramUserService | Called: doesUserExists with parameters: [eyJhbGciOiJIUzI1NiJ9.eyJzdWIiOiI0MjI5NTY3OTciLCJpYXQiOjE3MDE2OTI3NjcsImV4cCI6MTcwMTY5NjM2N30.P6PLU8x5u7FrjsXXnRzfWgUvZ2x65r4S3lRK74pKIsA]
2023-12-04T14:26:18.063+02:00 DEBUG 9068 --- [http-nio-8093-exec-4] app.utils.logger.AroundLogger            : TelegramFeignClientService | Called: getChatId with parameters: [eyJhbGciOiJIUzI1NiJ9.eyJzdWIiOiI0MjI5NTY3OTciLCJpYXQiOjE3MDE2OTI3NjcsImV4cCI6MTcwMTY5NjM2N30.P6PLU8x5u7FrjsXXnRzfWgUvZ2x65r4S3lRK74pKIsA]
2023-12-04T14:26:18.063+02:00 DEBUG 9068 --- [http-nio-8093-exec-4] app.utils.logger.AroundLogger            : $Proxy160 | Called: getChatId with parameters: [eyJhbGciOiJIUzI1NiJ9.eyJzdWIiOiI0MjI5NTY3OTciLCJpYXQiOjE3MDE2OTI3NjcsImV4cCI6MTcwMTY5NjM2N30.P6PLU8x5u7FrjsXXnRzfWgUvZ2x65r4S3lRK74pKIsA]
2023-12-04T14:26:18.072+02:00 TRACE 9068 --- [http-nio-8093-exec-4] app.utils.logger.AroundLogger            : $Proxy160 | Executed: getChatId with parameters: [eyJhbGciOiJIUzI1NiJ9.eyJzdWIiOiI0MjI5NTY3OTciLCJpYXQiOjE3MDE2OTI3NjcsImV4cCI6MTcwMTY5NjM2N30.P6PLU8x5u7FrjsXXnRzfWgUvZ2x65r4S3lRK74pKIsA] and result: 422956797
2023-12-04T14:26:18.072+02:00 TRACE 9068 --- [http-nio-8093-exec-4] app.utils.logger.AroundLogger            : TelegramFeignClientService | Executed: getChatId with parameters: [eyJhbGciOiJIUzI1NiJ9.eyJzdWIiOiI0MjI5NTY3OTciLCJpYXQiOjE3MDE2OTI3NjcsImV4cCI6MTcwMTY5NjM2N30.P6PLU8x5u7FrjsXXnRzfWgUvZ2x65r4S3lRK74pKIsA] and result: 422956797
2023-12-04T14:26:18.072+02:00 DEBUG 9068 --- [http-nio-8093-exec-4] a.s.tg_users.model.TelegramUserService   : doesUserExistByChatId called for chatId-422956797
2023-12-04T14:26:18.072+02:00 DEBUG 9068 --- [http-nio-8093-exec-4] app.utils.logger.AroundLogger            : TelegramUserRepositoryService | Called: existsByChatId with parameters: [422956797]
2023-12-04T14:26:18.072+02:00 DEBUG 9068 --- [http-nio-8093-exec-4] app.utils.logger.AroundLogger            : $Proxy156 | Called: existsById with parameters: [422956797]
2023-12-04T14:26:18.074+02:00 TRACE 9068 --- [http-nio-8093-exec-4] app.utils.logger.AroundLogger            : $Proxy156 | Executed: existsById with parameters: [422956797] and result: true
2023-12-04T14:26:18.074+02:00 TRACE 9068 --- [http-nio-8093-exec-4] app.utils.logger.AroundLogger            : TelegramUserRepositoryService | Executed: existsByChatId with parameters: [422956797] and result: true
2023-12-04T14:26:18.074+02:00 TRACE 9068 --- [http-nio-8093-exec-4] a.s.tg_users.model.TelegramUserService   : doesUserExistByChatId executed for user-422956797 with result-true
2023-12-04T14:26:18.074+02:00 TRACE 9068 --- [http-nio-8093-exec-4] app.utils.logger.AroundLogger            : TelegramUserService | Executed: doesUserExists with parameters: [eyJhbGciOiJIUzI1NiJ9.eyJzdWIiOiI0MjI5NTY3OTciLCJpYXQiOjE3MDE2OTI3NjcsImV4cCI6MTcwMTY5NjM2N30.P6PLU8x5u7FrjsXXnRzfWgUvZ2x65r4S3lRK74pKIsA] and result: true
2023-12-04T14:26:18.074+02:00 TRACE 9068 --- [http-nio-8093-exec-4] app.utils.logger.AroundLogger            : TelegramUserControllerService | Executed: doesUserExists with parameters: [eyJhbGciOiJIUzI1NiJ9.eyJzdWIiOiI0MjI5NTY3OTciLCJpYXQiOjE3MDE2OTI3NjcsImV4cCI6MTcwMTY5NjM2N30.P6PLU8x5u7FrjsXXnRzfWgUvZ2x65r4S3lRK74pKIsA] and result: true
2023-12-04T14:26:18.074+02:00 TRACE 9068 --- [http-nio-8093-exec-4] app.utils.logger.AroundLogger            : TelegramUserController | Executed: doesUserExists with parameters: [eyJhbGciOiJIUzI1NiJ9.eyJzdWIiOiI0MjI5NTY3OTciLCJpYXQiOjE3MDE2OTI3NjcsImV4cCI6MTcwMTY5NjM2N30.P6PLU8x5u7FrjsXXnRzfWgUvZ2x65r4S3lRK74pKIsA] and result: true
2023-12-04T14:26:18.869+02:00 DEBUG 9068 --- [http-nio-8093-exec-5] app.utils.logger.AroundLogger            : AbstractUserController | Called: getAccountId with parameters: [eyJhbGciOiJIUzI1NiJ9.eyJzdWIiOiI4MDIzNDdhZi05ZGVlLTQ0ZGUtOTgwMC04YjYxODA4NWFjZmIiLCJpYXQiOjE3MDE2OTI3NjcsImV4cCI6MTcwMTY5NjM2N30.-R2jOFmsXoCrd2vLlr-AivsGJScNyNuAD21HLbSmcy8]
2023-12-04T14:26:18.869+02:00 DEBUG 9068 --- [http-nio-8093-exec-5] app.utils.logger.AroundLogger            : AbstractUserControllerService | Called: getAccountId with parameters: [eyJhbGciOiJIUzI1NiJ9.eyJzdWIiOiI4MDIzNDdhZi05ZGVlLTQ0ZGUtOTgwMC04YjYxODA4NWFjZmIiLCJpYXQiOjE3MDE2OTI3NjcsImV4cCI6MTcwMTY5NjM2N30.-R2jOFmsXoCrd2vLlr-AivsGJScNyNuAD21HLbSmcy8]
2023-12-04T14:26:18.869+02:00 DEBUG 9068 --- [http-nio-8093-exec-5] app.utils.logger.AroundLogger            : AbstractUserJwtUtil | Called: extractAccountId with parameters: [eyJhbGciOiJIUzI1NiJ9.eyJzdWIiOiI4MDIzNDdhZi05ZGVlLTQ0ZGUtOTgwMC04YjYxODA4NWFjZmIiLCJpYXQiOjE3MDE2OTI3NjcsImV4cCI6MTcwMTY5NjM2N30.-R2jOFmsXoCrd2vLlr-AivsGJScNyNuAD21HLbSmcy8]
2023-12-04T14:26:18.871+02:00 TRACE 9068 --- [http-nio-8093-exec-5] app.utils.logger.AroundLogger            : AbstractUserJwtUtil | Executed: extractAccountId with parameters: [eyJhbGciOiJIUzI1NiJ9.eyJzdWIiOiI4MDIzNDdhZi05ZGVlLTQ0ZGUtOTgwMC04YjYxODA4NWFjZmIiLCJpYXQiOjE3MDE2OTI3NjcsImV4cCI6MTcwMTY5NjM2N30.-R2jOFmsXoCrd2vLlr-AivsGJScNyNuAD21HLbSmcy8] and result: 802347af-9dee-44de-9800-8b618085acfb
2023-12-04T14:26:18.871+02:00 TRACE 9068 --- [http-nio-8093-exec-5] app.utils.logger.AroundLogger            : AbstractUserControllerService | Executed: getAccountId with parameters: [eyJhbGciOiJIUzI1NiJ9.eyJzdWIiOiI4MDIzNDdhZi05ZGVlLTQ0ZGUtOTgwMC04YjYxODA4NWFjZmIiLCJpYXQiOjE3MDE2OTI3NjcsImV4cCI6MTcwMTY5NjM2N30.-R2jOFmsXoCrd2vLlr-AivsGJScNyNuAD21HLbSmcy8] and result: 802347af-9dee-44de-9800-8b618085acfb
2023-12-04T14:26:18.871+02:00 TRACE 9068 --- [http-nio-8093-exec-5] app.utils.logger.AroundLogger            : AbstractUserController | Executed: getAccountId with parameters: [eyJhbGciOiJIUzI1NiJ9.eyJzdWIiOiI4MDIzNDdhZi05ZGVlLTQ0ZGUtOTgwMC04YjYxODA4NWFjZmIiLCJpYXQiOjE3MDE2OTI3NjcsImV4cCI6MTcwMTY5NjM2N30.-R2jOFmsXoCrd2vLlr-AivsGJScNyNuAD21HLbSmcy8] and result: 802347af-9dee-44de-9800-8b618085acfb
2023-12-04T14:26:18.995+02:00 DEBUG 9068 --- [http-nio-8093-exec-6] app.utils.logger.AroundLogger            : AbstractUserController | Called: getAccountId with parameters: [eyJhbGciOiJIUzI1NiJ9.eyJzdWIiOiI4MDIzNDdhZi05ZGVlLTQ0ZGUtOTgwMC04YjYxODA4NWFjZmIiLCJpYXQiOjE3MDE2OTI3NjcsImV4cCI6MTcwMTY5NjM2N30.-R2jOFmsXoCrd2vLlr-AivsGJScNyNuAD21HLbSmcy8]
2023-12-04T14:26:18.995+02:00 DEBUG 9068 --- [http-nio-8093-exec-6] app.utils.logger.AroundLogger            : AbstractUserControllerService | Called: getAccountId with parameters: [eyJhbGciOiJIUzI1NiJ9.eyJzdWIiOiI4MDIzNDdhZi05ZGVlLTQ0ZGUtOTgwMC04YjYxODA4NWFjZmIiLCJpYXQiOjE3MDE2OTI3NjcsImV4cCI6MTcwMTY5NjM2N30.-R2jOFmsXoCrd2vLlr-AivsGJScNyNuAD21HLbSmcy8]
2023-12-04T14:26:18.995+02:00 DEBUG 9068 --- [http-nio-8093-exec-6] app.utils.logger.AroundLogger            : AbstractUserJwtUtil | Called: extractAccountId with parameters: [eyJhbGciOiJIUzI1NiJ9.eyJzdWIiOiI4MDIzNDdhZi05ZGVlLTQ0ZGUtOTgwMC04YjYxODA4NWFjZmIiLCJpYXQiOjE3MDE2OTI3NjcsImV4cCI6MTcwMTY5NjM2N30.-R2jOFmsXoCrd2vLlr-AivsGJScNyNuAD21HLbSmcy8]
2023-12-04T14:26:18.997+02:00 TRACE 9068 --- [http-nio-8093-exec-6] app.utils.logger.AroundLogger            : AbstractUserJwtUtil | Executed: extractAccountId with parameters: [eyJhbGciOiJIUzI1NiJ9.eyJzdWIiOiI4MDIzNDdhZi05ZGVlLTQ0ZGUtOTgwMC04YjYxODA4NWFjZmIiLCJpYXQiOjE3MDE2OTI3NjcsImV4cCI6MTcwMTY5NjM2N30.-R2jOFmsXoCrd2vLlr-AivsGJScNyNuAD21HLbSmcy8] and result: 802347af-9dee-44de-9800-8b618085acfb
2023-12-04T14:26:18.997+02:00 TRACE 9068 --- [http-nio-8093-exec-6] app.utils.logger.AroundLogger            : AbstractUserControllerService | Executed: getAccountId with parameters: [eyJhbGciOiJIUzI1NiJ9.eyJzdWIiOiI4MDIzNDdhZi05ZGVlLTQ0ZGUtOTgwMC04YjYxODA4NWFjZmIiLCJpYXQiOjE3MDE2OTI3NjcsImV4cCI6MTcwMTY5NjM2N30.-R2jOFmsXoCrd2vLlr-AivsGJScNyNuAD21HLbSmcy8] and result: 802347af-9dee-44de-9800-8b618085acfb
2023-12-04T14:26:18.997+02:00 TRACE 9068 --- [http-nio-8093-exec-6] app.utils.logger.AroundLogger            : AbstractUserController | Executed: getAccountId with parameters: [eyJhbGciOiJIUzI1NiJ9.eyJzdWIiOiI4MDIzNDdhZi05ZGVlLTQ0ZGUtOTgwMC04YjYxODA4NWFjZmIiLCJpYXQiOjE3MDE2OTI3NjcsImV4cCI6MTcwMTY5NjM2N30.-R2jOFmsXoCrd2vLlr-AivsGJScNyNuAD21HLbSmcy8] and result: 802347af-9dee-44de-9800-8b618085acfb
2023-12-04T14:26:19.029+02:00 DEBUG 9068 --- [http-nio-8093-exec-7] app.utils.logger.AroundLogger            : TelegramUserController | Called: getAccountInfo with parameters: [eyJhbGciOiJIUzI1NiJ9.eyJzdWIiOiI0MjI5NTY3OTciLCJpYXQiOjE3MDE2OTI3NjcsImV4cCI6MTcwMTY5NjM2N30.P6PLU8x5u7FrjsXXnRzfWgUvZ2x65r4S3lRK74pKIsA]
2023-12-04T14:26:19.029+02:00 DEBUG 9068 --- [http-nio-8093-exec-7] app.utils.logger.AroundLogger            : TelegramUserControllerService | Called: getAccountInfo with parameters: [eyJhbGciOiJIUzI1NiJ9.eyJzdWIiOiI0MjI5NTY3OTciLCJpYXQiOjE3MDE2OTI3NjcsImV4cCI6MTcwMTY5NjM2N30.P6PLU8x5u7FrjsXXnRzfWgUvZ2x65r4S3lRK74pKIsA]
2023-12-04T14:26:19.029+02:00 DEBUG 9068 --- [http-nio-8093-exec-7] app.utils.logger.AroundLogger            : TelegramUserService | Called: getAccountInfo with parameters: [eyJhbGciOiJIUzI1NiJ9.eyJzdWIiOiI0MjI5NTY3OTciLCJpYXQiOjE3MDE2OTI3NjcsImV4cCI6MTcwMTY5NjM2N30.P6PLU8x5u7FrjsXXnRzfWgUvZ2x65r4S3lRK74pKIsA]
2023-12-04T14:26:19.029+02:00 DEBUG 9068 --- [http-nio-8093-exec-7] a.s.tg_users.model.TelegramUserService   : getChatId called for telegramToken-eyJhbGciOiJIUzI1NiJ9.eyJzdWIiOiI0MjI5NTY3OTciLCJpYXQiOjE3MDE2OTI3NjcsImV4cCI6MTcwMTY5NjM2N30.P6PLU8x5u7FrjsXXnRzfWgUvZ2x65r4S3lRK74pKIsA
2023-12-04T14:26:19.029+02:00 DEBUG 9068 --- [http-nio-8093-exec-7] app.utils.logger.AroundLogger            : TelegramFeignClientService | Called: getChatId with parameters: [eyJhbGciOiJIUzI1NiJ9.eyJzdWIiOiI0MjI5NTY3OTciLCJpYXQiOjE3MDE2OTI3NjcsImV4cCI6MTcwMTY5NjM2N30.P6PLU8x5u7FrjsXXnRzfWgUvZ2x65r4S3lRK74pKIsA]
2023-12-04T14:26:19.029+02:00 DEBUG 9068 --- [http-nio-8093-exec-7] app.utils.logger.AroundLogger            : $Proxy160 | Called: getChatId with parameters: [eyJhbGciOiJIUzI1NiJ9.eyJzdWIiOiI0MjI5NTY3OTciLCJpYXQiOjE3MDE2OTI3NjcsImV4cCI6MTcwMTY5NjM2N30.P6PLU8x5u7FrjsXXnRzfWgUvZ2x65r4S3lRK74pKIsA]
2023-12-04T14:26:19.036+02:00 TRACE 9068 --- [http-nio-8093-exec-7] app.utils.logger.AroundLogger            : $Proxy160 | Executed: getChatId with parameters: [eyJhbGciOiJIUzI1NiJ9.eyJzdWIiOiI0MjI5NTY3OTciLCJpYXQiOjE3MDE2OTI3NjcsImV4cCI6MTcwMTY5NjM2N30.P6PLU8x5u7FrjsXXnRzfWgUvZ2x65r4S3lRK74pKIsA] and result: 422956797
2023-12-04T14:26:19.037+02:00 TRACE 9068 --- [http-nio-8093-exec-7] app.utils.logger.AroundLogger            : TelegramFeignClientService | Executed: getChatId with parameters: [eyJhbGciOiJIUzI1NiJ9.eyJzdWIiOiI0MjI5NTY3OTciLCJpYXQiOjE3MDE2OTI3NjcsImV4cCI6MTcwMTY5NjM2N30.P6PLU8x5u7FrjsXXnRzfWgUvZ2x65r4S3lRK74pKIsA] and result: 422956797
2023-12-04T14:26:19.037+02:00 TRACE 9068 --- [http-nio-8093-exec-7] a.s.tg_users.model.TelegramUserService   : getChatId executed for telegramToken-eyJhbGciOiJIUzI1NiJ9.eyJzdWIiOiI0MjI5NTY3OTciLCJpYXQiOjE3MDE2OTI3NjcsImV4cCI6MTcwMTY5NjM2N30.P6PLU8x5u7FrjsXXnRzfWgUvZ2x65r4S3lRK74pKIsA with result-422956797
2023-12-04T14:26:19.037+02:00 DEBUG 9068 --- [http-nio-8093-exec-7] a.s.tg_users.model.TelegramUserService   : getByChatIdOrThrow called for chatId-422956797
2023-12-04T14:26:19.037+02:00 DEBUG 9068 --- [http-nio-8093-exec-7] app.utils.logger.AroundLogger            : TelegramUserRepositoryService | Called: findByChatIdOrThrow with parameters: [422956797]
2023-12-04T14:26:19.038+02:00 DEBUG 9068 --- [http-nio-8093-exec-7] app.utils.logger.AroundLogger            : $Proxy156 | Called: findById with parameters: [422956797]
2023-12-04T14:26:19.044+02:00 TRACE 9068 --- [http-nio-8093-exec-7] app.utils.logger.AroundLogger            : $Proxy156 | Executed: findById with parameters: [422956797] and result: Optional[TelegramUserEntity(anyUserEntity=(AnyUserEntity:accountId=802347af-9dee-44de-9800-8b618085acfb), chatId=422956797)]
2023-12-04T14:26:19.044+02:00 TRACE 9068 --- [http-nio-8093-exec-7] app.utils.logger.AroundLogger            : TelegramUserRepositoryService | Executed: findByChatIdOrThrow with parameters: [422956797] and result: TelegramUser(telegramUserEntity=TelegramUserEntity(anyUserEntity=(AnyUserEntity:accountId=802347af-9dee-44de-9800-8b618085acfb), chatId=422956797))
2023-12-04T14:26:19.044+02:00 TRACE 9068 --- [http-nio-8093-exec-7] a.s.tg_users.model.TelegramUserService   : getByChatIdOrThrow executed for chatId-422956797 with result-TelegramUser(telegramUserEntity=TelegramUserEntity(anyUserEntity=(AnyUserEntity:accountId=802347af-9dee-44de-9800-8b618085acfb), chatId=422956797))
2023-12-04T14:26:19.044+02:00 DEBUG 9068 --- [http-nio-8093-exec-7] app.utils.logger.AroundLogger            : EnsUserService | Called: doesUserExist with parameters: [802347af-9dee-44de-9800-8b618085acfb]
2023-12-04T14:26:19.044+02:00 DEBUG 9068 --- [http-nio-8093-exec-7] app.utils.logger.AroundLogger            : EnsUserRepositoryService | Called: existsByAccountId with parameters: [802347af-9dee-44de-9800-8b618085acfb]
2023-12-04T14:26:19.045+02:00 DEBUG 9068 --- [http-nio-8093-exec-7] app.utils.logger.AroundLogger            : $Proxy153 | Called: existsByAnyUserEntityAccountId with parameters: [802347af-9dee-44de-9800-8b618085acfb]
2023-12-04T14:26:19.057+02:00 TRACE 9068 --- [http-nio-8093-exec-7] app.utils.logger.AroundLogger            : $Proxy153 | Executed: existsByAnyUserEntityAccountId with parameters: [802347af-9dee-44de-9800-8b618085acfb] and result: false
2023-12-04T14:26:19.057+02:00 TRACE 9068 --- [http-nio-8093-exec-7] app.utils.logger.AroundLogger            : EnsUserRepositoryService | Executed: existsByAccountId with parameters: [802347af-9dee-44de-9800-8b618085acfb] and result: false
2023-12-04T14:26:19.058+02:00 TRACE 9068 --- [http-nio-8093-exec-7] app.utils.logger.AroundLogger            : EnsUserService | Executed: doesUserExist with parameters: [802347af-9dee-44de-9800-8b618085acfb] and result: false
2023-12-04T14:26:19.058+02:00 TRACE 9068 --- [http-nio-8093-exec-7] app.utils.logger.AroundLogger            : TelegramUserService | Executed: getAccountInfo with parameters: [eyJhbGciOiJIUzI1NiJ9.eyJzdWIiOiI0MjI5NTY3OTciLCJpYXQiOjE3MDE2OTI3NjcsImV4cCI6MTcwMTY5NjM2N30.P6PLU8x5u7FrjsXXnRzfWgUvZ2x65r4S3lRK74pKIsA] and result: ChatId: 422956797
Username: Not Registered

2023-12-04T14:26:19.058+02:00 TRACE 9068 --- [http-nio-8093-exec-7] app.utils.logger.AroundLogger            : TelegramUserControllerService | Executed: getAccountInfo with parameters: [eyJhbGciOiJIUzI1NiJ9.eyJzdWIiOiI0MjI5NTY3OTciLCJpYXQiOjE3MDE2OTI3NjcsImV4cCI6MTcwMTY5NjM2N30.P6PLU8x5u7FrjsXXnRzfWgUvZ2x65r4S3lRK74pKIsA] and result: ChatId: 422956797
Username: Not Registered

2023-12-04T14:26:19.058+02:00 TRACE 9068 --- [http-nio-8093-exec-7] app.utils.logger.AroundLogger            : TelegramUserController | Executed: getAccountInfo with parameters: [eyJhbGciOiJIUzI1NiJ9.eyJzdWIiOiI0MjI5NTY3OTciLCJpYXQiOjE3MDE2OTI3NjcsImV4cCI6MTcwMTY5NjM2N30.P6PLU8x5u7FrjsXXnRzfWgUvZ2x65r4S3lRK74pKIsA] and result: ChatId: 422956797
Username: Not Registered

2023-12-04T14:26:23.620+02:00  INFO 9068 --- [SpringApplicationShutdownHook] o.s.c.n.e.s.EurekaServiceRegistry        : Unregistering application SECURITY with eureka with status DOWN
2023-12-04T14:26:23.621+02:00  INFO 9068 --- [SpringApplicationShutdownHook] com.netflix.discovery.DiscoveryClient    : Saw local status change event StatusChangeEvent [timestamp=1701692783620, current=DOWN, previous=UP]
2023-12-04T14:26:23.622+02:00  INFO 9068 --- [DiscoveryClient-InstanceInfoReplicator-0] com.netflix.discovery.DiscoveryClient    : DiscoveryClient_SECURITY/DESKTOP-AU4D8HT:security:8093: registering service...
2023-12-04T14:26:23.631+02:00  INFO 9068 --- [DiscoveryClient-InstanceInfoReplicator-0] c.n.d.s.t.d.RedirectingEurekaHttpClient  : Request execution error. endpoint=DefaultEndpoint{ serviceUrl='http://localhost:8761/eureka/} exception=I/O error on POST request for "http://localhost:8761/eureka/apps/SECURITY": Connect to http://localhost:8761 [localhost/127.0.0.1, localhost/0:0:0:0:0:0:0:1] failed: Connection refused: no further information stacktrace=org.springframework.web.client.ResourceAccessException: I/O error on POST request for "http://localhost:8761/eureka/apps/SECURITY": Connect to http://localhost:8761 [localhost/127.0.0.1, localhost/0:0:0:0:0:0:0:1] failed: Connection refused: no further information
	at org.springframework.web.client.RestTemplate.createResourceAccessException(RestTemplate.java:888)
	at org.springframework.web.client.RestTemplate.doExecute(RestTemplate.java:868)
	at org.springframework.web.client.RestTemplate.execute(RestTemplate.java:764)
	at org.springframework.web.client.RestTemplate.exchange(RestTemplate.java:646)
	at org.springframework.cloud.netflix.eureka.http.RestTemplateEurekaHttpClient.register(RestTemplateEurekaHttpClient.java:77)
	at com.netflix.discovery.shared.transport.decorator.EurekaHttpClientDecorator$1.execute(EurekaHttpClientDecorator.java:59)
	at com.netflix.discovery.shared.transport.decorator.RedirectingEurekaHttpClient.execute(RedirectingEurekaHttpClient.java:91)
	at com.netflix.discovery.shared.transport.decorator.EurekaHttpClientDecorator.register(EurekaHttpClientDecorator.java:56)
	at com.netflix.discovery.shared.transport.decorator.EurekaHttpClientDecorator$1.execute(EurekaHttpClientDecorator.java:59)
	at com.netflix.discovery.shared.transport.decorator.RetryableEurekaHttpClient.execute(RetryableEurekaHttpClient.java:120)
	at com.netflix.discovery.shared.transport.decorator.EurekaHttpClientDecorator.register(EurekaHttpClientDecorator.java:56)
	at com.netflix.discovery.shared.transport.decorator.EurekaHttpClientDecorator$1.execute(EurekaHttpClientDecorator.java:59)
	at com.netflix.discovery.shared.transport.decorator.SessionedEurekaHttpClient.execute(SessionedEurekaHttpClient.java:77)
	at com.netflix.discovery.shared.transport.decorator.EurekaHttpClientDecorator.register(EurekaHttpClientDecorator.java:56)
	at com.netflix.discovery.DiscoveryClient.register(DiscoveryClient.java:820)
	at com.netflix.discovery.InstanceInfoReplicator.run(InstanceInfoReplicator.java:121)
	at com.netflix.discovery.InstanceInfoReplicator$1.run(InstanceInfoReplicator.java:101)
	at java.base/java.util.concurrent.Executors$RunnableAdapter.call(Executors.java:577)
	at java.base/java.util.concurrent.FutureTask.run(FutureTask.java:317)
	at java.base/java.util.concurrent.ScheduledThreadPoolExecutor$ScheduledFutureTask.run(ScheduledThreadPoolExecutor.java:304)
	at java.base/java.util.concurrent.ThreadPoolExecutor.runWorker(ThreadPoolExecutor.java:1144)
	at java.base/java.util.concurrent.ThreadPoolExecutor$Worker.run(ThreadPoolExecutor.java:642)
	at java.base/java.lang.Thread.run(Thread.java:1589)
Caused by: org.apache.hc.client5.http.HttpHostConnectException: Connect to http://localhost:8761 [localhost/127.0.0.1, localhost/0:0:0:0:0:0:0:1] failed: Connection refused: no further information
	at java.base/sun.nio.ch.Net.pollConnect(Native Method)
	at java.base/sun.nio.ch.Net.pollConnectNow(Net.java:672)
	at java.base/sun.nio.ch.NioSocketImpl.timedFinishConnect(NioSocketImpl.java:535)
	at java.base/sun.nio.ch.NioSocketImpl.connect(NioSocketImpl.java:585)
	at java.base/java.net.SocksSocketImpl.connect(SocksSocketImpl.java:327)
	at java.base/java.net.Socket.connect(Socket.java:666)
	at org.apache.hc.client5.http.socket.PlainConnectionSocketFactory.lambda$connectSocket$0(PlainConnectionSocketFactory.java:85)
	at java.base/java.security.AccessController.doPrivileged(AccessController.java:569)
	at org.apache.hc.client5.http.socket.PlainConnectionSocketFactory.connectSocket(PlainConnectionSocketFactory.java:84)
	at org.apache.hc.client5.http.socket.ConnectionSocketFactory.connectSocket(ConnectionSocketFactory.java:113)
	at org.apache.hc.client5.http.impl.io.DefaultHttpClientConnectionOperator.connect(DefaultHttpClientConnectionOperator.java:181)
	at org.apache.hc.client5.http.impl.io.PoolingHttpClientConnectionManager.connect(PoolingHttpClientConnectionManager.java:447)
	at org.apache.hc.client5.http.impl.classic.InternalExecRuntime.connectEndpoint(InternalExecRuntime.java:162)
	at org.apache.hc.client5.http.impl.classic.InternalExecRuntime.connectEndpoint(InternalExecRuntime.java:172)
	at org.apache.hc.client5.http.impl.classic.ConnectExec.execute(ConnectExec.java:142)
	at org.apache.hc.client5.http.impl.classic.ExecChainElement.execute(ExecChainElement.java:51)
	at org.apache.hc.client5.http.impl.classic.ProtocolExec.execute(ProtocolExec.java:192)
	at org.apache.hc.client5.http.impl.classic.ExecChainElement.execute(ExecChainElement.java:51)
	at org.apache.hc.client5.http.impl.classic.HttpRequestRetryExec.execute(HttpRequestRetryExec.java:96)
	at org.apache.hc.client5.http.impl.classic.ExecChainElement.execute(ExecChainElement.java:51)
	at org.apache.hc.client5.http.impl.classic.ContentCompressionExec.execute(ContentCompressionExec.java:152)
	at org.apache.hc.client5.http.impl.classic.ExecChainElement.execute(ExecChainElement.java:51)
	at org.apache.hc.client5.http.impl.classic.RedirectExec.execute(RedirectExec.java:115)
	at org.apache.hc.client5.http.impl.classic.ExecChainElement.execute(ExecChainElement.java:51)
	at org.apache.hc.client5.http.impl.classic.InternalHttpClient.doExecute(InternalHttpClient.java:170)
	at org.apache.hc.client5.http.impl.classic.CloseableHttpClient.execute(CloseableHttpClient.java:106)
	at org.apache.hc.client5.http.impl.classic.CloseableHttpClient.execute(CloseableHttpClient.java:55)
	at org.springframework.http.client.HttpComponentsClientHttpRequest.executeInternal(HttpComponentsClientHttpRequest.java:93)
	at org.springframework.http.client.AbstractBufferingClientHttpRequest.executeInternal(AbstractBufferingClientHttpRequest.java:48)
	at org.springframework.http.client.AbstractClientHttpRequest.execute(AbstractClientHttpRequest.java:66)
	at org.springframework.http.client.InterceptingClientHttpRequest$InterceptingRequestExecution.execute(InterceptingClientHttpRequest.java:101)
	at org.springframework.cloud.netflix.eureka.http.RestTemplateTransportClientFactory.lambda$restTemplate$0(RestTemplateTransportClientFactory.java:143)
	at org.springframework.http.client.InterceptingClientHttpRequest$InterceptingRequestExecution.execute(InterceptingClientHttpRequest.java:87)
	at org.springframework.http.client.InterceptingClientHttpRequest.executeInternal(InterceptingClientHttpRequest.java:71)
	at org.springframework.http.client.AbstractBufferingClientHttpRequest.executeInternal(AbstractBufferingClientHttpRequest.java:48)
	at org.springframework.http.client.AbstractClientHttpRequest.execute(AbstractClientHttpRequest.java:66)
	at org.springframework.web.client.RestTemplate.doExecute(RestTemplate.java:862)
	... 21 more

2023-12-04T14:26:23.631+02:00  WARN 9068 --- [DiscoveryClient-InstanceInfoReplicator-0] c.n.d.s.t.d.RetryableEurekaHttpClient    : Request execution failed with message: I/O error on POST request for "http://localhost:8761/eureka/apps/SECURITY": Connect to http://localhost:8761 [localhost/127.0.0.1, localhost/0:0:0:0:0:0:0:1] failed: Connection refused: no further information
2023-12-04T14:26:23.640+02:00  INFO 9068 --- [DiscoveryClient-InstanceInfoReplicator-0] c.n.d.s.t.d.RedirectingEurekaHttpClient  : Request execution error. endpoint=DefaultEndpoint{ serviceUrl='http://localhost:8761/eureka/}, exception=I/O error on POST request for "http://localhost:8761/eureka/apps/SECURITY": Connect to http://localhost:8761 [localhost/127.0.0.1, localhost/0:0:0:0:0:0:0:1] failed: Connection refused: no further information stacktrace=org.springframework.web.client.ResourceAccessException: I/O error on POST request for "http://localhost:8761/eureka/apps/SECURITY": Connect to http://localhost:8761 [localhost/127.0.0.1, localhost/0:0:0:0:0:0:0:1] failed: Connection refused: no further information
	at org.springframework.web.client.RestTemplate.createResourceAccessException(RestTemplate.java:888)
	at org.springframework.web.client.RestTemplate.doExecute(RestTemplate.java:868)
	at org.springframework.web.client.RestTemplate.execute(RestTemplate.java:764)
	at org.springframework.web.client.RestTemplate.exchange(RestTemplate.java:646)
	at org.springframework.cloud.netflix.eureka.http.RestTemplateEurekaHttpClient.register(RestTemplateEurekaHttpClient.java:77)
	at com.netflix.discovery.shared.transport.decorator.EurekaHttpClientDecorator$1.execute(EurekaHttpClientDecorator.java:59)
	at com.netflix.discovery.shared.transport.decorator.RedirectingEurekaHttpClient.executeOnNewServer(RedirectingEurekaHttpClient.java:121)
	at com.netflix.discovery.shared.transport.decorator.RedirectingEurekaHttpClient.execute(RedirectingEurekaHttpClient.java:80)
	at com.netflix.discovery.shared.transport.decorator.EurekaHttpClientDecorator.register(EurekaHttpClientDecorator.java:56)
	at com.netflix.discovery.shared.transport.decorator.EurekaHttpClientDecorator$1.execute(EurekaHttpClientDecorator.java:59)
	at com.netflix.discovery.shared.transport.decorator.RetryableEurekaHttpClient.execute(RetryableEurekaHttpClient.java:120)
	at com.netflix.discovery.shared.transport.decorator.EurekaHttpClientDecorator.register(EurekaHttpClientDecorator.java:56)
	at com.netflix.discovery.shared.transport.decorator.EurekaHttpClientDecorator$1.execute(EurekaHttpClientDecorator.java:59)
	at com.netflix.discovery.shared.transport.decorator.SessionedEurekaHttpClient.execute(SessionedEurekaHttpClient.java:77)
	at com.netflix.discovery.shared.transport.decorator.EurekaHttpClientDecorator.register(EurekaHttpClientDecorator.java:56)
	at com.netflix.discovery.DiscoveryClient.register(DiscoveryClient.java:820)
	at com.netflix.discovery.InstanceInfoReplicator.run(InstanceInfoReplicator.java:121)
	at com.netflix.discovery.InstanceInfoReplicator$1.run(InstanceInfoReplicator.java:101)
	at java.base/java.util.concurrent.Executors$RunnableAdapter.call(Executors.java:577)
	at java.base/java.util.concurrent.FutureTask.run(FutureTask.java:317)
	at java.base/java.util.concurrent.ScheduledThreadPoolExecutor$ScheduledFutureTask.run(ScheduledThreadPoolExecutor.java:304)
	at java.base/java.util.concurrent.ThreadPoolExecutor.runWorker(ThreadPoolExecutor.java:1144)
	at java.base/java.util.concurrent.ThreadPoolExecutor$Worker.run(ThreadPoolExecutor.java:642)
	at java.base/java.lang.Thread.run(Thread.java:1589)
Caused by: org.apache.hc.client5.http.HttpHostConnectException: Connect to http://localhost:8761 [localhost/127.0.0.1, localhost/0:0:0:0:0:0:0:1] failed: Connection refused: no further information
	at java.base/sun.nio.ch.Net.pollConnect(Native Method)
	at java.base/sun.nio.ch.Net.pollConnectNow(Net.java:672)
	at java.base/sun.nio.ch.NioSocketImpl.timedFinishConnect(NioSocketImpl.java:535)
	at java.base/sun.nio.ch.NioSocketImpl.connect(NioSocketImpl.java:585)
	at java.base/java.net.SocksSocketImpl.connect(SocksSocketImpl.java:327)
	at java.base/java.net.Socket.connect(Socket.java:666)
	at org.apache.hc.client5.http.socket.PlainConnectionSocketFactory.lambda$connectSocket$0(PlainConnectionSocketFactory.java:85)
	at java.base/java.security.AccessController.doPrivileged(AccessController.java:569)
	at org.apache.hc.client5.http.socket.PlainConnectionSocketFactory.connectSocket(PlainConnectionSocketFactory.java:84)
	at org.apache.hc.client5.http.socket.ConnectionSocketFactory.connectSocket(ConnectionSocketFactory.java:113)
	at org.apache.hc.client5.http.impl.io.DefaultHttpClientConnectionOperator.connect(DefaultHttpClientConnectionOperator.java:181)
	at org.apache.hc.client5.http.impl.io.PoolingHttpClientConnectionManager.connect(PoolingHttpClientConnectionManager.java:447)
	at org.apache.hc.client5.http.impl.classic.InternalExecRuntime.connectEndpoint(InternalExecRuntime.java:162)
	at org.apache.hc.client5.http.impl.classic.InternalExecRuntime.connectEndpoint(InternalExecRuntime.java:172)
	at org.apache.hc.client5.http.impl.classic.ConnectExec.execute(ConnectExec.java:142)
	at org.apache.hc.client5.http.impl.classic.ExecChainElement.execute(ExecChainElement.java:51)
	at org.apache.hc.client5.http.impl.classic.ProtocolExec.execute(ProtocolExec.java:192)
	at org.apache.hc.client5.http.impl.classic.ExecChainElement.execute(ExecChainElement.java:51)
	at org.apache.hc.client5.http.impl.classic.HttpRequestRetryExec.execute(HttpRequestRetryExec.java:96)
	at org.apache.hc.client5.http.impl.classic.ExecChainElement.execute(ExecChainElement.java:51)
	at org.apache.hc.client5.http.impl.classic.ContentCompressionExec.execute(ContentCompressionExec.java:152)
	at org.apache.hc.client5.http.impl.classic.ExecChainElement.execute(ExecChainElement.java:51)
	at org.apache.hc.client5.http.impl.classic.RedirectExec.execute(RedirectExec.java:115)
	at org.apache.hc.client5.http.impl.classic.ExecChainElement.execute(ExecChainElement.java:51)
	at org.apache.hc.client5.http.impl.classic.InternalHttpClient.doExecute(InternalHttpClient.java:170)
	at org.apache.hc.client5.http.impl.classic.CloseableHttpClient.execute(CloseableHttpClient.java:106)
	at org.apache.hc.client5.http.impl.classic.CloseableHttpClient.execute(CloseableHttpClient.java:55)
	at org.springframework.http.client.HttpComponentsClientHttpRequest.executeInternal(HttpComponentsClientHttpRequest.java:93)
	at org.springframework.http.client.AbstractBufferingClientHttpRequest.executeInternal(AbstractBufferingClientHttpRequest.java:48)
	at org.springframework.http.client.AbstractClientHttpRequest.execute(AbstractClientHttpRequest.java:66)
	at org.springframework.http.client.InterceptingClientHttpRequest$InterceptingRequestExecution.execute(InterceptingClientHttpRequest.java:101)
	at org.springframework.cloud.netflix.eureka.http.RestTemplateTransportClientFactory.lambda$restTemplate$0(RestTemplateTransportClientFactory.java:143)
	at org.springframework.http.client.InterceptingClientHttpRequest$InterceptingRequestExecution.execute(InterceptingClientHttpRequest.java:87)
	at org.springframework.http.client.InterceptingClientHttpRequest.executeInternal(InterceptingClientHttpRequest.java:71)
	at org.springframework.http.client.AbstractBufferingClientHttpRequest.executeInternal(AbstractBufferingClientHttpRequest.java:48)
	at org.springframework.http.client.AbstractClientHttpRequest.execute(AbstractClientHttpRequest.java:66)
	at org.springframework.web.client.RestTemplate.doExecute(RestTemplate.java:862)
	... 22 more

2023-12-04T14:26:23.640+02:00  WARN 9068 --- [DiscoveryClient-InstanceInfoReplicator-0] c.n.d.s.t.d.RetryableEurekaHttpClient    : Request execution failed with message: I/O error on POST request for "http://localhost:8761/eureka/apps/SECURITY": Connect to http://localhost:8761 [localhost/127.0.0.1, localhost/0:0:0:0:0:0:0:1] failed: Connection refused: no further information
2023-12-04T14:26:23.640+02:00  WARN 9068 --- [DiscoveryClient-InstanceInfoReplicator-0] com.netflix.discovery.DiscoveryClient    : DiscoveryClient_SECURITY/DESKTOP-AU4D8HT:security:8093 - registration failed Cannot execute request on any known server

com.netflix.discovery.shared.transport.TransportException: Cannot execute request on any known server
	at com.netflix.discovery.shared.transport.decorator.RetryableEurekaHttpClient.execute(RetryableEurekaHttpClient.java:112) ~[eureka-client-2.0.0.jar:2.0.0]
	at com.netflix.discovery.shared.transport.decorator.EurekaHttpClientDecorator.register(EurekaHttpClientDecorator.java:56) ~[eureka-client-2.0.0.jar:2.0.0]
	at com.netflix.discovery.shared.transport.decorator.EurekaHttpClientDecorator$1.execute(EurekaHttpClientDecorator.java:59) ~[eureka-client-2.0.0.jar:2.0.0]
	at com.netflix.discovery.shared.transport.decorator.SessionedEurekaHttpClient.execute(SessionedEurekaHttpClient.java:77) ~[eureka-client-2.0.0.jar:2.0.0]
	at com.netflix.discovery.shared.transport.decorator.EurekaHttpClientDecorator.register(EurekaHttpClientDecorator.java:56) ~[eureka-client-2.0.0.jar:2.0.0]
	at com.netflix.discovery.DiscoveryClient.register(DiscoveryClient.java:820) ~[eureka-client-2.0.0.jar:2.0.0]
	at com.netflix.discovery.InstanceInfoReplicator.run(InstanceInfoReplicator.java:121) ~[eureka-client-2.0.0.jar:2.0.0]
	at com.netflix.discovery.InstanceInfoReplicator$1.run(InstanceInfoReplicator.java:101) ~[eureka-client-2.0.0.jar:2.0.0]
	at java.base/java.util.concurrent.Executors$RunnableAdapter.call(Executors.java:577) ~[na:na]
	at java.base/java.util.concurrent.FutureTask.run(FutureTask.java:317) ~[na:na]
	at java.base/java.util.concurrent.ScheduledThreadPoolExecutor$ScheduledFutureTask.run(ScheduledThreadPoolExecutor.java:304) ~[na:na]
	at java.base/java.util.concurrent.ThreadPoolExecutor.runWorker(ThreadPoolExecutor.java:1144) ~[na:na]
	at java.base/java.util.concurrent.ThreadPoolExecutor$Worker.run(ThreadPoolExecutor.java:642) ~[na:na]
	at java.base/java.lang.Thread.run(Thread.java:1589) ~[na:na]

2023-12-04T14:26:23.643+02:00  WARN 9068 --- [DiscoveryClient-InstanceInfoReplicator-0] c.n.discovery.InstanceInfoReplicator     : There was a problem with the instance info replicator

com.netflix.discovery.shared.transport.TransportException: Cannot execute request on any known server
	at com.netflix.discovery.shared.transport.decorator.RetryableEurekaHttpClient.execute(RetryableEurekaHttpClient.java:112) ~[eureka-client-2.0.0.jar:2.0.0]
	at com.netflix.discovery.shared.transport.decorator.EurekaHttpClientDecorator.register(EurekaHttpClientDecorator.java:56) ~[eureka-client-2.0.0.jar:2.0.0]
	at com.netflix.discovery.shared.transport.decorator.EurekaHttpClientDecorator$1.execute(EurekaHttpClientDecorator.java:59) ~[eureka-client-2.0.0.jar:2.0.0]
	at com.netflix.discovery.shared.transport.decorator.SessionedEurekaHttpClient.execute(SessionedEurekaHttpClient.java:77) ~[eureka-client-2.0.0.jar:2.0.0]
	at com.netflix.discovery.shared.transport.decorator.EurekaHttpClientDecorator.register(EurekaHttpClientDecorator.java:56) ~[eureka-client-2.0.0.jar:2.0.0]
	at com.netflix.discovery.DiscoveryClient.register(DiscoveryClient.java:820) ~[eureka-client-2.0.0.jar:2.0.0]
	at com.netflix.discovery.InstanceInfoReplicator.run(InstanceInfoReplicator.java:121) ~[eureka-client-2.0.0.jar:2.0.0]
	at com.netflix.discovery.InstanceInfoReplicator$1.run(InstanceInfoReplicator.java:101) ~[eureka-client-2.0.0.jar:2.0.0]
	at java.base/java.util.concurrent.Executors$RunnableAdapter.call(Executors.java:577) ~[na:na]
	at java.base/java.util.concurrent.FutureTask.run(FutureTask.java:317) ~[na:na]
	at java.base/java.util.concurrent.ScheduledThreadPoolExecutor$ScheduledFutureTask.run(ScheduledThreadPoolExecutor.java:304) ~[na:na]
	at java.base/java.util.concurrent.ThreadPoolExecutor.runWorker(ThreadPoolExecutor.java:1144) ~[na:na]
	at java.base/java.util.concurrent.ThreadPoolExecutor$Worker.run(ThreadPoolExecutor.java:642) ~[na:na]
	at java.base/java.lang.Thread.run(Thread.java:1589) ~[na:na]

2023-12-04T14:26:23.652+02:00  INFO 9068 --- [SpringApplicationShutdownHook] j.LocalContainerEntityManagerFactoryBean : Closing JPA EntityManagerFactory for persistence unit 'default'
2023-12-04T14:26:23.654+02:00  INFO 9068 --- [SpringApplicationShutdownHook] com.zaxxer.hikari.HikariDataSource       : HikariPool-1 - Shutdown initiated...
2023-12-04T14:26:23.666+02:00  INFO 9068 --- [SpringApplicationShutdownHook] com.zaxxer.hikari.HikariDataSource       : HikariPool-1 - Shutdown completed.
2023-12-04T14:26:23.667+02:00  INFO 9068 --- [SpringApplicationShutdownHook] com.netflix.discovery.DiscoveryClient    : Shutting down DiscoveryClient ...
2023-12-04T14:26:26.677+02:00  INFO 9068 --- [SpringApplicationShutdownHook] com.netflix.discovery.DiscoveryClient    : Unregistering ...
2023-12-04T14:26:26.681+02:00  INFO 9068 --- [SpringApplicationShutdownHook] c.n.d.s.t.d.RedirectingEurekaHttpClient  : Request execution error. endpoint=DefaultEndpoint{ serviceUrl='http://localhost:8761/eureka/}, exception=I/O error on DELETE request for "http://localhost:8761/eureka/apps/SECURITY/DESKTOP-AU4D8HT:security:8093": Connect to http://localhost:8761 [localhost/127.0.0.1, localhost/0:0:0:0:0:0:0:1] failed: Connection refused: no further information stacktrace=org.springframework.web.client.ResourceAccessException: I/O error on DELETE request for "http://localhost:8761/eureka/apps/SECURITY/DESKTOP-AU4D8HT:security:8093": Connect to http://localhost:8761 [localhost/127.0.0.1, localhost/0:0:0:0:0:0:0:1] failed: Connection refused: no further information
	at org.springframework.web.client.RestTemplate.createResourceAccessException(RestTemplate.java:888)
	at org.springframework.web.client.RestTemplate.doExecute(RestTemplate.java:868)
	at org.springframework.web.client.RestTemplate.execute(RestTemplate.java:764)
	at org.springframework.web.client.RestTemplate.exchange(RestTemplate.java:646)
	at org.springframework.cloud.netflix.eureka.http.RestTemplateEurekaHttpClient.cancel(RestTemplateEurekaHttpClient.java:87)
	at com.netflix.discovery.shared.transport.decorator.EurekaHttpClientDecorator$2.execute(EurekaHttpClientDecorator.java:74)
	at com.netflix.discovery.shared.transport.decorator.RedirectingEurekaHttpClient.executeOnNewServer(RedirectingEurekaHttpClient.java:121)
	at com.netflix.discovery.shared.transport.decorator.RedirectingEurekaHttpClient.execute(RedirectingEurekaHttpClient.java:80)
	at com.netflix.discovery.shared.transport.decorator.EurekaHttpClientDecorator.cancel(EurekaHttpClientDecorator.java:71)
	at com.netflix.discovery.shared.transport.decorator.EurekaHttpClientDecorator$2.execute(EurekaHttpClientDecorator.java:74)
	at com.netflix.discovery.shared.transport.decorator.RetryableEurekaHttpClient.execute(RetryableEurekaHttpClient.java:120)
	at com.netflix.discovery.shared.transport.decorator.EurekaHttpClientDecorator.cancel(EurekaHttpClientDecorator.java:71)
	at com.netflix.discovery.shared.transport.decorator.EurekaHttpClientDecorator$2.execute(EurekaHttpClientDecorator.java:74)
	at com.netflix.discovery.shared.transport.decorator.SessionedEurekaHttpClient.execute(SessionedEurekaHttpClient.java:77)
	at com.netflix.discovery.shared.transport.decorator.EurekaHttpClientDecorator.cancel(EurekaHttpClientDecorator.java:71)
	at com.netflix.discovery.DiscoveryClient.unregister(DiscoveryClient.java:916)
	at com.netflix.discovery.DiscoveryClient.shutdown(DiscoveryClient.java:892)
	at java.base/jdk.internal.reflect.DirectMethodHandleAccessor.invoke(DirectMethodHandleAccessor.java:104)
	at java.base/java.lang.reflect.Method.invoke(Method.java:578)
	at org.springframework.beans.factory.annotation.InitDestroyAnnotationBeanPostProcessor$LifecycleMethod.invoke(InitDestroyAnnotationBeanPostProcessor.java:457)
	at org.springframework.beans.factory.annotation.InitDestroyAnnotationBeanPostProcessor$LifecycleMetadata.invokeDestroyMethods(InitDestroyAnnotationBeanPostProcessor.java:415)
	at org.springframework.beans.factory.annotation.InitDestroyAnnotationBeanPostProcessor.postProcessBeforeDestruction(InitDestroyAnnotationBeanPostProcessor.java:239)
	at org.springframework.beans.factory.support.DisposableBeanAdapter.destroy(DisposableBeanAdapter.java:191)
	at org.springframework.beans.factory.support.DisposableBeanAdapter.run(DisposableBeanAdapter.java:184)
	at org.springframework.cloud.context.scope.GenericScope$BeanLifecycleWrapper.destroy(GenericScope.java:389)
	at org.springframework.cloud.context.scope.GenericScope.destroy(GenericScope.java:136)
	at org.springframework.beans.factory.support.DisposableBeanAdapter.destroy(DisposableBeanAdapter.java:200)
	at org.springframework.beans.factory.support.DefaultSingletonBeanRegistry.destroyBean(DefaultSingletonBeanRegistry.java:587)
	at org.springframework.beans.factory.support.DefaultSingletonBeanRegistry.destroySingleton(DefaultSingletonBeanRegistry.java:559)
	at org.springframework.beans.factory.support.DefaultListableBeanFactory.destroySingleton(DefaultListableBeanFactory.java:1189)
	at org.springframework.beans.factory.support.DefaultSingletonBeanRegistry.destroySingletons(DefaultSingletonBeanRegistry.java:520)
	at org.springframework.beans.factory.support.DefaultListableBeanFactory.destroySingletons(DefaultListableBeanFactory.java:1182)
	at org.springframework.context.support.AbstractApplicationContext.destroyBeans(AbstractApplicationContext.java:1107)
	at org.springframework.context.support.AbstractApplicationContext.doClose(AbstractApplicationContext.java:1076)
	at org.springframework.boot.web.servlet.context.ServletWebServerApplicationContext.doClose(ServletWebServerApplicationContext.java:173)
	at org.springframework.context.support.AbstractApplicationContext.close(AbstractApplicationContext.java:1027)
	at org.springframework.boot.SpringApplicationShutdownHook.closeAndWait(SpringApplicationShutdownHook.java:139)
	at java.base/java.lang.Iterable.forEach(Iterable.java:75)
	at org.springframework.boot.SpringApplicationShutdownHook.run(SpringApplicationShutdownHook.java:108)
	at java.base/java.lang.Thread.run(Thread.java:1589)
Caused by: org.apache.hc.client5.http.HttpHostConnectException: Connect to http://localhost:8761 [localhost/127.0.0.1, localhost/0:0:0:0:0:0:0:1] failed: Connection refused: no further information
	at java.base/sun.nio.ch.Net.pollConnect(Native Method)
	at java.base/sun.nio.ch.Net.pollConnectNow(Net.java:672)
	at java.base/sun.nio.ch.NioSocketImpl.timedFinishConnect(NioSocketImpl.java:535)
	at java.base/sun.nio.ch.NioSocketImpl.connect(NioSocketImpl.java:585)
	at java.base/java.net.SocksSocketImpl.connect(SocksSocketImpl.java:327)
	at java.base/java.net.Socket.connect(Socket.java:666)
	at org.apache.hc.client5.http.socket.PlainConnectionSocketFactory.lambda$connectSocket$0(PlainConnectionSocketFactory.java:85)
	at java.base/java.security.AccessController.doPrivileged(AccessController.java:569)
	at org.apache.hc.client5.http.socket.PlainConnectionSocketFactory.connectSocket(PlainConnectionSocketFactory.java:84)
	at org.apache.hc.client5.http.socket.ConnectionSocketFactory.connectSocket(ConnectionSocketFactory.java:113)
	at org.apache.hc.client5.http.impl.io.DefaultHttpClientConnectionOperator.connect(DefaultHttpClientConnectionOperator.java:181)
	at org.apache.hc.client5.http.impl.io.PoolingHttpClientConnectionManager.connect(PoolingHttpClientConnectionManager.java:447)
	at org.apache.hc.client5.http.impl.classic.InternalExecRuntime.connectEndpoint(InternalExecRuntime.java:162)
	at org.apache.hc.client5.http.impl.classic.InternalExecRuntime.connectEndpoint(InternalExecRuntime.java:172)
	at org.apache.hc.client5.http.impl.classic.ConnectExec.execute(ConnectExec.java:142)
	at org.apache.hc.client5.http.impl.classic.ExecChainElement.execute(ExecChainElement.java:51)
	at org.apache.hc.client5.http.impl.classic.ProtocolExec.execute(ProtocolExec.java:192)
	at org.apache.hc.client5.http.impl.classic.ExecChainElement.execute(ExecChainElement.java:51)
	at org.apache.hc.client5.http.impl.classic.HttpRequestRetryExec.execute(HttpRequestRetryExec.java:96)
	at org.apache.hc.client5.http.impl.classic.ExecChainElement.execute(ExecChainElement.java:51)
	at org.apache.hc.client5.http.impl.classic.ContentCompressionExec.execute(ContentCompressionExec.java:152)
	at org.apache.hc.client5.http.impl.classic.ExecChainElement.execute(ExecChainElement.java:51)
	at org.apache.hc.client5.http.impl.classic.RedirectExec.execute(RedirectExec.java:115)
	at org.apache.hc.client5.http.impl.classic.ExecChainElement.execute(ExecChainElement.java:51)
	at org.apache.hc.client5.http.impl.classic.InternalHttpClient.doExecute(InternalHttpClient.java:170)
	at org.apache.hc.client5.http.impl.classic.CloseableHttpClient.execute(CloseableHttpClient.java:106)
	at org.apache.hc.client5.http.impl.classic.CloseableHttpClient.execute(CloseableHttpClient.java:55)
	at org.springframework.http.client.HttpComponentsClientHttpRequest.executeInternal(HttpComponentsClientHttpRequest.java:93)
	at org.springframework.http.client.AbstractBufferingClientHttpRequest.executeInternal(AbstractBufferingClientHttpRequest.java:48)
	at org.springframework.http.client.AbstractClientHttpRequest.execute(AbstractClientHttpRequest.java:66)
	at org.springframework.http.client.InterceptingClientHttpRequest$InterceptingRequestExecution.execute(InterceptingClientHttpRequest.java:101)
	at org.springframework.cloud.netflix.eureka.http.RestTemplateTransportClientFactory.lambda$restTemplate$0(RestTemplateTransportClientFactory.java:143)
	at org.springframework.http.client.InterceptingClientHttpRequest$InterceptingRequestExecution.execute(InterceptingClientHttpRequest.java:87)
	at org.springframework.http.client.InterceptingClientHttpRequest.executeInternal(InterceptingClientHttpRequest.java:71)
	at org.springframework.http.client.AbstractBufferingClientHttpRequest.executeInternal(AbstractBufferingClientHttpRequest.java:48)
	at org.springframework.http.client.AbstractClientHttpRequest.execute(AbstractClientHttpRequest.java:66)
	at org.springframework.web.client.RestTemplate.doExecute(RestTemplate.java:862)
	... 38 more

2023-12-04T14:26:26.682+02:00  WARN 9068 --- [SpringApplicationShutdownHook] c.n.d.s.t.d.RetryableEurekaHttpClient    : Request execution failed with message: I/O error on DELETE request for "http://localhost:8761/eureka/apps/SECURITY/DESKTOP-AU4D8HT:security:8093": Connect to http://localhost:8761 [localhost/127.0.0.1, localhost/0:0:0:0:0:0:0:1] failed: Connection refused: no further information
2023-12-04T14:26:26.682+02:00 ERROR 9068 --- [SpringApplicationShutdownHook] com.netflix.discovery.DiscoveryClient    : DiscoveryClient_SECURITY/DESKTOP-AU4D8HT:security:8093 - de-registration failedCannot execute request on any known server

com.netflix.discovery.shared.transport.TransportException: Cannot execute request on any known server
	at com.netflix.discovery.shared.transport.decorator.RetryableEurekaHttpClient.execute(RetryableEurekaHttpClient.java:112) ~[eureka-client-2.0.0.jar:2.0.0]
	at com.netflix.discovery.shared.transport.decorator.EurekaHttpClientDecorator.cancel(EurekaHttpClientDecorator.java:71) ~[eureka-client-2.0.0.jar:2.0.0]
	at com.netflix.discovery.shared.transport.decorator.EurekaHttpClientDecorator$2.execute(EurekaHttpClientDecorator.java:74) ~[eureka-client-2.0.0.jar:2.0.0]
	at com.netflix.discovery.shared.transport.decorator.SessionedEurekaHttpClient.execute(SessionedEurekaHttpClient.java:77) ~[eureka-client-2.0.0.jar:2.0.0]
	at com.netflix.discovery.shared.transport.decorator.EurekaHttpClientDecorator.cancel(EurekaHttpClientDecorator.java:71) ~[eureka-client-2.0.0.jar:2.0.0]
	at com.netflix.discovery.DiscoveryClient.unregister(DiscoveryClient.java:916) ~[eureka-client-2.0.0.jar:2.0.0]
	at com.netflix.discovery.DiscoveryClient.shutdown(DiscoveryClient.java:892) ~[eureka-client-2.0.0.jar:2.0.0]
	at java.base/jdk.internal.reflect.DirectMethodHandleAccessor.invoke(DirectMethodHandleAccessor.java:104) ~[na:na]
	at java.base/java.lang.reflect.Method.invoke(Method.java:578) ~[na:na]
	at org.springframework.beans.factory.annotation.InitDestroyAnnotationBeanPostProcessor$LifecycleMethod.invoke(InitDestroyAnnotationBeanPostProcessor.java:457) ~[spring-beans-6.0.11.jar:6.0.11]
	at org.springframework.beans.factory.annotation.InitDestroyAnnotationBeanPostProcessor$LifecycleMetadata.invokeDestroyMethods(InitDestroyAnnotationBeanPostProcessor.java:415) ~[spring-beans-6.0.11.jar:6.0.11]
	at org.springframework.beans.factory.annotation.InitDestroyAnnotationBeanPostProcessor.postProcessBeforeDestruction(InitDestroyAnnotationBeanPostProcessor.java:239) ~[spring-beans-6.0.11.jar:6.0.11]
	at org.springframework.beans.factory.support.DisposableBeanAdapter.destroy(DisposableBeanAdapter.java:191) ~[spring-beans-6.0.11.jar:6.0.11]
	at org.springframework.beans.factory.support.DisposableBeanAdapter.run(DisposableBeanAdapter.java:184) ~[spring-beans-6.0.11.jar:6.0.11]
	at org.springframework.cloud.context.scope.GenericScope$BeanLifecycleWrapper.destroy(GenericScope.java:389) ~[spring-cloud-context-4.0.3.jar:4.0.3]
	at org.springframework.cloud.context.scope.GenericScope.destroy(GenericScope.java:136) ~[spring-cloud-context-4.0.3.jar:4.0.3]
	at org.springframework.beans.factory.support.DisposableBeanAdapter.destroy(DisposableBeanAdapter.java:200) ~[spring-beans-6.0.11.jar:6.0.11]
	at org.springframework.beans.factory.support.DefaultSingletonBeanRegistry.destroyBean(DefaultSingletonBeanRegistry.java:587) ~[spring-beans-6.0.11.jar:6.0.11]
	at org.springframework.beans.factory.support.DefaultSingletonBeanRegistry.destroySingleton(DefaultSingletonBeanRegistry.java:559) ~[spring-beans-6.0.11.jar:6.0.11]
	at org.springframework.beans.factory.support.DefaultListableBeanFactory.destroySingleton(DefaultListableBeanFactory.java:1189) ~[spring-beans-6.0.11.jar:6.0.11]
	at org.springframework.beans.factory.support.DefaultSingletonBeanRegistry.destroySingletons(DefaultSingletonBeanRegistry.java:520) ~[spring-beans-6.0.11.jar:6.0.11]
	at org.springframework.beans.factory.support.DefaultListableBeanFactory.destroySingletons(DefaultListableBeanFactory.java:1182) ~[spring-beans-6.0.11.jar:6.0.11]
	at org.springframework.context.support.AbstractApplicationContext.destroyBeans(AbstractApplicationContext.java:1107) ~[spring-context-6.0.11.jar:6.0.11]
	at org.springframework.context.support.AbstractApplicationContext.doClose(AbstractApplicationContext.java:1076) ~[spring-context-6.0.11.jar:6.0.11]
	at org.springframework.boot.web.servlet.context.ServletWebServerApplicationContext.doClose(ServletWebServerApplicationContext.java:173) ~[spring-boot-3.1.2.jar:3.1.2]
	at org.springframework.context.support.AbstractApplicationContext.close(AbstractApplicationContext.java:1027) ~[spring-context-6.0.11.jar:6.0.11]
	at org.springframework.boot.SpringApplicationShutdownHook.closeAndWait(SpringApplicationShutdownHook.java:139) ~[spring-boot-3.1.2.jar:3.1.2]
	at java.base/java.lang.Iterable.forEach(Iterable.java:75) ~[na:na]
	at org.springframework.boot.SpringApplicationShutdownHook.run(SpringApplicationShutdownHook.java:108) ~[spring-boot-3.1.2.jar:3.1.2]
	at java.base/java.lang.Thread.run(Thread.java:1589) ~[na:na]

2023-12-04T14:26:26.686+02:00  INFO 9068 --- [SpringApplicationShutdownHook] com.netflix.discovery.DiscoveryClient    : Completed shut down of DiscoveryClient
